<?xml version="1.0" encoding="UTF-8" ?>
<testsuites name="Unit — DismaferWeb" tests="67" failures="0" errors="0" time="0.047529249">
    <testsuite name="src/tests/unit/brands.test.ts" timestamp="2026-05-28T16:39:11.470Z" hostname="runnervm3jyl0" tests="9" failures="0" errors="0" skipped="0" time="0.00681783">
        <testcase classname="src/tests/unit/brands.test.ts" name="Brands data &gt; estructura del array &gt; debe tener al menos 5 marcas" time="0.001845503">
        </testcase>
        <testcase classname="src/tests/unit/brands.test.ts" name="Brands data &gt; estructura del array &gt; debe incluir las marcas principales de Dismafer" time="0.001071202">
        </testcase>
        <testcase classname="src/tests/unit/brands.test.ts" name="Brands data &gt; estructura del array &gt; todos los ids deben ser únicos" time="0.000281875">
        </testcase>
        <testcase classname="src/tests/unit/brands.test.ts" name="Brands data &gt; estructura del array &gt; todos los slugs deben ser únicos" time="0.000142885">
        </testcase>
        <testcase classname="src/tests/unit/brands.test.ts" name="Brands data &gt; integridad de campos &gt; cada marca debe tener todos los campos requeridos" time="0.000786723">
        </testcase>
        <testcase classname="src/tests/unit/brands.test.ts" name="Brands data &gt; integridad de campos &gt; los slugs no deben contener espacios ni mayúsculas" time="0.000297957">
        </testcase>
        <testcase classname="src/tests/unit/brands.test.ts" name="Brands data &gt; featuredBrands &gt; featuredBrands debe ser un subconjunto de brands" time="0.000236577">
        </testcase>
        <testcase classname="src/tests/unit/brands.test.ts" name="Brands data &gt; featuredBrands &gt; todas las marcas en featuredBrands deben tener featured=true" time="0.000221457">
        </testcase>
        <testcase classname="src/tests/unit/brands.test.ts" name="Brands data &gt; featuredBrands &gt; Truper debe estar en featuredBrands (marca principal de Dismafer)" time="0.000143022">
        </testcase>
    </testsuite>
    <testsuite name="src/tests/unit/categories.test.ts" timestamp="2026-05-28T16:39:11.473Z" hostname="runnervm3jyl0" tests="12" failures="0" errors="0" skipped="0" time="0.009796854">
        <testcase classname="src/tests/unit/categories.test.ts" name="Categories data &gt; estructura del array &gt; debe tener exactamente 6 categorías" time="0.003571944">
        </testcase>
        <testcase classname="src/tests/unit/categories.test.ts" name="Categories data &gt; estructura del array &gt; debe incluir las 6 categorías requeridas por el negocio" time="0.00074635">
        </testcase>
        <testcase classname="src/tests/unit/categories.test.ts" name="Categories data &gt; estructura del array &gt; todos los slugs deben ser únicos" time="0.000243244">
        </testcase>
        <testcase classname="src/tests/unit/categories.test.ts" name="Categories data &gt; estructura del array &gt; todos los ids deben ser únicos" time="0.000134862">
        </testcase>
        <testcase classname="src/tests/unit/categories.test.ts" name="Categories data &gt; integridad de campos &gt; cada categoría debe tener todos los campos requeridos" time="0.00097434">
        </testcase>
        <testcase classname="src/tests/unit/categories.test.ts" name="Categories data &gt; integridad de campos &gt; los slugs no deben contener espacios ni mayúsculas" time="0.00034419">
        </testcase>
        <testcase classname="src/tests/unit/categories.test.ts" name="Categories data &gt; integridad de campos &gt; las descriptions deben tener al menos 10 caracteres" time="0.000282406">
        </testcase>
        <testcase classname="src/tests/unit/categories.test.ts" name="Categories data &gt; integridad de campos &gt; los colors deben ser clases Tailwind válidas" time="0.00023284">
        </testcase>
        <testcase classname="src/tests/unit/categories.test.ts" name="Categories data &gt; getCategoryBySlug() &gt; debe retornar la categoría correcta para un slug válido" time="0.000238877">
        </testcase>
        <testcase classname="src/tests/unit/categories.test.ts" name="Categories data &gt; getCategoryBySlug() &gt; debe retornar undefined para un slug inexistente" time="0.000121283">
        </testcase>
        <testcase classname="src/tests/unit/categories.test.ts" name="Categories data &gt; getCategoryBySlug() &gt; debe retornar undefined para string vacío" time="0.000095212">
        </testcase>
        <testcase classname="src/tests/unit/categories.test.ts" name="Categories data &gt; getCategoryBySlug() &gt; debe funcionar para cada uno de los 6 slugs válidos" time="0.000329971">
        </testcase>
    </testsuite>
    <testsuite name="src/tests/unit/data-index.test.ts" timestamp="2026-05-28T16:39:11.475Z" hostname="runnervm3jyl0" tests="11" failures="0" errors="0" skipped="0" time="0.005416458">
        <testcase classname="src/tests/unit/data-index.test.ts" name="Data index barrel export &gt; debe exportar siteConfig" time="0.001884815">
        </testcase>
        <testcase classname="src/tests/unit/data-index.test.ts" name="Data index barrel export &gt; debe exportar categories como array" time="0.000270303">
        </testcase>
        <testcase classname="src/tests/unit/data-index.test.ts" name="Data index barrel export &gt; debe exportar getCategoryBySlug como función" time="0.00012998">
        </testcase>
        <testcase classname="src/tests/unit/data-index.test.ts" name="Data index barrel export &gt; debe exportar brands como array" time="0.00014148">
        </testcase>
        <testcase classname="src/tests/unit/data-index.test.ts" name="Data index barrel export &gt; debe exportar featuredBrands como array" time="0.000118332">
        </testcase>
        <testcase classname="src/tests/unit/data-index.test.ts" name="Data index barrel export &gt; debe exportar products como array" time="0.00013425">
        </testcase>
        <testcase classname="src/tests/unit/data-index.test.ts" name="Data index barrel export &gt; debe exportar featuredProducts como array" time="0.000126675">
        </testcase>
        <testcase classname="src/tests/unit/data-index.test.ts" name="Data index barrel export &gt; debe exportar getProductsByCategory como función" time="0.000120702">
        </testcase>
        <testcase classname="src/tests/unit/data-index.test.ts" name="Data index barrel export &gt; debe exportar getProductBySlug como función" time="0.000123654">
        </testcase>
        <testcase classname="src/tests/unit/data-index.test.ts" name="Data index barrel export &gt; consistencia: featuredBrands es subconjunto de brands" time="0.000211902">
        </testcase>
        <testcase classname="src/tests/unit/data-index.test.ts" name="Data index barrel export &gt; consistencia: featuredProducts es subconjunto de products" time="0.000294476">
        </testcase>
    </testsuite>
    <testsuite name="src/tests/unit/products.test.ts" timestamp="2026-05-28T16:39:11.477Z" hostname="runnervm3jyl0" tests="18" failures="0" errors="0" skipped="0" time="0.016936568">
        <testcase classname="src/tests/unit/products.test.ts" name="Products data &gt; estructura del array &gt; debe tener al menos 12 productos" time="0.002467065">
        </testcase>
        <testcase classname="src/tests/unit/products.test.ts" name="Products data &gt; estructura del array &gt; todos los ids deben ser únicos" time="0.000311964">
        </testcase>
        <testcase classname="src/tests/unit/products.test.ts" name="Products data &gt; estructura del array &gt; todos los slugs deben ser únicos" time="0.00020327">
        </testcase>
        <testcase classname="src/tests/unit/products.test.ts" name="Products data &gt; integridad de campos &gt; cada producto debe tener todos los campos requeridos" time="0.003879521">
        </testcase>
        <testcase classname="src/tests/unit/products.test.ts" name="Products data &gt; integridad de campos &gt; los slugs no deben contener espacios" time="0.000880627">
        </testcase>
        <testcase classname="src/tests/unit/products.test.ts" name="Products data &gt; integridad de campos &gt; shortDescription debe ser más corta o igual que description" time="0.000650378">
        </testcase>
        <testcase classname="src/tests/unit/products.test.ts" name="Products data &gt; integridad referencial &gt; todos los categoryId deben referenciar categorías existentes" time="0.001994319">
        </testcase>
        <testcase classname="src/tests/unit/products.test.ts" name="Products data &gt; integridad referencial &gt; todos los brandId deben referenciar marcas existentes" time="0.000360151">
        </testcase>
        <testcase classname="src/tests/unit/products.test.ts" name="Products data &gt; integridad referencial &gt; debe haber al menos 1 producto por categoría" time="0.000341938">
        </testcase>
        <testcase classname="src/tests/unit/products.test.ts" name="Products data &gt; featuredProducts &gt; featuredProducts debe ser un subconjunto de products" time="0.00036">
        </testcase>
        <testcase classname="src/tests/unit/products.test.ts" name="Products data &gt; featuredProducts &gt; todos los featuredProducts deben tener featured=true" time="0.000260462">
        </testcase>
        <testcase classname="src/tests/unit/products.test.ts" name="Products data &gt; featuredProducts &gt; debe haber al menos 1 producto destacado" time="0.000159982">
        </testcase>
        <testcase classname="src/tests/unit/products.test.ts" name="Products data &gt; getProductsByCategory() &gt; debe retornar productos de la categoría correcta" time="0.000319148">
        </testcase>
        <testcase classname="src/tests/unit/products.test.ts" name="Products data &gt; getProductsByCategory() &gt; debe retornar array vacío para categoría inexistente" time="0.001008826">
        </testcase>
        <testcase classname="src/tests/unit/products.test.ts" name="Products data &gt; getProductsByCategory() &gt; todos los productos de herramienta-electrica deben pertenecer a esa categoría" time="0.000250012">
        </testcase>
        <testcase classname="src/tests/unit/products.test.ts" name="Products data &gt; getProductBySlug() &gt; debe retornar el producto correcto para un slug válido" time="0.000326438">
        </testcase>
        <testcase classname="src/tests/unit/products.test.ts" name="Products data &gt; getProductBySlug() &gt; debe retornar undefined para slug inexistente" time="0.000199549">
        </testcase>
        <testcase classname="src/tests/unit/products.test.ts" name="Products data &gt; getProductBySlug() &gt; debe retornar undefined para string vacío" time="0.000217135">
        </testcase>
    </testsuite>
    <testsuite name="src/tests/unit/site.test.ts" timestamp="2026-05-28T16:39:11.480Z" hostname="runnervm3jyl0" tests="17" failures="0" errors="0" skipped="0" time="0.008561539">
        <testcase classname="src/tests/unit/site.test.ts" name="Site config &gt; información básica &gt; debe tener nombre del negocio" time="0.002085607">
        </testcase>
        <testcase classname="src/tests/unit/site.test.ts" name="Site config &gt; información básica &gt; debe tener tagline" time="0.000195982">
        </testcase>
        <testcase classname="src/tests/unit/site.test.ts" name="Site config &gt; información básica &gt; debe tener descripción" time="0.000205836">
        </testcase>
        <testcase classname="src/tests/unit/site.test.ts" name="Site config &gt; información básica &gt; url debe ser una URL válida" time="0.000879054">
        </testcase>
        <testcase classname="src/tests/unit/site.test.ts" name="Site config &gt; información básica &gt; url debe usar https" time="0.000195769">
        </testcase>
        <testcase classname="src/tests/unit/site.test.ts" name="Site config &gt; contacto &gt; debe tener teléfono en formato internacional" time="0.00016983">
        </testcase>
        <testcase classname="src/tests/unit/site.test.ts" name="Site config &gt; contacto &gt; debe tener número de WhatsApp" time="0.000173458">
        </testcase>
        <testcase classname="src/tests/unit/site.test.ts" name="Site config &gt; contacto &gt; whatsappUrl debe apuntar a wa.me" time="0.000123972">
        </testcase>
        <testcase classname="src/tests/unit/site.test.ts" name="Site config &gt; contacto &gt; debe tener dirección completa" time="0.000231082">
        </testcase>
        <testcase classname="src/tests/unit/site.test.ts" name="Site config &gt; contacto &gt; debe tener URL de Google Maps" time="0.000193214">
        </testcase>
        <testcase classname="src/tests/unit/site.test.ts" name="Site config &gt; horarios &gt; debe tener horario de días de semana" time="0.000137113">
        </testcase>
        <testcase classname="src/tests/unit/site.test.ts" name="Site config &gt; horarios &gt; debe tener horario de sábado" time="0.000155993">
        </testcase>
        <testcase classname="src/tests/unit/site.test.ts" name="Site config &gt; horarios &gt; domingo debe indicar cerrado" time="0.000329059">
        </testcase>
        <testcase classname="src/tests/unit/site.test.ts" name="Site config &gt; horarios &gt; horario de semana debe tener formato HH:MM – HH:MM" time="0.000231276">
        </testcase>
        <testcase classname="src/tests/unit/site.test.ts" name="Site config &gt; redes sociales &gt; debe tener URL de Facebook" time="0.000220147">
        </testcase>
        <testcase classname="src/tests/unit/site.test.ts" name="Site config &gt; slogan &gt; debe tener slogan" time="0.000163631">
        </testcase>
        <testcase classname="src/tests/unit/site.test.ts" name="Site config &gt; slogan &gt; el slogan debe mencionar &quot;conseguimos&quot; (promesa de marca)" time="0.000159579">
        </testcase>
    </testsuite>
</testsuites>
