TN:
SF:src/data/brands.ts
FN:31,(anonymous_0)
FNF:1
FNH:1
FNDA:6,(anonymous_0)
DA:3,2
DA:31,6
LF:2
LH:2
BRF:0
BRH:0
end_of_record
TN:
SF:src/data/categories.ts
FN:60,getCategoryBySlug
FN:61,(anonymous_1)
FNF:2
FNH:2
FNDA:9,getCategoryBySlug
FNDA:34,(anonymous_1)
DA:3,2
DA:61,34
LF:2
LH:2
BRF:0
BRH:0
end_of_record
TN:
SF:src/data/index.ts
FNF:0
FNH:0
LF:0
LH:0
BRF:0
BRH:0
end_of_record
TN:
SF:src/data/site.ts
FNF:0
FNH:0
DA:3,2
LF:1
LH:1
BRF:0
BRH:0
end_of_record
TN:
SF:src/types/index.ts
FNF:0
FNH:0
LF:0
LH:0
BRF:0
BRH:0
end_of_record
