<?xml version="1.0" encoding="UTF-8" ?>
<testsuites name="Unit — DismaferWeb" tests="69" failures="0" errors="0" time="0.032063987">
    <testsuite name="src/tests/unit/brands.test.ts" timestamp="2026-05-28T05:21:38.923Z" hostname="runnervm3jyl0" tests="9" failures="0" errors="0" skipped="0" time="0.004343486">
        <testcase classname="src/tests/unit/brands.test.ts" name="Brands data &gt; estructura del array &gt; debe tener al menos 5 marcas" time="0.001527025">
        </testcase>
        <testcase classname="src/tests/unit/brands.test.ts" name="Brands data &gt; estructura del array &gt; debe incluir las marcas principales de Dismafer" time="0.000654843">
        </testcase>
        <testcase classname="src/tests/unit/brands.test.ts" name="Brands data &gt; estructura del array &gt; todos los ids deben ser únicos" time="0.000138259">
        </testcase>
        <testcase classname="src/tests/unit/brands.test.ts" name="Brands data &gt; estructura del array &gt; todos los slugs deben ser únicos" time="0.000064828">
        </testcase>
        <testcase classname="src/tests/unit/brands.test.ts" name="Brands data &gt; integridad de campos &gt; cada marca debe tener todos los campos requeridos" time="0.000412115">
        </testcase>
        <testcase classname="src/tests/unit/brands.test.ts" name="Brands data &gt; integridad de campos &gt; los slugs no deben contener espacios ni mayúsculas" time="0.000147954">
        </testcase>
        <testcase classname="src/tests/unit/brands.test.ts" name="Brands data &gt; featuredBrands &gt; featuredBrands debe ser un subconjunto de brands" time="0.000110178">
        </testcase>
        <testcase classname="src/tests/unit/brands.test.ts" name="Brands data &gt; featuredBrands &gt; todas las marcas en featuredBrands deben tener featured=true" time="0.000083156">
        </testcase>
        <testcase classname="src/tests/unit/brands.test.ts" name="Brands data &gt; featuredBrands &gt; Truper debe estar en featuredBrands (marca principal de Dismafer)" time="0.000059921">
        </testcase>
    </testsuite>
    <testsuite name="src/tests/unit/categories.test.ts" timestamp="2026-05-28T05:21:38.925Z" hostname="runnervm3jyl0" tests="12" failures="0" errors="0" skipped="0" time="0.008654312">
        <testcase classname="src/tests/unit/categories.test.ts" name="Categories data &gt; estructura del array &gt; debe tener exactamente 6 categorías" time="0.002067335">
        </testcase>
        <testcase classname="src/tests/unit/categories.test.ts" name="Categories data &gt; estructura del array &gt; debe incluir las 6 categorías requeridas por el negocio" time="0.000640671">
        </testcase>
        <testcase classname="src/tests/unit/categories.test.ts" name="Categories data &gt; estructura del array &gt; todos los slugs deben ser únicos" time="0.000220895">
        </testcase>
        <testcase classname="src/tests/unit/categories.test.ts" name="Categories data &gt; estructura del array &gt; todos los ids deben ser únicos" time="0.000116777">
        </testcase>
        <testcase classname="src/tests/unit/categories.test.ts" name="Categories data &gt; integridad de campos &gt; cada categoría debe tener todos los campos requeridos" time="0.002688797">
        </testcase>
        <testcase classname="src/tests/unit/categories.test.ts" name="Categories data &gt; integridad de campos &gt; los slugs no deben contener espacios ni mayúsculas" time="0.000224811">
        </testcase>
        <testcase classname="src/tests/unit/categories.test.ts" name="Categories data &gt; integridad de campos &gt; las descriptions deben tener al menos 10 caracteres" time="0.000201065">
        </testcase>
        <testcase classname="src/tests/unit/categories.test.ts" name="Categories data &gt; integridad de campos &gt; los colors deben ser clases Tailwind válidas" time="0.000144319">
        </testcase>
        <testcase classname="src/tests/unit/categories.test.ts" name="Categories data &gt; getCategoryBySlug() &gt; debe retornar la categoría correcta para un slug válido" time="0.000187064">
        </testcase>
        <testcase classname="src/tests/unit/categories.test.ts" name="Categories data &gt; getCategoryBySlug() &gt; debe retornar undefined para un slug inexistente" time="0.000112932">
        </testcase>
        <testcase classname="src/tests/unit/categories.test.ts" name="Categories data &gt; getCategoryBySlug() &gt; debe retornar undefined para string vacío" time="0.000083837">
        </testcase>
        <testcase classname="src/tests/unit/categories.test.ts" name="Categories data &gt; getCategoryBySlug() &gt; debe funcionar para cada uno de los 6 slugs válidos" time="0.000294026">
        </testcase>
    </testsuite>
    <testsuite name="src/tests/unit/data-index.test.ts" timestamp="2026-05-28T05:21:38.926Z" hostname="runnervm3jyl0" tests="11" failures="0" errors="0" skipped="0" time="0.00306631">
        <testcase classname="src/tests/unit/data-index.test.ts" name="Data index barrel export &gt; debe exportar siteConfig" time="0.001143724">
        </testcase>
        <testcase classname="src/tests/unit/data-index.test.ts" name="Data index barrel export &gt; debe exportar categories como array" time="0.000149506">
        </testcase>
        <testcase classname="src/tests/unit/data-index.test.ts" name="Data index barrel export &gt; debe exportar getCategoryBySlug como función" time="0.000062786">
        </testcase>
        <testcase classname="src/tests/unit/data-index.test.ts" name="Data index barrel export &gt; debe exportar brands como array" time="0.000067603">
        </testcase>
        <testcase classname="src/tests/unit/data-index.test.ts" name="Data index barrel export &gt; debe exportar featuredBrands como array" time="0.000077338">
        </testcase>
        <testcase classname="src/tests/unit/data-index.test.ts" name="Data index barrel export &gt; debe exportar products como array" time="0.000062945">
        </testcase>
        <testcase classname="src/tests/unit/data-index.test.ts" name="Data index barrel export &gt; debe exportar featuredProducts como array" time="0.000050937">
        </testcase>
        <testcase classname="src/tests/unit/data-index.test.ts" name="Data index barrel export &gt; debe exportar getProductsByCategory como función" time="0.000049545">
        </testcase>
        <testcase classname="src/tests/unit/data-index.test.ts" name="Data index barrel export &gt; debe exportar getProductBySlug como función" time="0.0000464">
        </testcase>
        <testcase classname="src/tests/unit/data-index.test.ts" name="Data index barrel export &gt; consistencia: featuredBrands es subconjunto de brands" time="0.000098109">
        </testcase>
        <testcase classname="src/tests/unit/data-index.test.ts" name="Data index barrel export &gt; consistencia: featuredProducts es subconjunto de products" time="0.000159912">
        </testcase>
    </testsuite>
    <testsuite name="src/tests/unit/products.test.ts" timestamp="2026-05-28T05:21:38.926Z" hostname="runnervm3jyl0" tests="18" failures="0" errors="0" skipped="0" time="0.010264694">
        <testcase classname="src/tests/unit/products.test.ts" name="Products data &gt; estructura del array &gt; debe tener al menos 12 productos" time="0.001454736">
        </testcase>
        <testcase classname="src/tests/unit/products.test.ts" name="Products data &gt; estructura del array &gt; todos los ids deben ser únicos" time="0.000245001">
        </testcase>
        <testcase classname="src/tests/unit/products.test.ts" name="Products data &gt; estructura del array &gt; todos los slugs deben ser únicos" time="0.000103708">
        </testcase>
        <testcase classname="src/tests/unit/products.test.ts" name="Products data &gt; integridad de campos &gt; cada producto debe tener todos los campos requeridos" time="0.001697493">
        </testcase>
        <testcase classname="src/tests/unit/products.test.ts" name="Products data &gt; integridad de campos &gt; los slugs no deben contener espacios" time="0.000428791">
        </testcase>
        <testcase classname="src/tests/unit/products.test.ts" name="Products data &gt; integridad de campos &gt; shortDescription debe ser más corta o igual que description" time="0.001068781">
        </testcase>
        <testcase classname="src/tests/unit/products.test.ts" name="Products data &gt; integridad referencial &gt; todos los categoryId deben referenciar categorías existentes" time="0.001573606">
        </testcase>
        <testcase classname="src/tests/unit/products.test.ts" name="Products data &gt; integridad referencial &gt; todos los brandId deben referenciar marcas existentes" time="0.000286344">
        </testcase>
        <testcase classname="src/tests/unit/products.test.ts" name="Products data &gt; integridad referencial &gt; debe haber al menos 1 producto por categoría" time="0.000179663">
        </testcase>
        <testcase classname="src/tests/unit/products.test.ts" name="Products data &gt; featuredProducts &gt; featuredProducts debe ser un subconjunto de products" time="0.000160924">
        </testcase>
        <testcase classname="src/tests/unit/products.test.ts" name="Products data &gt; featuredProducts &gt; todos los featuredProducts deben tener featured=true" time="0.000120763">
        </testcase>
        <testcase classname="src/tests/unit/products.test.ts" name="Products data &gt; featuredProducts &gt; debe haber al menos 1 producto destacado" time="0.000067743">
        </testcase>
        <testcase classname="src/tests/unit/products.test.ts" name="Products data &gt; getProductsByCategory() &gt; debe retornar productos de la categoría correcta" time="0.000144329">
        </testcase>
        <testcase classname="src/tests/unit/products.test.ts" name="Products data &gt; getProductsByCategory() &gt; debe retornar array vacío para categoría inexistente" time="0.00060063">
        </testcase>
        <testcase classname="src/tests/unit/products.test.ts" name="Products data &gt; getProductsByCategory() &gt; todos los productos de herramienta-electrica deben pertenecer a esa categoría" time="0.000137538">
        </testcase>
        <testcase classname="src/tests/unit/products.test.ts" name="Products data &gt; getProductBySlug() &gt; debe retornar el producto correcto para un slug válido" time="0.000175406">
        </testcase>
        <testcase classname="src/tests/unit/products.test.ts" name="Products data &gt; getProductBySlug() &gt; debe retornar undefined para slug inexistente" time="0.000099541">
        </testcase>
        <testcase classname="src/tests/unit/products.test.ts" name="Products data &gt; getProductBySlug() &gt; debe retornar undefined para string vacío" time="0.000098018">
        </testcase>
    </testsuite>
    <testsuite name="src/tests/unit/site.test.ts" timestamp="2026-05-28T05:21:38.927Z" hostname="runnervm3jyl0" tests="19" failures="0" errors="0" skipped="0" time="0.005735185">
        <testcase classname="src/tests/unit/site.test.ts" name="Site config &gt; información básica &gt; debe tener nombre del negocio" time="0.001663362">
        </testcase>
        <testcase classname="src/tests/unit/site.test.ts" name="Site config &gt; información básica &gt; debe tener tagline" time="0.000164399">
        </testcase>
        <testcase classname="src/tests/unit/site.test.ts" name="Site config &gt; información básica &gt; debe tener descripción" time="0.000172081">
        </testcase>
        <testcase classname="src/tests/unit/site.test.ts" name="Site config &gt; información básica &gt; url debe ser una URL válida" time="0.000516223">
        </testcase>
        <testcase classname="src/tests/unit/site.test.ts" name="Site config &gt; información básica &gt; url debe usar https" time="0.00010508">
        </testcase>
        <testcase classname="src/tests/unit/site.test.ts" name="Site config &gt; contacto &gt; debe tener teléfono en formato internacional" time="0.000127674">
        </testcase>
        <testcase classname="src/tests/unit/site.test.ts" name="Site config &gt; contacto &gt; debe tener número de WhatsApp" time="0.000128975">
        </testcase>
        <testcase classname="src/tests/unit/site.test.ts" name="Site config &gt; contacto &gt; whatsappUrl debe apuntar a wa.me" time="0.000086792">
        </testcase>
        <testcase classname="src/tests/unit/site.test.ts" name="Site config &gt; contacto &gt; debe tener email válido" time="0.000177228">
        </testcase>
        <testcase classname="src/tests/unit/site.test.ts" name="Site config &gt; contacto &gt; email debe ser del dominio dismafer.shop" time="0.000100853">
        </testcase>
        <testcase classname="src/tests/unit/site.test.ts" name="Site config &gt; contacto &gt; debe tener dirección completa" time="0.000097418">
        </testcase>
        <testcase classname="src/tests/unit/site.test.ts" name="Site config &gt; contacto &gt; debe tener URL de Google Maps" time="0.000080583">
        </testcase>
        <testcase classname="src/tests/unit/site.test.ts" name="Site config &gt; horarios &gt; debe tener horario de días de semana" time="0.000104919">
        </testcase>
        <testcase classname="src/tests/unit/site.test.ts" name="Site config &gt; horarios &gt; debe tener horario de sábado" time="0.000070938">
        </testcase>
        <testcase classname="src/tests/unit/site.test.ts" name="Site config &gt; horarios &gt; domingo debe indicar cerrado" time="0.000160253">
        </testcase>
        <testcase classname="src/tests/unit/site.test.ts" name="Site config &gt; horarios &gt; horario de semana debe tener formato HH:MM – HH:MM" time="0.000100732">
        </testcase>
        <testcase classname="src/tests/unit/site.test.ts" name="Site config &gt; redes sociales &gt; debe tener URL de Facebook" time="0.000087253">
        </testcase>
        <testcase classname="src/tests/unit/site.test.ts" name="Site config &gt; slogan &gt; debe tener slogan" time="0.000116587">
        </testcase>
        <testcase classname="src/tests/unit/site.test.ts" name="Site config &gt; slogan &gt; el slogan debe mencionar &quot;conseguimos&quot; (promesa de marca)" time="0.000073752">
        </testcase>
    </testsuite>
</testsuites>
