{"/home/runner/work/DismaferWeb/DismaferWeb/src/data/brands.ts": {"path":"/home/runner/work/DismaferWeb/DismaferWeb/src/data/brands.ts","statementMap":{"0":{"start":{"line":3,"column":31},"end":{"line":45,"column":null}},"1":{"start":{"line":47,"column":30},"end":{"line":47,"column":null}},"2":{"start":{"line":47,"column":51},"end":{"line":47,"column":61}}},"fnMap":{"0":{"name":"(anonymous_0)","decl":{"start":{"line":47,"column":44},"end":{"line":47,"column":45}},"loc":{"start":{"line":47,"column":51},"end":{"line":47,"column":61}},"line":47}},"branchMap":{},"s":{"0":3,"1":3,"2":15},"f":{"0":15},"b":{},"meta":{"lastBranch":0,"lastFunction":1,"lastStatement":3,"seen":{"s:3:31:45:Infinity":0,"s:47:30:47:Infinity":1,"f:47:44:47:45":0,"s:47:51:47:61":2}}}
,"/home/runner/work/DismaferWeb/DismaferWeb/src/data/categories.ts": {"path":"/home/runner/work/DismaferWeb/DismaferWeb/src/data/categories.ts","statementMap":{"0":{"start":{"line":3,"column":38},"end":{"line":64,"column":null}},"1":{"start":{"line":67,"column":2},"end":{"line":67,"column":null}},"2":{"start":{"line":67,"column":32},"end":{"line":67,"column":47}}},"fnMap":{"0":{"name":"getCategoryBySlug","decl":{"start":{"line":66,"column":16},"end":{"line":66,"column":34}},"loc":{"start":{"line":66,"column":70},"end":{"line":68,"column":null}},"line":66},"1":{"name":"(anonymous_1)","decl":{"start":{"line":67,"column":25},"end":{"line":67,"column":26}},"loc":{"start":{"line":67,"column":32},"end":{"line":67,"column":47}},"line":67}},"branchMap":{},"s":{"0":3,"1":9,"2":34},"f":{"0":9,"1":34},"b":{},"meta":{"lastBranch":0,"lastFunction":2,"lastStatement":3,"seen":{"s:3:38:64:Infinity":0,"f:66:16:66:34":0,"s:67:2:67:Infinity":1,"f:67:25:67:26":1,"s:67:32:67:47":2}}}
,"/home/runner/work/DismaferWeb/DismaferWeb/src/data/index.ts": {"path":"/home/runner/work/DismaferWeb/DismaferWeb/src/data/index.ts","statementMap":{},"fnMap":{},"branchMap":{},"s":{},"f":{},"b":{},"meta":{"lastBranch":0,"lastFunction":0,"lastStatement":0,"seen":{}}}
,"/home/runner/work/DismaferWeb/DismaferWeb/src/data/products.ts": {"path":"/home/runner/work/DismaferWeb/DismaferWeb/src/data/products.ts","statementMap":{"0":{"start":{"line":3,"column":35},"end":{"line":166,"column":null}},"1":{"start":{"line":168,"column":32},"end":{"line":168,"column":null}},"2":{"start":{"line":168,"column":55},"end":{"line":168,"column":65}},"3":{"start":{"line":171,"column":2},"end":{"line":171,"column":null}},"4":{"start":{"line":171,"column":32},"end":{"line":171,"column":59}},"5":{"start":{"line":175,"column":2},"end":{"line":175,"column":null}},"6":{"start":{"line":175,"column":30},"end":{"line":175,"column":45}}},"fnMap":{"0":{"name":"(anonymous_0)","decl":{"start":{"line":168,"column":48},"end":{"line":168,"column":49}},"loc":{"start":{"line":168,"column":55},"end":{"line":168,"column":65}},"line":168},"1":{"name":"getProductsByCategory","decl":{"start":{"line":170,"column":16},"end":{"line":170,"column":38}},"loc":{"start":{"line":170,"column":69},"end":{"line":172,"column":null}},"line":170},"2":{"name":"(anonymous_2)","decl":{"start":{"line":171,"column":25},"end":{"line":171,"column":26}},"loc":{"start":{"line":171,"column":32},"end":{"line":171,"column":59}},"line":171},"3":{"name":"getProductBySlug","decl":{"start":{"line":174,"column":16},"end":{"line":174,"column":33}},"loc":{"start":{"line":174,"column":68},"end":{"line":176,"column":null}},"line":174},"4":{"name":"(anonymous_4)","decl":{"start":{"line":175,"column":23},"end":{"line":175,"column":24}},"loc":{"start":{"line":175,"column":30},"end":{"line":175,"column":45}},"line":175}},"branchMap":{},"s":{"0":2,"1":2,"2":24,"3":3,"4":36,"5":3,"6":25},"f":{"0":24,"1":3,"2":36,"3":3,"4":25},"b":{},"meta":{"lastBranch":0,"lastFunction":5,"lastStatement":7,"seen":{"s:3:35:166:Infinity":0,"s:168:32:168:Infinity":1,"f:168:48:168:49":0,"s:168:55:168:65":2,"f:170:16:170:38":1,"s:171:2:171:Infinity":3,"f:171:25:171:26":2,"s:171:32:171:59":4,"f:174:16:174:33":3,"s:175:2:175:Infinity":5,"f:175:23:175:24":4,"s:175:30:175:45":6}}}
,"/home/runner/work/DismaferWeb/DismaferWeb/src/data/site.ts": {"path":"/home/runner/work/DismaferWeb/DismaferWeb/src/data/site.ts","statementMap":{"0":{"start":{"line":3,"column":38},"end":{"line":29,"column":null}}},"fnMap":{},"branchMap":{},"s":{"0":2},"f":{},"b":{},"meta":{"lastBranch":0,"lastFunction":0,"lastStatement":1,"seen":{"s:3:38:29:Infinity":0}}}
,"/home/runner/work/DismaferWeb/DismaferWeb/src/types/index.ts": {"path":"/home/runner/work/DismaferWeb/DismaferWeb/src/types/index.ts","statementMap":{},"fnMap":{},"branchMap":{},"s":{},"f":{},"b":{},"meta":{"lastBranch":0,"lastFunction":0,"lastStatement":0,"seen":{}}}
}
