<testsuites id="" name="" tests="100" failures="0" skipped="0" errors="0" time="36.267326000000004">
<testsuite name="accessibility.spec.ts" timestamp="2026-06-12T12:10:30.534Z" hostname="Desktop Chrome" tests="7" failures="0" skipped="0" time="5.26" errors="0">
<testcase name="Accesibilidad básica › Homepage — imágenes deben tener alt o aria-hidden" classname="accessibility.spec.ts" time="0.994">
<system-out>
<![CDATA[
[[ATTACHMENT|accessibility-Accesibilida-a89c1-ben-tener-alt-o-aria-hidden-Desktop-Chrome/test-finished-1.png]]

[[ATTACHMENT|accessibility-Accesibilida-a89c1-ben-tener-alt-o-aria-hidden-Desktop-Chrome/video.webm]]

[[ATTACHMENT|accessibility-Accesibilida-a89c1-ben-tener-alt-o-aria-hidden-Desktop-Chrome/trace.zip]]
]]>
</system-out>
</testcase>
<testcase name="Accesibilidad básica › Links de WhatsApp deben tener aria-label o texto visible" classname="accessibility.spec.ts" time="1.013">
<system-out>
<![CDATA[
[[ATTACHMENT|accessibility-Accesibilida-c39ed--aria-label-o-texto-visible-Desktop-Chrome/test-finished-1.png]]

[[ATTACHMENT|accessibility-Accesibilida-c39ed--aria-label-o-texto-visible-Desktop-Chrome/video.webm]]

[[ATTACHMENT|accessibility-Accesibilida-c39ed--aria-label-o-texto-visible-Desktop-Chrome/trace.zip]]
]]>
</system-out>
</testcase>
<testcase name="Accesibilidad básica › Header debe tener role o landmark semántico" classname="accessibility.spec.ts" time="0.662">
<system-out>
<![CDATA[
[[ATTACHMENT|accessibility-Accesibilida-a5025-r-role-o-landmark-semántico-Desktop-Chrome/test-finished-1.png]]

[[ATTACHMENT|accessibility-Accesibilida-a5025-r-role-o-landmark-semántico-Desktop-Chrome/video.webm]]

[[ATTACHMENT|accessibility-Accesibilida-a5025-r-role-o-landmark-semántico-Desktop-Chrome/trace.zip]]
]]>
</system-out>
</testcase>
<testcase name="Accesibilidad básica › Main debe existir como landmark" classname="accessibility.spec.ts" time="0.689">
<system-out>
<![CDATA[
[[ATTACHMENT|accessibility-Accesibilida-bcec7--debe-existir-como-landmark-Desktop-Chrome/test-finished-1.png]]

[[ATTACHMENT|accessibility-Accesibilida-bcec7--debe-existir-como-landmark-Desktop-Chrome/video.webm]]

[[ATTACHMENT|accessibility-Accesibilida-bcec7--debe-existir-como-landmark-Desktop-Chrome/trace.zip]]
]]>
</system-out>
</testcase>
<testcase name="Accesibilidad básica › Footer debe existir como landmark" classname="accessibility.spec.ts" time="0.628">
<system-out>
<![CDATA[
[[ATTACHMENT|accessibility-Accesibilida-95f0b--debe-existir-como-landmark-Desktop-Chrome/test-finished-1.png]]

[[ATTACHMENT|accessibility-Accesibilida-95f0b--debe-existir-como-landmark-Desktop-Chrome/video.webm]]

[[ATTACHMENT|accessibility-Accesibilida-95f0b--debe-existir-como-landmark-Desktop-Chrome/trace.zip]]
]]>
</system-out>
</testcase>
<testcase name="Accesibilidad básica › Menú de navegación debe tener aria-label" classname="accessibility.spec.ts" time="0.647">
<system-out>
<![CDATA[
[[ATTACHMENT|accessibility-Accesibilida-db212-ación-debe-tener-aria-label-Desktop-Chrome/test-finished-1.png]]

[[ATTACHMENT|accessibility-Accesibilida-db212-ación-debe-tener-aria-label-Desktop-Chrome/video.webm]]

[[ATTACHMENT|accessibility-Accesibilida-db212-ación-debe-tener-aria-label-Desktop-Chrome/trace.zip]]
]]>
</system-out>
</testcase>
<testcase name="Accesibilidad básica › Homepage — el título H1 debe ser legible (no vacío)" classname="accessibility.spec.ts" time="0.627">
<system-out>
<![CDATA[
[[ATTACHMENT|accessibility-Accesibilida-96b72--debe-ser-legible-no-vacío--Desktop-Chrome/test-finished-1.png]]

[[ATTACHMENT|accessibility-Accesibilida-96b72--debe-ser-legible-no-vacío--Desktop-Chrome/video.webm]]

[[ATTACHMENT|accessibility-Accesibilida-96b72--debe-ser-legible-no-vacío--Desktop-Chrome/trace.zip]]
]]>
</system-out>
</testcase>
</testsuite>
<testsuite name="contact.spec.ts" timestamp="2026-06-12T12:10:30.534Z" hostname="Desktop Chrome" tests="5" failures="0" skipped="0" time="5.049" errors="0">
<testcase name="Página de Contacto — /contacto › debe cargar con status 200" classname="contact.spec.ts" time="0.596">
<system-out>
<![CDATA[
[[ATTACHMENT|contact-Página-de-Contacto-0bfbf--debe-cargar-con-status-200-Desktop-Chrome/test-finished-1.png]]

[[ATTACHMENT|contact-Página-de-Contacto-0bfbf--debe-cargar-con-status-200-Desktop-Chrome/video.webm]]

[[ATTACHMENT|contact-Página-de-Contacto-0bfbf--debe-cargar-con-status-200-Desktop-Chrome/trace.zip]]
]]>
</system-out>
</testcase>
<testcase name="Página de Contacto — /contacto › debe mostrar el número de WhatsApp clickeable" classname="contact.spec.ts" time="0.602">
<system-out>
<![CDATA[
[[ATTACHMENT|contact-Página-de-Contacto-2583c-mero-de-WhatsApp-clickeable-Desktop-Chrome/test-finished-1.png]]

[[ATTACHMENT|contact-Página-de-Contacto-2583c-mero-de-WhatsApp-clickeable-Desktop-Chrome/video.webm]]

[[ATTACHMENT|contact-Página-de-Contacto-2583c-mero-de-WhatsApp-clickeable-Desktop-Chrome/trace.zip]]
]]>
</system-out>
</testcase>
<testcase name="Página de Contacto — /contacto › debe mostrar el número de teléfono como link clickeable" classname="contact.spec.ts" time="0.662">
<system-out>
<![CDATA[
[[ATTACHMENT|contact-Página-de-Contacto-a6446-léfono-como-link-clickeable-Desktop-Chrome/test-finished-1.png]]

[[ATTACHMENT|contact-Página-de-Contacto-a6446-léfono-como-link-clickeable-Desktop-Chrome/video.webm]]

[[ATTACHMENT|contact-Página-de-Contacto-a6446-léfono-como-link-clickeable-Desktop-Chrome/trace.zip]]
]]>
</system-out>
</testcase>
<testcase name="Página de Contacto — /contacto › debe mostrar los horarios de atención" classname="contact.spec.ts" time="0.53">
<system-out>
<![CDATA[
[[ATTACHMENT|contact-Página-de-Contacto-d3aa0-ar-los-horarios-de-atención-Desktop-Chrome/test-finished-1.png]]

[[ATTACHMENT|contact-Página-de-Contacto-d3aa0-ar-los-horarios-de-atención-Desktop-Chrome/video.webm]]

[[ATTACHMENT|contact-Página-de-Contacto-d3aa0-ar-los-horarios-de-atención-Desktop-Chrome/trace.zip]]
]]>
</system-out>
</testcase>
<testcase name="Página de Contacto — /contacto › debe tener título de la página SEO correcto" classname="contact.spec.ts" time="2.659">
<system-out>
<![CDATA[
[[ATTACHMENT|contact-Página-de-Contacto-467dd-o-de-la-página-SEO-correcto-Desktop-Chrome/test-finished-1.png]]

[[ATTACHMENT|contact-Página-de-Contacto-467dd-o-de-la-página-SEO-correcto-Desktop-Chrome/video.webm]]

[[ATTACHMENT|contact-Página-de-Contacto-467dd-o-de-la-página-SEO-correcto-Desktop-Chrome/trace.zip]]
]]>
</system-out>
</testcase>
</testsuite>
<testsuite name="homepage.spec.ts" timestamp="2026-06-12T12:10:30.534Z" hostname="Desktop Chrome" tests="11" failures="0" skipped="0" time="6.711" errors="0">
<testcase name="Homepage — / › debe cargar con status 200" classname="homepage.spec.ts" time="0.455">
<system-out>
<![CDATA[
[[ATTACHMENT|homepage-Homepage-—-debe-cargar-con-status-200-Desktop-Chrome/test-finished-1.png]]

[[ATTACHMENT|homepage-Homepage-—-debe-cargar-con-status-200-Desktop-Chrome/video.webm]]

[[ATTACHMENT|homepage-Homepage-—-debe-cargar-con-status-200-Desktop-Chrome/trace.zip]]
]]>
</system-out>
</testcase>
<testcase name="Homepage — / › debe tener el título correcto" classname="homepage.spec.ts" time="0.502">
<system-out>
<![CDATA[
[[ATTACHMENT|homepage-Homepage-—-debe-tener-el-título-correcto-Desktop-Chrome/test-finished-1.png]]

[[ATTACHMENT|homepage-Homepage-—-debe-tener-el-título-correcto-Desktop-Chrome/video.webm]]

[[ATTACHMENT|homepage-Homepage-—-debe-tener-el-título-correcto-Desktop-Chrome/trace.zip]]
]]>
</system-out>
</testcase>
<testcase name="Homepage — / › meta description debe contener palabras clave del negocio" classname="homepage.spec.ts" time="0.503">
<system-out>
<![CDATA[
[[ATTACHMENT|homepage-Homepage-—-meta-d-58b1e--palabras-clave-del-negocio-Desktop-Chrome/test-finished-1.png]]

[[ATTACHMENT|homepage-Homepage-—-meta-d-58b1e--palabras-clave-del-negocio-Desktop-Chrome/video.webm]]

[[ATTACHMENT|homepage-Homepage-—-meta-d-58b1e--palabras-clave-del-negocio-Desktop-Chrome/trace.zip]]
]]>
</system-out>
</testcase>
<testcase name="Homepage — / › Hero — debe mostrar el headline principal" classname="homepage.spec.ts" time="0.693">
<system-out>
<![CDATA[
[[ATTACHMENT|homepage-Homepage-—-Hero-—-55d02-strar-el-headline-principal-Desktop-Chrome/test-finished-1.png]]

[[ATTACHMENT|homepage-Homepage-—-Hero-—-55d02-strar-el-headline-principal-Desktop-Chrome/video.webm]]

[[ATTACHMENT|homepage-Homepage-—-Hero-—-55d02-strar-el-headline-principal-Desktop-Chrome/trace.zip]]
]]>
</system-out>
</testcase>
<testcase name="Homepage — / › Hero — debe tener CTA de WhatsApp visible" classname="homepage.spec.ts" time="0.639">
<system-out>
<![CDATA[
[[ATTACHMENT|homepage-Homepage-—-Hero-—-16fb2-ner-CTA-de-WhatsApp-visible-Desktop-Chrome/test-finished-1.png]]

[[ATTACHMENT|homepage-Homepage-—-Hero-—-16fb2-ner-CTA-de-WhatsApp-visible-Desktop-Chrome/video.webm]]

[[ATTACHMENT|homepage-Homepage-—-Hero-—-16fb2-ner-CTA-de-WhatsApp-visible-Desktop-Chrome/trace.zip]]
]]>
</system-out>
</testcase>
<testcase name="Homepage — / › Hero — link de WhatsApp debe apuntar al número correcto" classname="homepage.spec.ts" time="0.632">
<system-out>
<![CDATA[
[[ATTACHMENT|homepage-Homepage-—-Hero-—-febc2--apuntar-al-número-correcto-Desktop-Chrome/test-finished-1.png]]

[[ATTACHMENT|homepage-Homepage-—-Hero-—-febc2--apuntar-al-número-correcto-Desktop-Chrome/video.webm]]

[[ATTACHMENT|homepage-Homepage-—-Hero-—-febc2--apuntar-al-número-correcto-Desktop-Chrome/trace.zip]]
]]>
</system-out>
</testcase>
<testcase name="Homepage — / › Categorías — debe mostrar las 6 categorías" classname="homepage.spec.ts" time="0.709">
<system-out>
<![CDATA[
[[ATTACHMENT|homepage-Homepage-—-Catego-e8c0b-be-mostrar-las-6-categorías-Desktop-Chrome/test-finished-1.png]]

[[ATTACHMENT|homepage-Homepage-—-Catego-e8c0b-be-mostrar-las-6-categorías-Desktop-Chrome/video.webm]]

[[ATTACHMENT|homepage-Homepage-—-Catego-e8c0b-be-mostrar-las-6-categorías-Desktop-Chrome/trace.zip]]
]]>
</system-out>
</testcase>
<testcase name="Homepage — / › Marcas — debe mostrar marcas principales" classname="homepage.spec.ts" time="0.608">
<system-out>
<![CDATA[
[[ATTACHMENT|homepage-Homepage-—-Marcas-—-debe-mostrar-marcas-principales-Desktop-Chrome/test-finished-1.png]]

[[ATTACHMENT|homepage-Homepage-—-Marcas-—-debe-mostrar-marcas-principales-Desktop-Chrome/video.webm]]

[[ATTACHMENT|homepage-Homepage-—-Marcas-—-debe-mostrar-marcas-principales-Desktop-Chrome/trace.zip]]
]]>
</system-out>
</testcase>
<testcase name="Homepage — / › debe tener Schema.org LocalBusiness en el HTML" classname="homepage.spec.ts" time="0.658">
<system-out>
<![CDATA[
[[ATTACHMENT|homepage-Homepage-—-debe-t-6f334-rg-LocalBusiness-en-el-HTML-Desktop-Chrome/test-finished-1.png]]

[[ATTACHMENT|homepage-Homepage-—-debe-t-6f334-rg-LocalBusiness-en-el-HTML-Desktop-Chrome/video.webm]]

[[ATTACHMENT|homepage-Homepage-—-debe-t-6f334-rg-LocalBusiness-en-el-HTML-Desktop-Chrome/trace.zip]]
]]>
</system-out>
</testcase>
<testcase name="Homepage — / › debe tener el botón flotante de WhatsApp" classname="homepage.spec.ts" time="0.646">
<system-out>
<![CDATA[
[[ATTACHMENT|homepage-Homepage-—-debe-tener-el-botón-flotante-de-WhatsApp-Desktop-Chrome/test-finished-1.png]]

[[ATTACHMENT|homepage-Homepage-—-debe-tener-el-botón-flotante-de-WhatsApp-Desktop-Chrome/video.webm]]

[[ATTACHMENT|homepage-Homepage-—-debe-tener-el-botón-flotante-de-WhatsApp-Desktop-Chrome/trace.zip]]
]]>
</system-out>
</testcase>
<testcase name="Homepage — / › debe tener Open Graph tags" classname="homepage.spec.ts" time="0.666">
<system-out>
<![CDATA[
[[ATTACHMENT|homepage-Homepage-—-debe-tener-Open-Graph-tags-Desktop-Chrome/test-finished-1.png]]

[[ATTACHMENT|homepage-Homepage-—-debe-tener-Open-Graph-tags-Desktop-Chrome/video.webm]]

[[ATTACHMENT|homepage-Homepage-—-debe-tener-Open-Graph-tags-Desktop-Chrome/trace.zip]]
]]>
</system-out>
</testcase>
</testsuite>
<testsuite name="mobile.spec.ts" timestamp="2026-06-12T12:10:30.534Z" hostname="Desktop Chrome" tests="6" failures="0" skipped="0" time="3.323" errors="0">
<testcase name="Mobile — Responsive design › Homepage carga correctamente en móvil" classname="mobile.spec.ts" time="0.583">
<system-out>
<![CDATA[
[[ATTACHMENT|mobile-Mobile-—-Responsive-38919-arga-correctamente-en-móvil-Desktop-Chrome/test-finished-1.png]]

[[ATTACHMENT|mobile-Mobile-—-Responsive-38919-arga-correctamente-en-móvil-Desktop-Chrome/video.webm]]

[[ATTACHMENT|mobile-Mobile-—-Responsive-38919-arga-correctamente-en-móvil-Desktop-Chrome/trace.zip]]
]]>
</system-out>
</testcase>
<testcase name="Mobile — Responsive design › Botón flotante de WhatsApp es visible en móvil" classname="mobile.spec.ts" time="0.542">
<system-out>
<![CDATA[
[[ATTACHMENT|mobile-Mobile-—-Responsive-6359b-hatsApp-es-visible-en-móvil-Desktop-Chrome/test-finished-1.png]]

[[ATTACHMENT|mobile-Mobile-—-Responsive-6359b-hatsApp-es-visible-en-móvil-Desktop-Chrome/video.webm]]

[[ATTACHMENT|mobile-Mobile-—-Responsive-6359b-hatsApp-es-visible-en-móvil-Desktop-Chrome/trace.zip]]
]]>
</system-out>
</testcase>
<testcase name="Mobile — Responsive design › Menú hamburguesa aparece en móvil" classname="mobile.spec.ts" time="0.56">
<system-out>
<![CDATA[
[[ATTACHMENT|mobile-Mobile-—-Responsive-548ad-amburguesa-aparece-en-móvil-Desktop-Chrome/test-finished-1.png]]

[[ATTACHMENT|mobile-Mobile-—-Responsive-548ad-amburguesa-aparece-en-móvil-Desktop-Chrome/video.webm]]

[[ATTACHMENT|mobile-Mobile-—-Responsive-548ad-amburguesa-aparece-en-móvil-Desktop-Chrome/trace.zip]]
]]>
</system-out>
</testcase>
<testcase name="Mobile — Responsive design › Nav desktop está oculto en móvil" classname="mobile.spec.ts" time="0.535">
<system-out>
<![CDATA[
[[ATTACHMENT|mobile-Mobile-—-Responsive-9efe1-esktop-está-oculto-en-móvil-Desktop-Chrome/test-finished-1.png]]

[[ATTACHMENT|mobile-Mobile-—-Responsive-9efe1-esktop-está-oculto-en-móvil-Desktop-Chrome/video.webm]]

[[ATTACHMENT|mobile-Mobile-—-Responsive-9efe1-esktop-está-oculto-en-móvil-Desktop-Chrome/trace.zip]]
]]>
</system-out>
</testcase>
<testcase name="Mobile — Responsive design › Grilla de categorías es legible en móvil (min 2 columnas)" classname="mobile.spec.ts" time="0.43">
<system-out>
<![CDATA[
[[ATTACHMENT|mobile-Mobile-—-Responsive-a26e7-le-en-móvil-min-2-columnas--Desktop-Chrome/test-finished-1.png]]

[[ATTACHMENT|mobile-Mobile-—-Responsive-a26e7-le-en-móvil-min-2-columnas--Desktop-Chrome/video.webm]]

[[ATTACHMENT|mobile-Mobile-—-Responsive-a26e7-le-en-móvil-min-2-columnas--Desktop-Chrome/trace.zip]]
]]>
</system-out>
</testcase>
<testcase name="Mobile — Responsive design › Tap targets de links principales son suficientemente grandes" classname="mobile.spec.ts" time="0.673">
<system-out>
<![CDATA[
[[ATTACHMENT|mobile-Mobile-—-Responsive-b783a-son-suficientemente-grandes-Desktop-Chrome/test-finished-1.png]]

[[ATTACHMENT|mobile-Mobile-—-Responsive-b783a-son-suficientemente-grandes-Desktop-Chrome/video.webm]]

[[ATTACHMENT|mobile-Mobile-—-Responsive-b783a-son-suficientemente-grandes-Desktop-Chrome/trace.zip]]
]]>
</system-out>
</testcase>
</testsuite>
<testsuite name="navigation.spec.ts" timestamp="2026-06-12T12:10:30.534Z" hostname="Desktop Chrome" tests="10" failures="0" skipped="0" time="8.089" errors="0">
<testcase name="Navegación › Header debe estar visible en todas las páginas" classname="navigation.spec.ts" time="1.122">
<system-out>
<![CDATA[
[[ATTACHMENT|navigation-Navegación-Head-8bdfd-isible-en-todas-las-páginas-Desktop-Chrome/test-finished-1.png]]

[[ATTACHMENT|navigation-Navegación-Head-8bdfd-isible-en-todas-las-páginas-Desktop-Chrome/video.webm]]

[[ATTACHMENT|navigation-Navegación-Head-8bdfd-isible-en-todas-las-páginas-Desktop-Chrome/trace.zip]]
]]>
</system-out>
</testcase>
<testcase name="Navegación › Footer debe estar visible en todas las páginas" classname="navigation.spec.ts" time="1.178">
<system-out>
<![CDATA[
[[ATTACHMENT|navigation-Navegación-Foot-44c1c-isible-en-todas-las-páginas-Desktop-Chrome/test-finished-1.png]]

[[ATTACHMENT|navigation-Navegación-Foot-44c1c-isible-en-todas-las-páginas-Desktop-Chrome/video.webm]]

[[ATTACHMENT|navigation-Navegación-Foot-44c1c-isible-en-todas-las-páginas-Desktop-Chrome/trace.zip]]
]]>
</system-out>
</testcase>
<testcase name="Navegación › Logo en header debe llevar al homepage" classname="navigation.spec.ts" time="0.82">
<system-out>
<![CDATA[
[[ATTACHMENT|navigation-Navegación-Logo-en-header-debe-llevar-al-homepage-Desktop-Chrome/test-finished-1.png]]

[[ATTACHMENT|navigation-Navegación-Logo-en-header-debe-llevar-al-homepage-Desktop-Chrome/video.webm]]

[[ATTACHMENT|navigation-Navegación-Logo-en-header-debe-llevar-al-homepage-Desktop-Chrome/trace.zip]]
]]>
</system-out>
</testcase>
<testcase name="Navegación › Nav — link Productos debe navegar a /productos" classname="navigation.spec.ts" time="0.797">
<system-out>
<![CDATA[
[[ATTACHMENT|navigation-Navegación-Nav--e7f7a-os-debe-navegar-a-productos-Desktop-Chrome/test-finished-1.png]]

[[ATTACHMENT|navigation-Navegación-Nav--e7f7a-os-debe-navegar-a-productos-Desktop-Chrome/video.webm]]

[[ATTACHMENT|navigation-Navegación-Nav--e7f7a-os-debe-navegar-a-productos-Desktop-Chrome/trace.zip]]
]]>
</system-out>
</testcase>
<testcase name="Navegación › Nav — link Marcas debe navegar a /marcas" classname="navigation.spec.ts" time="0.765">
<system-out>
<![CDATA[
[[ATTACHMENT|navigation-Navegación-Nav--40089-arcas-debe-navegar-a-marcas-Desktop-Chrome/test-finished-1.png]]

[[ATTACHMENT|navigation-Navegación-Nav--40089-arcas-debe-navegar-a-marcas-Desktop-Chrome/video.webm]]

[[ATTACHMENT|navigation-Navegación-Nav--40089-arcas-debe-navegar-a-marcas-Desktop-Chrome/trace.zip]]
]]>
</system-out>
</testcase>
<testcase name="Navegación › Nav — link Nosotros debe navegar a /nosotros" classname="navigation.spec.ts" time="0.8">
<system-out>
<![CDATA[
[[ATTACHMENT|navigation-Navegación-Nav--265ce-ros-debe-navegar-a-nosotros-Desktop-Chrome/test-finished-1.png]]

[[ATTACHMENT|navigation-Navegación-Nav--265ce-ros-debe-navegar-a-nosotros-Desktop-Chrome/video.webm]]

[[ATTACHMENT|navigation-Navegación-Nav--265ce-ros-debe-navegar-a-nosotros-Desktop-Chrome/trace.zip]]
]]>
</system-out>
</testcase>
<testcase name="Navegación › Nav — link Contacto debe navegar a /contacto" classname="navigation.spec.ts" time="0.817">
<system-out>
<![CDATA[
[[ATTACHMENT|navigation-Navegación-Nav--6968f-cto-debe-navegar-a-contacto-Desktop-Chrome/test-finished-1.png]]

[[ATTACHMENT|navigation-Navegación-Nav--6968f-cto-debe-navegar-a-contacto-Desktop-Chrome/video.webm]]

[[ATTACHMENT|navigation-Navegación-Nav--6968f-cto-debe-navegar-a-contacto-Desktop-Chrome/trace.zip]]
]]>
</system-out>
</testcase>
<testcase name="Navegación › Mobile — menú hamburguesa debe funcionar" classname="navigation.spec.ts" time="0.819">
<system-out>
<![CDATA[
[[ATTACHMENT|navigation-Navegación-Mobi-883a2--hamburguesa-debe-funcionar-Desktop-Chrome/test-finished-1.png]]

[[ATTACHMENT|navigation-Navegación-Mobi-883a2--hamburguesa-debe-funcionar-Desktop-Chrome/video.webm]]

[[ATTACHMENT|navigation-Navegación-Mobi-883a2--hamburguesa-debe-funcionar-Desktop-Chrome/trace.zip]]
]]>
</system-out>
</testcase>
<testcase name="Navegación › Breadcrumbs — página de categoría debe tener breadcrumb" classname="navigation.spec.ts" time="0.472">
<system-out>
<![CDATA[
[[ATTACHMENT|navigation-Navegación-Brea-ab7f4-goría-debe-tener-breadcrumb-Desktop-Chrome/test-finished-1.png]]

[[ATTACHMENT|navigation-Navegación-Brea-ab7f4-goría-debe-tener-breadcrumb-Desktop-Chrome/video.webm]]

[[ATTACHMENT|navigation-Navegación-Brea-ab7f4-goría-debe-tener-breadcrumb-Desktop-Chrome/trace.zip]]
]]>
</system-out>
</testcase>
<testcase name="Navegación › Ruta inexistente debe mostrar página 404" classname="navigation.spec.ts" time="0.499">
<system-out>
<![CDATA[
[[ATTACHMENT|navigation-Navegación-Ruta-dc09e-nte-debe-mostrar-página-404-Desktop-Chrome/test-finished-1.png]]

[[ATTACHMENT|navigation-Navegación-Ruta-dc09e-nte-debe-mostrar-página-404-Desktop-Chrome/video.webm]]

[[ATTACHMENT|navigation-Navegación-Ruta-dc09e-nte-debe-mostrar-página-404-Desktop-Chrome/trace.zip]]
]]>
</system-out>
</testcase>
</testsuite>
<testsuite name="products.spec.ts" timestamp="2026-06-12T12:10:30.534Z" hostname="Desktop Chrome" tests="28" failures="0" skipped="0" time="11.702" errors="0">
<testcase name="Página de Productos — /productos › debe cargar con status 200" classname="products.spec.ts" time="0.369">
<system-out>
<![CDATA[
[[ATTACHMENT|products-Página-de-Product-1de92--debe-cargar-con-status-200-Desktop-Chrome/test-finished-1.png]]

[[ATTACHMENT|products-Página-de-Product-1de92--debe-cargar-con-status-200-Desktop-Chrome/video.webm]]

[[ATTACHMENT|products-Página-de-Product-1de92--debe-cargar-con-status-200-Desktop-Chrome/trace.zip]]
]]>
</system-out>
</testcase>
<testcase name="Página de Productos — /productos › debe mostrar el título de la página" classname="products.spec.ts" time="0.464">
<system-out>
<![CDATA[
[[ATTACHMENT|products-Página-de-Product-a6f7e-trar-el-título-de-la-página-Desktop-Chrome/test-finished-1.png]]

[[ATTACHMENT|products-Página-de-Product-a6f7e-trar-el-título-de-la-página-Desktop-Chrome/video.webm]]

[[ATTACHMENT|products-Página-de-Product-a6f7e-trar-el-título-de-la-página-Desktop-Chrome/trace.zip]]
]]>
</system-out>
</testcase>
<testcase name="Página de Productos — /productos › debe mostrar las 6 categorías como links" classname="products.spec.ts" time="0.513">
<system-out>
<![CDATA[
[[ATTACHMENT|products-Página-de-Product-5cac1-las-6-categorías-como-links-Desktop-Chrome/test-finished-1.png]]

[[ATTACHMENT|products-Página-de-Product-5cac1-las-6-categorías-como-links-Desktop-Chrome/video.webm]]

[[ATTACHMENT|products-Página-de-Product-5cac1-las-6-categorías-como-links-Desktop-Chrome/trace.zip]]
]]>
</system-out>
</testcase>
<testcase name="Página de Productos — /productos › debe tener CTA de WhatsApp para consultas" classname="products.spec.ts" time="0.456">
<system-out>
<![CDATA[
[[ATTACHMENT|products-Página-de-Product-9bbbd--de-WhatsApp-para-consultas-Desktop-Chrome/test-finished-1.png]]

[[ATTACHMENT|products-Página-de-Product-9bbbd--de-WhatsApp-para-consultas-Desktop-Chrome/video.webm]]

[[ATTACHMENT|products-Página-de-Product-9bbbd--de-WhatsApp-para-consultas-Desktop-Chrome/trace.zip]]
]]>
</system-out>
</testcase>
<testcase name="Páginas de categoría — /productos/[categoria] › /productos/herramienta-manual — debe cargar correctamente" classname="products.spec.ts" time="0.217">
<system-out>
<![CDATA[
[[ATTACHMENT|products-Páginas-de-catego-e643a-—-debe-cargar-correctamente-Desktop-Chrome/test-finished-1.png]]

[[ATTACHMENT|products-Páginas-de-catego-e643a-—-debe-cargar-correctamente-Desktop-Chrome/video.webm]]

[[ATTACHMENT|products-Páginas-de-catego-e643a-—-debe-cargar-correctamente-Desktop-Chrome/trace.zip]]
]]>
</system-out>
</testcase>
<testcase name="Páginas de categoría — /productos/[categoria] › /productos/herramienta-manual — debe mostrar el nombre de la categoría" classname="products.spec.ts" time="0.451">
<system-out>
<![CDATA[
[[ATTACHMENT|products-Páginas-de-catego-d065c-r-el-nombre-de-la-categoría-Desktop-Chrome/test-finished-1.png]]

[[ATTACHMENT|products-Páginas-de-catego-d065c-r-el-nombre-de-la-categoría-Desktop-Chrome/video.webm]]

[[ATTACHMENT|products-Páginas-de-catego-d065c-r-el-nombre-de-la-categoría-Desktop-Chrome/trace.zip]]
]]>
</system-out>
</testcase>
<testcase name="Páginas de categoría — /productos/[categoria] › /productos/herramienta-manual — debe tener breadcrumb con link a /productos" classname="products.spec.ts" time="0.487">
<system-out>
<![CDATA[
[[ATTACHMENT|products-Páginas-de-catego-82f84-dcrumb-con-link-a-productos-Desktop-Chrome/test-finished-1.png]]

[[ATTACHMENT|products-Páginas-de-catego-82f84-dcrumb-con-link-a-productos-Desktop-Chrome/video.webm]]

[[ATTACHMENT|products-Páginas-de-catego-82f84-dcrumb-con-link-a-productos-Desktop-Chrome/trace.zip]]
]]>
</system-out>
</testcase>
<testcase name="Páginas de categoría — /productos/[categoria] › /productos/herramienta-manual — debe tener al menos 1 CTA de WhatsApp" classname="products.spec.ts" time="0.482">
<system-out>
<![CDATA[
[[ATTACHMENT|products-Páginas-de-catego-628f5--al-menos-1-CTA-de-WhatsApp-Desktop-Chrome/test-finished-1.png]]

[[ATTACHMENT|products-Páginas-de-catego-628f5--al-menos-1-CTA-de-WhatsApp-Desktop-Chrome/video.webm]]

[[ATTACHMENT|products-Páginas-de-catego-628f5--al-menos-1-CTA-de-WhatsApp-Desktop-Chrome/trace.zip]]
]]>
</system-out>
</testcase>
<testcase name="Páginas de categoría — /productos/[categoria] › /productos/herramienta-electrica — debe cargar correctamente" classname="products.spec.ts" time="0.241">
<system-out>
<![CDATA[
[[ATTACHMENT|products-Páginas-de-catego-78a6d-—-debe-cargar-correctamente-Desktop-Chrome/test-finished-1.png]]

[[ATTACHMENT|products-Páginas-de-catego-78a6d-—-debe-cargar-correctamente-Desktop-Chrome/video.webm]]

[[ATTACHMENT|products-Páginas-de-catego-78a6d-—-debe-cargar-correctamente-Desktop-Chrome/trace.zip]]
]]>
</system-out>
</testcase>
<testcase name="Páginas de categoría — /productos/[categoria] › /productos/herramienta-electrica — debe mostrar el nombre de la categoría" classname="products.spec.ts" time="0.472">
<system-out>
<![CDATA[
[[ATTACHMENT|products-Páginas-de-catego-d6ed1-r-el-nombre-de-la-categoría-Desktop-Chrome/test-finished-1.png]]

[[ATTACHMENT|products-Páginas-de-catego-d6ed1-r-el-nombre-de-la-categoría-Desktop-Chrome/video.webm]]

[[ATTACHMENT|products-Páginas-de-catego-d6ed1-r-el-nombre-de-la-categoría-Desktop-Chrome/trace.zip]]
]]>
</system-out>
</testcase>
<testcase name="Páginas de categoría — /productos/[categoria] › /productos/herramienta-electrica — debe tener breadcrumb con link a /productos" classname="products.spec.ts" time="0.439">
<system-out>
<![CDATA[
[[ATTACHMENT|products-Páginas-de-catego-18e44-dcrumb-con-link-a-productos-Desktop-Chrome/test-finished-1.png]]

[[ATTACHMENT|products-Páginas-de-catego-18e44-dcrumb-con-link-a-productos-Desktop-Chrome/video.webm]]

[[ATTACHMENT|products-Páginas-de-catego-18e44-dcrumb-con-link-a-productos-Desktop-Chrome/trace.zip]]
]]>
</system-out>
</testcase>
<testcase name="Páginas de categoría — /productos/[categoria] › /productos/herramienta-electrica — debe tener al menos 1 CTA de WhatsApp" classname="products.spec.ts" time="0.47">
<system-out>
<![CDATA[
[[ATTACHMENT|products-Páginas-de-catego-9ae2b--al-menos-1-CTA-de-WhatsApp-Desktop-Chrome/test-finished-1.png]]

[[ATTACHMENT|products-Páginas-de-catego-9ae2b--al-menos-1-CTA-de-WhatsApp-Desktop-Chrome/video.webm]]

[[ATTACHMENT|products-Páginas-de-catego-9ae2b--al-menos-1-CTA-de-WhatsApp-Desktop-Chrome/trace.zip]]
]]>
</system-out>
</testcase>
<testcase name="Páginas de categoría — /productos/[categoria] › /productos/tuberia-pvc — debe cargar correctamente" classname="products.spec.ts" time="0.21">
<system-out>
<![CDATA[
[[ATTACHMENT|products-Páginas-de-catego-9a032-—-debe-cargar-correctamente-Desktop-Chrome/test-finished-1.png]]

[[ATTACHMENT|products-Páginas-de-catego-9a032-—-debe-cargar-correctamente-Desktop-Chrome/video.webm]]

[[ATTACHMENT|products-Páginas-de-catego-9a032-—-debe-cargar-correctamente-Desktop-Chrome/trace.zip]]
]]>
</system-out>
</testcase>
<testcase name="Páginas de categoría — /productos/[categoria] › /productos/tuberia-pvc — debe mostrar el nombre de la categoría" classname="products.spec.ts" time="0.488">
<system-out>
<![CDATA[
[[ATTACHMENT|products-Páginas-de-catego-69bb7-r-el-nombre-de-la-categoría-Desktop-Chrome/test-finished-1.png]]

[[ATTACHMENT|products-Páginas-de-catego-69bb7-r-el-nombre-de-la-categoría-Desktop-Chrome/video.webm]]

[[ATTACHMENT|products-Páginas-de-catego-69bb7-r-el-nombre-de-la-categoría-Desktop-Chrome/trace.zip]]
]]>
</system-out>
</testcase>
<testcase name="Páginas de categoría — /productos/[categoria] › /productos/tuberia-pvc — debe tener breadcrumb con link a /productos" classname="products.spec.ts" time="0.451">
<system-out>
<![CDATA[
[[ATTACHMENT|products-Páginas-de-catego-5162c-dcrumb-con-link-a-productos-Desktop-Chrome/test-finished-1.png]]

[[ATTACHMENT|products-Páginas-de-catego-5162c-dcrumb-con-link-a-productos-Desktop-Chrome/video.webm]]

[[ATTACHMENT|products-Páginas-de-catego-5162c-dcrumb-con-link-a-productos-Desktop-Chrome/trace.zip]]
]]>
</system-out>
</testcase>
<testcase name="Páginas de categoría — /productos/[categoria] › /productos/tuberia-pvc — debe tener al menos 1 CTA de WhatsApp" classname="products.spec.ts" time="0.475">
<system-out>
<![CDATA[
[[ATTACHMENT|products-Páginas-de-catego-ec74c--al-menos-1-CTA-de-WhatsApp-Desktop-Chrome/test-finished-1.png]]

[[ATTACHMENT|products-Páginas-de-catego-ec74c--al-menos-1-CTA-de-WhatsApp-Desktop-Chrome/video.webm]]

[[ATTACHMENT|products-Páginas-de-catego-ec74c--al-menos-1-CTA-de-WhatsApp-Desktop-Chrome/trace.zip]]
]]>
</system-out>
</testcase>
<testcase name="Páginas de categoría — /productos/[categoria] › /productos/seguridad-industrial — debe cargar correctamente" classname="products.spec.ts" time="0.264">
<system-out>
<![CDATA[
[[ATTACHMENT|products-Páginas-de-catego-fdde9-—-debe-cargar-correctamente-Desktop-Chrome/test-finished-1.png]]

[[ATTACHMENT|products-Páginas-de-catego-fdde9-—-debe-cargar-correctamente-Desktop-Chrome/video.webm]]

[[ATTACHMENT|products-Páginas-de-catego-fdde9-—-debe-cargar-correctamente-Desktop-Chrome/trace.zip]]
]]>
</system-out>
</testcase>
<testcase name="Páginas de categoría — /productos/[categoria] › /productos/seguridad-industrial — debe mostrar el nombre de la categoría" classname="products.spec.ts" time="0.443">
<system-out>
<![CDATA[
[[ATTACHMENT|products-Páginas-de-catego-bef3a-r-el-nombre-de-la-categoría-Desktop-Chrome/test-finished-1.png]]

[[ATTACHMENT|products-Páginas-de-catego-bef3a-r-el-nombre-de-la-categoría-Desktop-Chrome/video.webm]]

[[ATTACHMENT|products-Páginas-de-catego-bef3a-r-el-nombre-de-la-categoría-Desktop-Chrome/trace.zip]]
]]>
</system-out>
</testcase>
<testcase name="Páginas de categoría — /productos/[categoria] › /productos/seguridad-industrial — debe tener breadcrumb con link a /productos" classname="products.spec.ts" time="0.462">
<system-out>
<![CDATA[
[[ATTACHMENT|products-Páginas-de-catego-e1ced-dcrumb-con-link-a-productos-Desktop-Chrome/test-finished-1.png]]

[[ATTACHMENT|products-Páginas-de-catego-e1ced-dcrumb-con-link-a-productos-Desktop-Chrome/video.webm]]

[[ATTACHMENT|products-Páginas-de-catego-e1ced-dcrumb-con-link-a-productos-Desktop-Chrome/trace.zip]]
]]>
</system-out>
</testcase>
<testcase name="Páginas de categoría — /productos/[categoria] › /productos/seguridad-industrial — debe tener al menos 1 CTA de WhatsApp" classname="products.spec.ts" time="0.491">
<system-out>
<![CDATA[
[[ATTACHMENT|products-Páginas-de-catego-33cfc--al-menos-1-CTA-de-WhatsApp-Desktop-Chrome/test-finished-1.png]]

[[ATTACHMENT|products-Páginas-de-catego-33cfc--al-menos-1-CTA-de-WhatsApp-Desktop-Chrome/video.webm]]

[[ATTACHMENT|products-Páginas-de-catego-33cfc--al-menos-1-CTA-de-WhatsApp-Desktop-Chrome/trace.zip]]
]]>
</system-out>
</testcase>
<testcase name="Páginas de categoría — /productos/[categoria] › /productos/pinturas — debe cargar correctamente" classname="products.spec.ts" time="0.235">
<system-out>
<![CDATA[
[[ATTACHMENT|products-Páginas-de-catego-421f5-—-debe-cargar-correctamente-Desktop-Chrome/test-finished-1.png]]

[[ATTACHMENT|products-Páginas-de-catego-421f5-—-debe-cargar-correctamente-Desktop-Chrome/video.webm]]

[[ATTACHMENT|products-Páginas-de-catego-421f5-—-debe-cargar-correctamente-Desktop-Chrome/trace.zip]]
]]>
</system-out>
</testcase>
<testcase name="Páginas de categoría — /productos/[categoria] › /productos/pinturas — debe mostrar el nombre de la categoría" classname="products.spec.ts" time="0.494">
<system-out>
<![CDATA[
[[ATTACHMENT|products-Páginas-de-catego-78f5e-r-el-nombre-de-la-categoría-Desktop-Chrome/test-finished-1.png]]

[[ATTACHMENT|products-Páginas-de-catego-78f5e-r-el-nombre-de-la-categoría-Desktop-Chrome/video.webm]]

[[ATTACHMENT|products-Páginas-de-catego-78f5e-r-el-nombre-de-la-categoría-Desktop-Chrome/trace.zip]]
]]>
</system-out>
</testcase>
<testcase name="Páginas de categoría — /productos/[categoria] › /productos/pinturas — debe tener breadcrumb con link a /productos" classname="products.spec.ts" time="0.469">
<system-out>
<![CDATA[
[[ATTACHMENT|products-Páginas-de-catego-0c7d6-dcrumb-con-link-a-productos-Desktop-Chrome/test-finished-1.png]]

[[ATTACHMENT|products-Páginas-de-catego-0c7d6-dcrumb-con-link-a-productos-Desktop-Chrome/video.webm]]

[[ATTACHMENT|products-Páginas-de-catego-0c7d6-dcrumb-con-link-a-productos-Desktop-Chrome/trace.zip]]
]]>
</system-out>
</testcase>
<testcase name="Páginas de categoría — /productos/[categoria] › /productos/pinturas — debe tener al menos 1 CTA de WhatsApp" classname="products.spec.ts" time="0.442">
<system-out>
<![CDATA[
[[ATTACHMENT|products-Páginas-de-catego-3a854--al-menos-1-CTA-de-WhatsApp-Desktop-Chrome/test-finished-1.png]]

[[ATTACHMENT|products-Páginas-de-catego-3a854--al-menos-1-CTA-de-WhatsApp-Desktop-Chrome/video.webm]]

[[ATTACHMENT|products-Páginas-de-catego-3a854--al-menos-1-CTA-de-WhatsApp-Desktop-Chrome/trace.zip]]
]]>
</system-out>
</testcase>
<testcase name="Páginas de categoría — /productos/[categoria] › /productos/materiales-construccion — debe cargar correctamente" classname="products.spec.ts" time="0.229">
<system-out>
<![CDATA[
[[ATTACHMENT|products-Páginas-de-catego-fb88e-—-debe-cargar-correctamente-Desktop-Chrome/test-finished-1.png]]

[[ATTACHMENT|products-Páginas-de-catego-fb88e-—-debe-cargar-correctamente-Desktop-Chrome/video.webm]]

[[ATTACHMENT|products-Páginas-de-catego-fb88e-—-debe-cargar-correctamente-Desktop-Chrome/trace.zip]]
]]>
</system-out>
</testcase>
<testcase name="Páginas de categoría — /productos/[categoria] › /productos/materiales-construccion — debe mostrar el nombre de la categoría" classname="products.spec.ts" time="0.528">
<system-out>
<![CDATA[
[[ATTACHMENT|products-Páginas-de-catego-1fd43-r-el-nombre-de-la-categoría-Desktop-Chrome/test-finished-1.png]]

[[ATTACHMENT|products-Páginas-de-catego-1fd43-r-el-nombre-de-la-categoría-Desktop-Chrome/video.webm]]

[[ATTACHMENT|products-Páginas-de-catego-1fd43-r-el-nombre-de-la-categoría-Desktop-Chrome/trace.zip]]
]]>
</system-out>
</testcase>
<testcase name="Páginas de categoría — /productos/[categoria] › /productos/materiales-construccion — debe tener breadcrumb con link a /productos" classname="products.spec.ts" time="0.469">
<system-out>
<![CDATA[
[[ATTACHMENT|products-Páginas-de-catego-c3535-dcrumb-con-link-a-productos-Desktop-Chrome/test-finished-1.png]]

[[ATTACHMENT|products-Páginas-de-catego-c3535-dcrumb-con-link-a-productos-Desktop-Chrome/video.webm]]

[[ATTACHMENT|products-Páginas-de-catego-c3535-dcrumb-con-link-a-productos-Desktop-Chrome/trace.zip]]
]]>
</system-out>
</testcase>
<testcase name="Páginas de categoría — /productos/[categoria] › /productos/materiales-construccion — debe tener al menos 1 CTA de WhatsApp" classname="products.spec.ts" time="0.491">
<system-out>
<![CDATA[
[[ATTACHMENT|products-Páginas-de-catego-65807--al-menos-1-CTA-de-WhatsApp-Desktop-Chrome/test-finished-1.png]]

[[ATTACHMENT|products-Páginas-de-catego-65807--al-menos-1-CTA-de-WhatsApp-Desktop-Chrome/video.webm]]

[[ATTACHMENT|products-Páginas-de-catego-65807--al-menos-1-CTA-de-WhatsApp-Desktop-Chrome/trace.zip]]
]]>
</system-out>
</testcase>
</testsuite>
<testsuite name="seo.spec.ts" timestamp="2026-06-12T12:10:30.534Z" hostname="Desktop Chrome" tests="33" failures="0" skipped="0" time="17.636" errors="0">
<testcase name="SEO — Meta tags y estructura › Homepage (/) — debe tener &lt;title&gt;" classname="seo.spec.ts" time="0.615">
<system-out>
<![CDATA[
[[ATTACHMENT|seo-SEO-—-Meta-tags-y-estr-c9c5f-omepage-—-debe-tener-title--Desktop-Chrome/test-finished-1.png]]

[[ATTACHMENT|seo-SEO-—-Meta-tags-y-estr-c9c5f-omepage-—-debe-tener-title--Desktop-Chrome/video.webm]]

[[ATTACHMENT|seo-SEO-—-Meta-tags-y-estr-c9c5f-omepage-—-debe-tener-title--Desktop-Chrome/trace.zip]]
]]>
</system-out>
</testcase>
<testcase name="SEO — Meta tags y estructura › Homepage (/) — debe tener meta description" classname="seo.spec.ts" time="0.671">
<system-out>
<![CDATA[
[[ATTACHMENT|seo-SEO-—-Meta-tags-y-estr-310c0-debe-tener-meta-description-Desktop-Chrome/test-finished-1.png]]

[[ATTACHMENT|seo-SEO-—-Meta-tags-y-estr-310c0-debe-tener-meta-description-Desktop-Chrome/video.webm]]

[[ATTACHMENT|seo-SEO-—-Meta-tags-y-estr-310c0-debe-tener-meta-description-Desktop-Chrome/trace.zip]]
]]>
</system-out>
</testcase>
<testcase name="SEO — Meta tags y estructura › Homepage (/) — debe tener un solo H1" classname="seo.spec.ts" time="0.672">
<system-out>
<![CDATA[
[[ATTACHMENT|seo-SEO-—-Meta-tags-y-estr-1108d-age-—-debe-tener-un-solo-H1-Desktop-Chrome/test-finished-1.png]]

[[ATTACHMENT|seo-SEO-—-Meta-tags-y-estr-1108d-age-—-debe-tener-un-solo-H1-Desktop-Chrome/video.webm]]

[[ATTACHMENT|seo-SEO-—-Meta-tags-y-estr-1108d-age-—-debe-tener-un-solo-H1-Desktop-Chrome/trace.zip]]
]]>
</system-out>
</testcase>
<testcase name="SEO — Meta tags y estructura › Homepage (/) — debe tener canonical link" classname="seo.spec.ts" time="0.681">
<system-out>
<![CDATA[
[[ATTACHMENT|seo-SEO-—-Meta-tags-y-estr-3bb05-—-debe-tener-canonical-link-Desktop-Chrome/test-finished-1.png]]

[[ATTACHMENT|seo-SEO-—-Meta-tags-y-estr-3bb05-—-debe-tener-canonical-link-Desktop-Chrome/video.webm]]

[[ATTACHMENT|seo-SEO-—-Meta-tags-y-estr-3bb05-—-debe-tener-canonical-link-Desktop-Chrome/trace.zip]]
]]>
</system-out>
</testcase>
<testcase name="SEO — Meta tags y estructura › Homepage (/) — debe tener og:title" classname="seo.spec.ts" time="0.71">
<system-out>
<![CDATA[
[[ATTACHMENT|seo-SEO-—-Meta-tags-y-estr-d6f5c-epage-—-debe-tener-og-title-Desktop-Chrome/test-finished-1.png]]

[[ATTACHMENT|seo-SEO-—-Meta-tags-y-estr-d6f5c-epage-—-debe-tener-og-title-Desktop-Chrome/video.webm]]

[[ATTACHMENT|seo-SEO-—-Meta-tags-y-estr-d6f5c-epage-—-debe-tener-og-title-Desktop-Chrome/trace.zip]]
]]>
</system-out>
</testcase>
<testcase name="SEO — Meta tags y estructura › Productos (/productos) — debe tener &lt;title&gt;" classname="seo.spec.ts" time="0.46">
<system-out>
<![CDATA[
[[ATTACHMENT|seo-SEO-—-Meta-tags-y-estr-c88aa-oductos-—-debe-tener-title--Desktop-Chrome/test-finished-1.png]]

[[ATTACHMENT|seo-SEO-—-Meta-tags-y-estr-c88aa-oductos-—-debe-tener-title--Desktop-Chrome/video.webm]]

[[ATTACHMENT|seo-SEO-—-Meta-tags-y-estr-c88aa-oductos-—-debe-tener-title--Desktop-Chrome/trace.zip]]
]]>
</system-out>
</testcase>
<testcase name="SEO — Meta tags y estructura › Productos (/productos) — debe tener meta description" classname="seo.spec.ts" time="0.464">
<system-out>
<![CDATA[
[[ATTACHMENT|seo-SEO-—-Meta-tags-y-estr-a47fe-debe-tener-meta-description-Desktop-Chrome/test-finished-1.png]]

[[ATTACHMENT|seo-SEO-—-Meta-tags-y-estr-a47fe-debe-tener-meta-description-Desktop-Chrome/video.webm]]

[[ATTACHMENT|seo-SEO-—-Meta-tags-y-estr-a47fe-debe-tener-meta-description-Desktop-Chrome/trace.zip]]
]]>
</system-out>
</testcase>
<testcase name="SEO — Meta tags y estructura › Productos (/productos) — debe tener un solo H1" classname="seo.spec.ts" time="0.475">
<system-out>
<![CDATA[
[[ATTACHMENT|seo-SEO-—-Meta-tags-y-estr-6bf13-tos-—-debe-tener-un-solo-H1-Desktop-Chrome/test-finished-1.png]]

[[ATTACHMENT|seo-SEO-—-Meta-tags-y-estr-6bf13-tos-—-debe-tener-un-solo-H1-Desktop-Chrome/video.webm]]

[[ATTACHMENT|seo-SEO-—-Meta-tags-y-estr-6bf13-tos-—-debe-tener-un-solo-H1-Desktop-Chrome/trace.zip]]
]]>
</system-out>
</testcase>
<testcase name="SEO — Meta tags y estructura › Productos (/productos) — debe tener canonical link" classname="seo.spec.ts" time="0.498">
<system-out>
<![CDATA[
[[ATTACHMENT|seo-SEO-—-Meta-tags-y-estr-c5d5b-—-debe-tener-canonical-link-Desktop-Chrome/test-finished-1.png]]

[[ATTACHMENT|seo-SEO-—-Meta-tags-y-estr-c5d5b-—-debe-tener-canonical-link-Desktop-Chrome/video.webm]]

[[ATTACHMENT|seo-SEO-—-Meta-tags-y-estr-c5d5b-—-debe-tener-canonical-link-Desktop-Chrome/trace.zip]]
]]>
</system-out>
</testcase>
<testcase name="SEO — Meta tags y estructura › Productos (/productos) — debe tener og:title" classname="seo.spec.ts" time="0.475">
<system-out>
<![CDATA[
[[ATTACHMENT|seo-SEO-—-Meta-tags-y-estr-40104-uctos-—-debe-tener-og-title-Desktop-Chrome/test-finished-1.png]]

[[ATTACHMENT|seo-SEO-—-Meta-tags-y-estr-40104-uctos-—-debe-tener-og-title-Desktop-Chrome/video.webm]]

[[ATTACHMENT|seo-SEO-—-Meta-tags-y-estr-40104-uctos-—-debe-tener-og-title-Desktop-Chrome/trace.zip]]
]]>
</system-out>
</testcase>
<testcase name="SEO — Meta tags y estructura › Herramienta Manual (/productos/herramienta-manual) — debe tener &lt;title&gt;" classname="seo.spec.ts" time="0.443">
<system-out>
<![CDATA[
[[ATTACHMENT|seo-SEO-—-Meta-tags-y-estr-6faec--manual-—-debe-tener-title--Desktop-Chrome/test-finished-1.png]]

[[ATTACHMENT|seo-SEO-—-Meta-tags-y-estr-6faec--manual-—-debe-tener-title--Desktop-Chrome/video.webm]]

[[ATTACHMENT|seo-SEO-—-Meta-tags-y-estr-6faec--manual-—-debe-tener-title--Desktop-Chrome/trace.zip]]
]]>
</system-out>
</testcase>
<testcase name="SEO — Meta tags y estructura › Herramienta Manual (/productos/herramienta-manual) — debe tener meta description" classname="seo.spec.ts" time="0.493">
<system-out>
<![CDATA[
[[ATTACHMENT|seo-SEO-—-Meta-tags-y-estr-43002-debe-tener-meta-description-Desktop-Chrome/test-finished-1.png]]

[[ATTACHMENT|seo-SEO-—-Meta-tags-y-estr-43002-debe-tener-meta-description-Desktop-Chrome/video.webm]]

[[ATTACHMENT|seo-SEO-—-Meta-tags-y-estr-43002-debe-tener-meta-description-Desktop-Chrome/trace.zip]]
]]>
</system-out>
</testcase>
<testcase name="SEO — Meta tags y estructura › Herramienta Manual (/productos/herramienta-manual) — debe tener un solo H1" classname="seo.spec.ts" time="0.489">
<system-out>
<![CDATA[
[[ATTACHMENT|seo-SEO-—-Meta-tags-y-estr-346a8-ual-—-debe-tener-un-solo-H1-Desktop-Chrome/test-finished-1.png]]

[[ATTACHMENT|seo-SEO-—-Meta-tags-y-estr-346a8-ual-—-debe-tener-un-solo-H1-Desktop-Chrome/video.webm]]

[[ATTACHMENT|seo-SEO-—-Meta-tags-y-estr-346a8-ual-—-debe-tener-un-solo-H1-Desktop-Chrome/trace.zip]]
]]>
</system-out>
</testcase>
<testcase name="SEO — Meta tags y estructura › Herramienta Manual (/productos/herramienta-manual) — debe tener canonical link" classname="seo.spec.ts" time="0.443">
<system-out>
<![CDATA[
[[ATTACHMENT|seo-SEO-—-Meta-tags-y-estr-b04ba-—-debe-tener-canonical-link-Desktop-Chrome/test-finished-1.png]]

[[ATTACHMENT|seo-SEO-—-Meta-tags-y-estr-b04ba-—-debe-tener-canonical-link-Desktop-Chrome/video.webm]]

[[ATTACHMENT|seo-SEO-—-Meta-tags-y-estr-b04ba-—-debe-tener-canonical-link-Desktop-Chrome/trace.zip]]
]]>
</system-out>
</testcase>
<testcase name="SEO — Meta tags y estructura › Herramienta Manual (/productos/herramienta-manual) — debe tener og:title" classname="seo.spec.ts" time="0.41">
<system-out>
<![CDATA[
[[ATTACHMENT|seo-SEO-—-Meta-tags-y-estr-73597-anual-—-debe-tener-og-title-Desktop-Chrome/test-finished-1.png]]

[[ATTACHMENT|seo-SEO-—-Meta-tags-y-estr-73597-anual-—-debe-tener-og-title-Desktop-Chrome/video.webm]]

[[ATTACHMENT|seo-SEO-—-Meta-tags-y-estr-73597-anual-—-debe-tener-og-title-Desktop-Chrome/trace.zip]]
]]>
</system-out>
</testcase>
<testcase name="SEO — Meta tags y estructura › Marcas (/marcas) — debe tener &lt;title&gt;" classname="seo.spec.ts" time="0.477">
<system-out>
<![CDATA[
[[ATTACHMENT|seo-SEO-—-Meta-tags-y-estr-06049--marcas-—-debe-tener-title--Desktop-Chrome/test-finished-1.png]]

[[ATTACHMENT|seo-SEO-—-Meta-tags-y-estr-06049--marcas-—-debe-tener-title--Desktop-Chrome/video.webm]]

[[ATTACHMENT|seo-SEO-—-Meta-tags-y-estr-06049--marcas-—-debe-tener-title--Desktop-Chrome/trace.zip]]
]]>
</system-out>
</testcase>
<testcase name="SEO — Meta tags y estructura › Marcas (/marcas) — debe tener meta description" classname="seo.spec.ts" time="0.517">
<system-out>
<![CDATA[
[[ATTACHMENT|seo-SEO-—-Meta-tags-y-estr-80ebf-debe-tener-meta-description-Desktop-Chrome/test-finished-1.png]]

[[ATTACHMENT|seo-SEO-—-Meta-tags-y-estr-80ebf-debe-tener-meta-description-Desktop-Chrome/video.webm]]

[[ATTACHMENT|seo-SEO-—-Meta-tags-y-estr-80ebf-debe-tener-meta-description-Desktop-Chrome/trace.zip]]
]]>
</system-out>
</testcase>
<testcase name="SEO — Meta tags y estructura › Marcas (/marcas) — debe tener un solo H1" classname="seo.spec.ts" time="0.547">
<system-out>
<![CDATA[
[[ATTACHMENT|seo-SEO-—-Meta-tags-y-estr-9d335-cas-—-debe-tener-un-solo-H1-Desktop-Chrome/test-finished-1.png]]

[[ATTACHMENT|seo-SEO-—-Meta-tags-y-estr-9d335-cas-—-debe-tener-un-solo-H1-Desktop-Chrome/video.webm]]

[[ATTACHMENT|seo-SEO-—-Meta-tags-y-estr-9d335-cas-—-debe-tener-un-solo-H1-Desktop-Chrome/trace.zip]]
]]>
</system-out>
</testcase>
<testcase name="SEO — Meta tags y estructura › Marcas (/marcas) — debe tener canonical link" classname="seo.spec.ts" time="0.477">
<system-out>
<![CDATA[
[[ATTACHMENT|seo-SEO-—-Meta-tags-y-estr-2788a-—-debe-tener-canonical-link-Desktop-Chrome/test-finished-1.png]]

[[ATTACHMENT|seo-SEO-—-Meta-tags-y-estr-2788a-—-debe-tener-canonical-link-Desktop-Chrome/video.webm]]

[[ATTACHMENT|seo-SEO-—-Meta-tags-y-estr-2788a-—-debe-tener-canonical-link-Desktop-Chrome/trace.zip]]
]]>
</system-out>
</testcase>
<testcase name="SEO — Meta tags y estructura › Marcas (/marcas) — debe tener og:title" classname="seo.spec.ts" time="0.499">
<system-out>
<![CDATA[
[[ATTACHMENT|seo-SEO-—-Meta-tags-y-estr-09351-arcas-—-debe-tener-og-title-Desktop-Chrome/test-finished-1.png]]

[[ATTACHMENT|seo-SEO-—-Meta-tags-y-estr-09351-arcas-—-debe-tener-og-title-Desktop-Chrome/video.webm]]

[[ATTACHMENT|seo-SEO-—-Meta-tags-y-estr-09351-arcas-—-debe-tener-og-title-Desktop-Chrome/trace.zip]]
]]>
</system-out>
</testcase>
<testcase name="SEO — Meta tags y estructura › Nosotros (/nosotros) — debe tener &lt;title&gt;" classname="seo.spec.ts" time="0.476">
<system-out>
<![CDATA[
[[ATTACHMENT|seo-SEO-—-Meta-tags-y-estr-d7f2f-osotros-—-debe-tener-title--Desktop-Chrome/test-finished-1.png]]

[[ATTACHMENT|seo-SEO-—-Meta-tags-y-estr-d7f2f-osotros-—-debe-tener-title--Desktop-Chrome/video.webm]]

[[ATTACHMENT|seo-SEO-—-Meta-tags-y-estr-d7f2f-osotros-—-debe-tener-title--Desktop-Chrome/trace.zip]]
]]>
</system-out>
</testcase>
<testcase name="SEO — Meta tags y estructura › Nosotros (/nosotros) — debe tener meta description" classname="seo.spec.ts" time="0.539">
<system-out>
<![CDATA[
[[ATTACHMENT|seo-SEO-—-Meta-tags-y-estr-9975f-debe-tener-meta-description-Desktop-Chrome/test-finished-1.png]]

[[ATTACHMENT|seo-SEO-—-Meta-tags-y-estr-9975f-debe-tener-meta-description-Desktop-Chrome/video.webm]]

[[ATTACHMENT|seo-SEO-—-Meta-tags-y-estr-9975f-debe-tener-meta-description-Desktop-Chrome/trace.zip]]
]]>
</system-out>
</testcase>
<testcase name="SEO — Meta tags y estructura › Nosotros (/nosotros) — debe tener un solo H1" classname="seo.spec.ts" time="0.533">
<system-out>
<![CDATA[
[[ATTACHMENT|seo-SEO-—-Meta-tags-y-estr-c76f8-ros-—-debe-tener-un-solo-H1-Desktop-Chrome/test-finished-1.png]]

[[ATTACHMENT|seo-SEO-—-Meta-tags-y-estr-c76f8-ros-—-debe-tener-un-solo-H1-Desktop-Chrome/video.webm]]

[[ATTACHMENT|seo-SEO-—-Meta-tags-y-estr-c76f8-ros-—-debe-tener-un-solo-H1-Desktop-Chrome/trace.zip]]
]]>
</system-out>
</testcase>
<testcase name="SEO — Meta tags y estructura › Nosotros (/nosotros) — debe tener canonical link" classname="seo.spec.ts" time="0.545">
<system-out>
<![CDATA[
[[ATTACHMENT|seo-SEO-—-Meta-tags-y-estr-e2745-—-debe-tener-canonical-link-Desktop-Chrome/test-finished-1.png]]

[[ATTACHMENT|seo-SEO-—-Meta-tags-y-estr-e2745-—-debe-tener-canonical-link-Desktop-Chrome/video.webm]]

[[ATTACHMENT|seo-SEO-—-Meta-tags-y-estr-e2745-—-debe-tener-canonical-link-Desktop-Chrome/trace.zip]]
]]>
</system-out>
</testcase>
<testcase name="SEO — Meta tags y estructura › Nosotros (/nosotros) — debe tener og:title" classname="seo.spec.ts" time="0.544">
<system-out>
<![CDATA[
[[ATTACHMENT|seo-SEO-—-Meta-tags-y-estr-735c6-otros-—-debe-tener-og-title-Desktop-Chrome/test-finished-1.png]]

[[ATTACHMENT|seo-SEO-—-Meta-tags-y-estr-735c6-otros-—-debe-tener-og-title-Desktop-Chrome/video.webm]]

[[ATTACHMENT|seo-SEO-—-Meta-tags-y-estr-735c6-otros-—-debe-tener-og-title-Desktop-Chrome/trace.zip]]
]]>
</system-out>
</testcase>
<testcase name="SEO — Meta tags y estructura › Contacto (/contacto) — debe tener &lt;title&gt;" classname="seo.spec.ts" time="0.588">
<system-out>
<![CDATA[
[[ATTACHMENT|seo-SEO-—-Meta-tags-y-estr-27bf1-ontacto-—-debe-tener-title--Desktop-Chrome/test-finished-1.png]]

[[ATTACHMENT|seo-SEO-—-Meta-tags-y-estr-27bf1-ontacto-—-debe-tener-title--Desktop-Chrome/video.webm]]

[[ATTACHMENT|seo-SEO-—-Meta-tags-y-estr-27bf1-ontacto-—-debe-tener-title--Desktop-Chrome/trace.zip]]
]]>
</system-out>
</testcase>
<testcase name="SEO — Meta tags y estructura › Contacto (/contacto) — debe tener meta description" classname="seo.spec.ts" time="0.614">
<system-out>
<![CDATA[
[[ATTACHMENT|seo-SEO-—-Meta-tags-y-estr-d8f81-debe-tener-meta-description-Desktop-Chrome/test-finished-1.png]]

[[ATTACHMENT|seo-SEO-—-Meta-tags-y-estr-d8f81-debe-tener-meta-description-Desktop-Chrome/video.webm]]

[[ATTACHMENT|seo-SEO-—-Meta-tags-y-estr-d8f81-debe-tener-meta-description-Desktop-Chrome/trace.zip]]
]]>
</system-out>
</testcase>
<testcase name="SEO — Meta tags y estructura › Contacto (/contacto) — debe tener un solo H1" classname="seo.spec.ts" time="0.625">
<system-out>
<![CDATA[
[[ATTACHMENT|seo-SEO-—-Meta-tags-y-estr-210c7-cto-—-debe-tener-un-solo-H1-Desktop-Chrome/test-finished-1.png]]

[[ATTACHMENT|seo-SEO-—-Meta-tags-y-estr-210c7-cto-—-debe-tener-un-solo-H1-Desktop-Chrome/video.webm]]

[[ATTACHMENT|seo-SEO-—-Meta-tags-y-estr-210c7-cto-—-debe-tener-un-solo-H1-Desktop-Chrome/trace.zip]]
]]>
</system-out>
</testcase>
<testcase name="SEO — Meta tags y estructura › Contacto (/contacto) — debe tener canonical link" classname="seo.spec.ts" time="0.641">
<system-out>
<![CDATA[
[[ATTACHMENT|seo-SEO-—-Meta-tags-y-estr-642f2-—-debe-tener-canonical-link-Desktop-Chrome/test-finished-1.png]]

[[ATTACHMENT|seo-SEO-—-Meta-tags-y-estr-642f2-—-debe-tener-canonical-link-Desktop-Chrome/video.webm]]

[[ATTACHMENT|seo-SEO-—-Meta-tags-y-estr-642f2-—-debe-tener-canonical-link-Desktop-Chrome/trace.zip]]
]]>
</system-out>
</testcase>
<testcase name="SEO — Meta tags y estructura › Contacto (/contacto) — debe tener og:title" classname="seo.spec.ts" time="0.604">
<system-out>
<![CDATA[
[[ATTACHMENT|seo-SEO-—-Meta-tags-y-estr-b27b6-tacto-—-debe-tener-og-title-Desktop-Chrome/test-finished-1.png]]

[[ATTACHMENT|seo-SEO-—-Meta-tags-y-estr-b27b6-tacto-—-debe-tener-og-title-Desktop-Chrome/video.webm]]

[[ATTACHMENT|seo-SEO-—-Meta-tags-y-estr-b27b6-tacto-—-debe-tener-og-title-Desktop-Chrome/trace.zip]]
]]>
</system-out>
</testcase>
<testcase name="SEO — Meta tags y estructura › Homepage — Schema.org HardwareStore debe ser JSON válido" classname="seo.spec.ts" time="0.662">
<system-out>
<![CDATA[
[[ATTACHMENT|seo-SEO-—-Meta-tags-y-estr-7a1d9-eStore-debe-ser-JSON-válido-Desktop-Chrome/test-finished-1.png]]

[[ATTACHMENT|seo-SEO-—-Meta-tags-y-estr-7a1d9-eStore-debe-ser-JSON-válido-Desktop-Chrome/video.webm]]

[[ATTACHMENT|seo-SEO-—-Meta-tags-y-estr-7a1d9-eStore-debe-ser-JSON-válido-Desktop-Chrome/trace.zip]]
]]>
</system-out>
</testcase>
<testcase name="SEO — Meta tags y estructura › Página 404 — debe tener noindex" classname="seo.spec.ts" time="0.496">
<system-out>
<![CDATA[
[[ATTACHMENT|seo-SEO-—-Meta-tags-y-estr-6a6c7-na-404-—-debe-tener-noindex-Desktop-Chrome/test-finished-1.png]]

[[ATTACHMENT|seo-SEO-—-Meta-tags-y-estr-6a6c7-na-404-—-debe-tener-noindex-Desktop-Chrome/video.webm]]

[[ATTACHMENT|seo-SEO-—-Meta-tags-y-estr-6a6c7-na-404-—-debe-tener-noindex-Desktop-Chrome/trace.zip]]
]]>
</system-out>
</testcase>
<testcase name="SEO — Meta tags y estructura › Sitemap — debe existir y ser XML válido" classname="seo.spec.ts" time="0.253">
<system-out>
<![CDATA[
[[ATTACHMENT|seo-SEO-—-Meta-tags-y-estr-bf69f-be-existir-y-ser-XML-válido-Desktop-Chrome/test-finished-1.png]]

[[ATTACHMENT|seo-SEO-—-Meta-tags-y-estr-bf69f-be-existir-y-ser-XML-válido-Desktop-Chrome/video.webm]]

[[ATTACHMENT|seo-SEO-—-Meta-tags-y-estr-bf69f-be-existir-y-ser-XML-válido-Desktop-Chrome/trace.zip]]
]]>
</system-out>
</testcase>
</testsuite>
</testsuites>