<?xml version="1.0" encoding="UTF-8" ?>
<testsuites name="Unit — DismaferWeb" tests="69" failures="0" errors="0" time="0.057967316">
    <testsuite name="src/tests/unit/brands.test.ts" timestamp="2026-05-27T18:53:50.990Z" hostname="runnervmg397c" tests="9" failures="0" errors="0" skipped="0" time="0.00927873">
        <testcase classname="src/tests/unit/brands.test.ts" name="Brands data &gt; estructura del array &gt; debe tener al menos 5 marcas" time="0.002434557">
        </testcase>
        <testcase classname="src/tests/unit/brands.test.ts" name="Brands data &gt; estructura del array &gt; debe incluir las marcas principales de Dismafer" time="0.001457914">
        </testcase>
        <testcase classname="src/tests/unit/brands.test.ts" name="Brands data &gt; estructura del array &gt; todos los ids deben ser únicos" time="0.00032469">
        </testcase>
        <testcase classname="src/tests/unit/brands.test.ts" name="Brands data &gt; estructura del array &gt; todos los slugs deben ser únicos" time="0.000169992">
        </testcase>
        <testcase classname="src/tests/unit/brands.test.ts" name="Brands data &gt; integridad de campos &gt; cada marca debe tener todos los campos requeridos" time="0.001125754">
        </testcase>
        <testcase classname="src/tests/unit/brands.test.ts" name="Brands data &gt; integridad de campos &gt; los slugs no deben contener espacios ni mayúsculas" time="0.000386871">
        </testcase>
        <testcase classname="src/tests/unit/brands.test.ts" name="Brands data &gt; featuredBrands &gt; featuredBrands debe ser un subconjunto de brands" time="0.000349056">
        </testcase>
        <testcase classname="src/tests/unit/brands.test.ts" name="Brands data &gt; featuredBrands &gt; todas las marcas en featuredBrands deben tener featured=true" time="0.000251392">
        </testcase>
        <testcase classname="src/tests/unit/brands.test.ts" name="Brands data &gt; featuredBrands &gt; Truper debe estar en featuredBrands (marca principal de Dismafer)" time="0.000167547">
        </testcase>
    </testsuite>
    <testsuite name="src/tests/unit/categories.test.ts" timestamp="2026-05-27T18:53:50.992Z" hostname="runnervmg397c" tests="12" failures="0" errors="0" skipped="0" time="0.01090374">
        <testcase classname="src/tests/unit/categories.test.ts" name="Categories data &gt; estructura del array &gt; debe tener exactamente 6 categorías" time="0.0032965">
        </testcase>
        <testcase classname="src/tests/unit/categories.test.ts" name="Categories data &gt; estructura del array &gt; debe incluir las 6 categorías requeridas por el negocio" time="0.000948582">
        </testcase>
        <testcase classname="src/tests/unit/categories.test.ts" name="Categories data &gt; estructura del array &gt; todos los slugs deben ser únicos" time="0.000300273">
        </testcase>
        <testcase classname="src/tests/unit/categories.test.ts" name="Categories data &gt; estructura del array &gt; todos los ids deben ser únicos" time="0.00023649">
        </testcase>
        <testcase classname="src/tests/unit/categories.test.ts" name="Categories data &gt; integridad de campos &gt; cada categoría debe tener todos los campos requeridos" time="0.001260693">
        </testcase>
        <testcase classname="src/tests/unit/categories.test.ts" name="Categories data &gt; integridad de campos &gt; los slugs no deben contener espacios ni mayúsculas" time="0.000438939">
        </testcase>
        <testcase classname="src/tests/unit/categories.test.ts" name="Categories data &gt; integridad de campos &gt; las descriptions deben tener al menos 10 caracteres" time="0.000411408">
        </testcase>
        <testcase classname="src/tests/unit/categories.test.ts" name="Categories data &gt; integridad de campos &gt; los colors deben ser clases Tailwind válidas" time="0.000379641">
        </testcase>
        <testcase classname="src/tests/unit/categories.test.ts" name="Categories data &gt; getCategoryBySlug() &gt; debe retornar la categoría correcta para un slug válido" time="0.000374263">
        </testcase>
        <testcase classname="src/tests/unit/categories.test.ts" name="Categories data &gt; getCategoryBySlug() &gt; debe retornar undefined para un slug inexistente" time="0.000201999">
        </testcase>
        <testcase classname="src/tests/unit/categories.test.ts" name="Categories data &gt; getCategoryBySlug() &gt; debe retornar undefined para string vacío" time="0.00012193">
        </testcase>
        <testcase classname="src/tests/unit/categories.test.ts" name="Categories data &gt; getCategoryBySlug() &gt; debe funcionar para cada uno de los 6 slugs válidos" time="0.000523543">
        </testcase>
    </testsuite>
    <testsuite name="src/tests/unit/data-index.test.ts" timestamp="2026-05-27T18:53:50.994Z" hostname="runnervmg397c" tests="11" failures="0" errors="0" skipped="0" time="0.007364281">
        <testcase classname="src/tests/unit/data-index.test.ts" name="Data index barrel export &gt; debe exportar siteConfig" time="0.002583067">
        </testcase>
        <testcase classname="src/tests/unit/data-index.test.ts" name="Data index barrel export &gt; debe exportar categories como array" time="0.000429395">
        </testcase>
        <testcase classname="src/tests/unit/data-index.test.ts" name="Data index barrel export &gt; debe exportar getCategoryBySlug como función" time="0.000222799">
        </testcase>
        <testcase classname="src/tests/unit/data-index.test.ts" name="Data index barrel export &gt; debe exportar brands como array" time="0.000245082">
        </testcase>
        <testcase classname="src/tests/unit/data-index.test.ts" name="Data index barrel export &gt; debe exportar featuredBrands como array" time="0.000214217">
        </testcase>
        <testcase classname="src/tests/unit/data-index.test.ts" name="Data index barrel export &gt; debe exportar products como array" time="0.000225013">
        </testcase>
        <testcase classname="src/tests/unit/data-index.test.ts" name="Data index barrel export &gt; debe exportar featuredProducts como array" time="0.000191072">
        </testcase>
        <testcase classname="src/tests/unit/data-index.test.ts" name="Data index barrel export &gt; debe exportar getProductsByCategory como función" time="0.000177713">
        </testcase>
        <testcase classname="src/tests/unit/data-index.test.ts" name="Data index barrel export &gt; debe exportar getProductBySlug como función" time="0.000199024">
        </testcase>
        <testcase classname="src/tests/unit/data-index.test.ts" name="Data index barrel export &gt; consistencia: featuredBrands es subconjunto de brands" time="0.000347864">
        </testcase>
        <testcase classname="src/tests/unit/data-index.test.ts" name="Data index barrel export &gt; consistencia: featuredProducts es subconjunto de products" time="0.000432399">
        </testcase>
    </testsuite>
    <testsuite name="src/tests/unit/products.test.ts" timestamp="2026-05-27T18:53:50.996Z" hostname="runnervmg397c" tests="18" failures="0" errors="0" skipped="0" time="0.018911611">
        <testcase classname="src/tests/unit/products.test.ts" name="Products data &gt; estructura del array &gt; debe tener al menos 12 productos" time="0.002722954">
        </testcase>
        <testcase classname="src/tests/unit/products.test.ts" name="Products data &gt; estructura del array &gt; todos los ids deben ser únicos" time="0.000424027">
        </testcase>
        <testcase classname="src/tests/unit/products.test.ts" name="Products data &gt; estructura del array &gt; todos los slugs deben ser únicos" time="0.000235998">
        </testcase>
        <testcase classname="src/tests/unit/products.test.ts" name="Products data &gt; integridad de campos &gt; cada producto debe tener todos los campos requeridos" time="0.004153247">
        </testcase>
        <testcase classname="src/tests/unit/products.test.ts" name="Products data &gt; integridad de campos &gt; los slugs no deben contener espacios" time="0.001023282">
        </testcase>
        <testcase classname="src/tests/unit/products.test.ts" name="Products data &gt; integridad de campos &gt; shortDescription debe ser más corta o igual que description" time="0.00131996">
        </testcase>
        <testcase classname="src/tests/unit/products.test.ts" name="Products data &gt; integridad referencial &gt; todos los categoryId deben referenciar categorías existentes" time="0.001794801">
        </testcase>
        <testcase classname="src/tests/unit/products.test.ts" name="Products data &gt; integridad referencial &gt; todos los brandId deben referenciar marcas existentes" time="0.00056222">
        </testcase>
        <testcase classname="src/tests/unit/products.test.ts" name="Products data &gt; integridad referencial &gt; debe haber al menos 1 producto por categoría" time="0.000443495">
        </testcase>
        <testcase classname="src/tests/unit/products.test.ts" name="Products data &gt; featuredProducts &gt; featuredProducts debe ser un subconjunto de products" time="0.000415344">
        </testcase>
        <testcase classname="src/tests/unit/products.test.ts" name="Products data &gt; featuredProducts &gt; todos los featuredProducts deben tener featured=true" time="0.000294425">
        </testcase>
        <testcase classname="src/tests/unit/products.test.ts" name="Products data &gt; featuredProducts &gt; debe haber al menos 1 producto destacado" time="0.000179345">
        </testcase>
        <testcase classname="src/tests/unit/products.test.ts" name="Products data &gt; getProductsByCategory() &gt; debe retornar productos de la categoría correcta" time="0.000307805">
        </testcase>
        <testcase classname="src/tests/unit/products.test.ts" name="Products data &gt; getProductsByCategory() &gt; debe retornar array vacío para categoría inexistente" time="0.000963804">
        </testcase>
        <testcase classname="src/tests/unit/products.test.ts" name="Products data &gt; getProductsByCategory() &gt; todos los productos de herramienta-electrica deben pertenecer a esa categoría" time="0.000244631">
        </testcase>
        <testcase classname="src/tests/unit/products.test.ts" name="Products data &gt; getProductBySlug() &gt; debe retornar el producto correcto para un slug válido" time="0.00037244">
        </testcase>
        <testcase classname="src/tests/unit/products.test.ts" name="Products data &gt; getProductBySlug() &gt; debe retornar undefined para slug inexistente" time="0.000222538">
        </testcase>
        <testcase classname="src/tests/unit/products.test.ts" name="Products data &gt; getProductBySlug() &gt; debe retornar undefined para string vacío" time="0.000175339">
        </testcase>
    </testsuite>
    <testsuite name="src/tests/unit/site.test.ts" timestamp="2026-05-27T18:53:50.999Z" hostname="runnervmg397c" tests="19" failures="0" errors="0" skipped="0" time="0.011508954">
        <testcase classname="src/tests/unit/site.test.ts" name="Site config &gt; información básica &gt; debe tener nombre del negocio" time="0.003082555">
        </testcase>
        <testcase classname="src/tests/unit/site.test.ts" name="Site config &gt; información básica &gt; debe tener tagline" time="0.000298921">
        </testcase>
        <testcase classname="src/tests/unit/site.test.ts" name="Site config &gt; información básica &gt; debe tener descripción" time="0.000335897">
        </testcase>
        <testcase classname="src/tests/unit/site.test.ts" name="Site config &gt; información básica &gt; url debe ser una URL válida" time="0.001273421">
        </testcase>
        <testcase classname="src/tests/unit/site.test.ts" name="Site config &gt; información básica &gt; url debe usar https" time="0.000275096">
        </testcase>
        <testcase classname="src/tests/unit/site.test.ts" name="Site config &gt; contacto &gt; debe tener teléfono en formato internacional" time="0.000234186">
        </testcase>
        <testcase classname="src/tests/unit/site.test.ts" name="Site config &gt; contacto &gt; debe tener número de WhatsApp" time="0.000323678">
        </testcase>
        <testcase classname="src/tests/unit/site.test.ts" name="Site config &gt; contacto &gt; whatsappUrl debe apuntar a wa.me" time="0.000199325">
        </testcase>
        <testcase classname="src/tests/unit/site.test.ts" name="Site config &gt; contacto &gt; debe tener email válido" time="0.000359902">
        </testcase>
        <testcase classname="src/tests/unit/site.test.ts" name="Site config &gt; contacto &gt; email debe ser del dominio dismafer.shop" time="0.000246534">
        </testcase>
        <testcase classname="src/tests/unit/site.test.ts" name="Site config &gt; contacto &gt; debe tener dirección completa" time="0.000225933">
        </testcase>
        <testcase classname="src/tests/unit/site.test.ts" name="Site config &gt; contacto &gt; debe tener URL de Google Maps" time="0.000195479">
        </testcase>
        <testcase classname="src/tests/unit/site.test.ts" name="Site config &gt; horarios &gt; debe tener horario de días de semana" time="0.000165214">
        </testcase>
        <testcase classname="src/tests/unit/site.test.ts" name="Site config &gt; horarios &gt; debe tener horario de sábado" time="0.000151865">
        </testcase>
        <testcase classname="src/tests/unit/site.test.ts" name="Site config &gt; horarios &gt; domingo debe indicar cerrado" time="0.0003249">
        </testcase>
        <testcase classname="src/tests/unit/site.test.ts" name="Site config &gt; horarios &gt; horario de semana debe tener formato HH:MM – HH:MM" time="0.000212394">
        </testcase>
        <testcase classname="src/tests/unit/site.test.ts" name="Site config &gt; redes sociales &gt; debe tener URL de Facebook" time="0.000205754">
        </testcase>
        <testcase classname="src/tests/unit/site.test.ts" name="Site config &gt; slogan &gt; debe tener slogan" time="0.000283469">
        </testcase>
        <testcase classname="src/tests/unit/site.test.ts" name="Site config &gt; slogan &gt; el slogan debe mencionar &quot;conseguimos&quot; (promesa de marca)" time="0.000184433">
        </testcase>
    </testsuite>
</testsuites>
