{"/home/runner/work/DismaferWeb/DismaferWeb/src/data/brands.ts": {"path":"/home/runner/work/DismaferWeb/DismaferWeb/src/data/brands.ts","statementMap":{"0":{"start":{"line":3,"column":31},"end":{"line":29,"column":null}},"1":{"start":{"line":31,"column":30},"end":{"line":31,"column":null}},"2":{"start":{"line":31,"column":51},"end":{"line":31,"column":61}}},"fnMap":{"0":{"name":"(anonymous_0)","decl":{"start":{"line":31,"column":44},"end":{"line":31,"column":45}},"loc":{"start":{"line":31,"column":51},"end":{"line":31,"column":61}},"line":31}},"branchMap":{},"s":{"0":2,"1":2,"2":6},"f":{"0":6},"b":{},"meta":{"lastBranch":0,"lastFunction":1,"lastStatement":3,"seen":{"s:3:31:29:Infinity":0,"s:31:30:31:Infinity":1,"f:31:44:31:45":0,"s:31:51:31:61":2},"fnNames":{}}}
,"/home/runner/work/DismaferWeb/DismaferWeb/src/data/categories.ts": {"path":"/home/runner/work/DismaferWeb/DismaferWeb/src/data/categories.ts","statementMap":{"0":{"start":{"line":3,"column":38},"end":{"line":58,"column":null}},"1":{"start":{"line":61,"column":2},"end":{"line":61,"column":null}},"2":{"start":{"line":61,"column":32},"end":{"line":61,"column":47}}},"fnMap":{"0":{"name":"getCategoryBySlug","decl":{"start":{"line":60,"column":16},"end":{"line":60,"column":34}},"loc":{"start":{"line":60,"column":70},"end":{"line":62,"column":null}},"line":60},"1":{"name":"(anonymous_1)","decl":{"start":{"line":61,"column":25},"end":{"line":61,"column":26}},"loc":{"start":{"line":61,"column":32},"end":{"line":61,"column":47}},"line":61}},"branchMap":{},"s":{"0":2,"1":9,"2":34},"f":{"0":9,"1":34},"b":{},"meta":{"lastBranch":0,"lastFunction":2,"lastStatement":3,"seen":{"s:3:38:58:Infinity":0,"f:60:16:60:34":0,"s:61:2:61:Infinity":1,"f:61:25:61:26":1,"s:61:32:61:47":2},"fnNames":{}}}
,"/home/runner/work/DismaferWeb/DismaferWeb/src/data/index.ts": {"path":"/home/runner/work/DismaferWeb/DismaferWeb/src/data/index.ts","statementMap":{},"fnMap":{},"branchMap":{},"s":{},"f":{},"b":{},"meta":{"lastBranch":0,"lastFunction":0,"lastStatement":0,"seen":{},"fnNames":{}}}
,"/home/runner/work/DismaferWeb/DismaferWeb/src/data/site.ts": {"path":"/home/runner/work/DismaferWeb/DismaferWeb/src/data/site.ts","statementMap":{"0":{"start":{"line":3,"column":38},"end":{"line":32,"column":null}}},"fnMap":{},"branchMap":{},"s":{"0":2},"f":{},"b":{},"meta":{"lastBranch":0,"lastFunction":0,"lastStatement":1,"seen":{"s:3:38:32:Infinity":0},"fnNames":{}}}
,"/home/runner/work/DismaferWeb/DismaferWeb/src/types/index.ts": {"path":"/home/runner/work/DismaferWeb/DismaferWeb/src/types/index.ts","statementMap":{},"fnMap":{},"branchMap":{},"s":{},"f":{},"b":{},"meta":{"lastBranch":0,"lastFunction":0,"lastStatement":0,"seen":{},"fnNames":{}}}
}
