<?xml version="1.0" encoding="UTF-8" ?>
<testsuites name="Unit — DismaferWeb" tests="44" failures="0" errors="0" time="0.035599805">
    <testsuite name="src/tests/unit/brands.test.ts" timestamp="2026-06-12T01:36:23.497Z" hostname="runnervm1li68" tests="9" failures="0" errors="0" skipped="0" time="0.008482126">
        <testcase classname="src/tests/unit/brands.test.ts" name="Brands data &gt; estructura del array &gt; debe tener al menos 3 marcas" time="0.002465507">
        </testcase>
        <testcase classname="src/tests/unit/brands.test.ts" name="Brands data &gt; estructura del array &gt; debe incluir las marcas principales de Dismafer" time="0.001348046">
        </testcase>
        <testcase classname="src/tests/unit/brands.test.ts" name="Brands data &gt; estructura del array &gt; todos los ids deben ser únicos" time="0.000331035">
        </testcase>
        <testcase classname="src/tests/unit/brands.test.ts" name="Brands data &gt; estructura del array &gt; todos los slugs deben ser únicos" time="0.000183414">
        </testcase>
        <testcase classname="src/tests/unit/brands.test.ts" name="Brands data &gt; integridad de campos &gt; cada marca debe tener todos los campos requeridos" time="0.000857152">
        </testcase>
        <testcase classname="src/tests/unit/brands.test.ts" name="Brands data &gt; integridad de campos &gt; los slugs no deben contener espacios ni mayúsculas" time="0.000332588">
        </testcase>
        <testcase classname="src/tests/unit/brands.test.ts" name="Brands data &gt; featuredBrands &gt; featuredBrands debe ser un subconjunto de brands" time="0.000298116">
        </testcase>
        <testcase classname="src/tests/unit/brands.test.ts" name="Brands data &gt; featuredBrands &gt; todas las marcas en featuredBrands deben tener featured=true" time="0.000194471">
        </testcase>
        <testcase classname="src/tests/unit/brands.test.ts" name="Brands data &gt; featuredBrands &gt; Truper debe estar en featuredBrands (marca principal de Dismafer)" time="0.000161562">
        </testcase>
    </testsuite>
    <testsuite name="src/tests/unit/categories.test.ts" timestamp="2026-06-12T01:36:23.500Z" hostname="runnervm1li68" tests="12" failures="0" errors="0" skipped="0" time="0.012072256">
        <testcase classname="src/tests/unit/categories.test.ts" name="Categories data &gt; estructura del array &gt; debe tener exactamente 6 categorías" time="0.003531372">
        </testcase>
        <testcase classname="src/tests/unit/categories.test.ts" name="Categories data &gt; estructura del array &gt; debe incluir las 6 categorías requeridas por el negocio" time="0.001109389">
        </testcase>
        <testcase classname="src/tests/unit/categories.test.ts" name="Categories data &gt; estructura del array &gt; todos los slugs deben ser únicos" time="0.000361601">
        </testcase>
        <testcase classname="src/tests/unit/categories.test.ts" name="Categories data &gt; estructura del array &gt; todos los ids deben ser únicos" time="0.000216674">
        </testcase>
        <testcase classname="src/tests/unit/categories.test.ts" name="Categories data &gt; integridad de campos &gt; cada categoría debe tener todos los campos requeridos" time="0.001420615">
        </testcase>
        <testcase classname="src/tests/unit/categories.test.ts" name="Categories data &gt; integridad de campos &gt; los slugs no deben contener espacios ni mayúsculas" time="0.000471776">
        </testcase>
        <testcase classname="src/tests/unit/categories.test.ts" name="Categories data &gt; integridad de campos &gt; las descriptions deben tener al menos 10 caracteres" time="0.000453969">
        </testcase>
        <testcase classname="src/tests/unit/categories.test.ts" name="Categories data &gt; integridad de campos &gt; los colors deben ser clases Tailwind válidas" time="0.000398246">
        </testcase>
        <testcase classname="src/tests/unit/categories.test.ts" name="Categories data &gt; getCategoryBySlug() &gt; debe retornar la categoría correcta para un slug válido" time="0.000331616">
        </testcase>
        <testcase classname="src/tests/unit/categories.test.ts" name="Categories data &gt; getCategoryBySlug() &gt; debe retornar undefined para un slug inexistente" time="0.000330074">
        </testcase>
        <testcase classname="src/tests/unit/categories.test.ts" name="Categories data &gt; getCategoryBySlug() &gt; debe retornar undefined para string vacío" time="0.000186459">
        </testcase>
        <testcase classname="src/tests/unit/categories.test.ts" name="Categories data &gt; getCategoryBySlug() &gt; debe funcionar para cada uno de los 6 slugs válidos" time="0.000571175">
        </testcase>
    </testsuite>
    <testsuite name="src/tests/unit/data-index.test.ts" timestamp="2026-06-12T01:36:23.503Z" hostname="runnervm1li68" tests="6" failures="0" errors="0" skipped="0" time="0.004768482">
        <testcase classname="src/tests/unit/data-index.test.ts" name="Data index barrel export &gt; debe exportar siteConfig" time="0.001991629">
        </testcase>
        <testcase classname="src/tests/unit/data-index.test.ts" name="Data index barrel export &gt; debe exportar categories como array" time="0.000302713">
        </testcase>
        <testcase classname="src/tests/unit/data-index.test.ts" name="Data index barrel export &gt; debe exportar getCategoryBySlug como función" time="0.000148972">
        </testcase>
        <testcase classname="src/tests/unit/data-index.test.ts" name="Data index barrel export &gt; debe exportar brands como array" time="0.00016745">
        </testcase>
        <testcase classname="src/tests/unit/data-index.test.ts" name="Data index barrel export &gt; debe exportar featuredBrands como array" time="0.000124526">
        </testcase>
        <testcase classname="src/tests/unit/data-index.test.ts" name="Data index barrel export &gt; consistencia: featuredBrands es subconjunto de brands" time="0.000213008">
        </testcase>
    </testsuite>
    <testsuite name="src/tests/unit/site.test.ts" timestamp="2026-06-12T01:36:23.504Z" hostname="runnervm1li68" tests="17" failures="0" errors="0" skipped="0" time="0.010276941">
        <testcase classname="src/tests/unit/site.test.ts" name="Site config &gt; información básica &gt; debe tener nombre del negocio" time="0.002668461">
        </testcase>
        <testcase classname="src/tests/unit/site.test.ts" name="Site config &gt; información básica &gt; debe tener tagline" time="0.000283484">
        </testcase>
        <testcase classname="src/tests/unit/site.test.ts" name="Site config &gt; información básica &gt; debe tener descripción" time="0.00034111">
        </testcase>
        <testcase classname="src/tests/unit/site.test.ts" name="Site config &gt; información básica &gt; url debe ser una URL válida" time="0.00127017">
        </testcase>
        <testcase classname="src/tests/unit/site.test.ts" name="Site config &gt; información básica &gt; url debe usar https" time="0.000283003">
        </testcase>
        <testcase classname="src/tests/unit/site.test.ts" name="Site config &gt; contacto &gt; debe tener teléfono en formato internacional" time="0.00022113">
        </testcase>
        <testcase classname="src/tests/unit/site.test.ts" name="Site config &gt; contacto &gt; debe tener número de WhatsApp" time="0.000263264">
        </testcase>
        <testcase classname="src/tests/unit/site.test.ts" name="Site config &gt; contacto &gt; whatsappUrl debe apuntar a wa.me" time="0.000222823">
        </testcase>
        <testcase classname="src/tests/unit/site.test.ts" name="Site config &gt; contacto &gt; debe tener dirección completa" time="0.000336634">
        </testcase>
        <testcase classname="src/tests/unit/site.test.ts" name="Site config &gt; contacto &gt; debe tener URL de Google Maps" time="0.000201652">
        </testcase>
        <testcase classname="src/tests/unit/site.test.ts" name="Site config &gt; horarios &gt; debe tener horario de días de semana" time="0.000154221">
        </testcase>
        <testcase classname="src/tests/unit/site.test.ts" name="Site config &gt; horarios &gt; debe tener horario de sábado" time="0.000134351">
        </testcase>
        <testcase classname="src/tests/unit/site.test.ts" name="Site config &gt; horarios &gt; domingo debe indicar cerrado" time="0.000317756">
        </testcase>
        <testcase classname="src/tests/unit/site.test.ts" name="Site config &gt; horarios &gt; horario de semana debe tener formato HH:MM – HH:MM" time="0.000205247">
        </testcase>
        <testcase classname="src/tests/unit/site.test.ts" name="Site config &gt; redes sociales &gt; debe tener URL de Facebook" time="0.000219839">
        </testcase>
        <testcase classname="src/tests/unit/site.test.ts" name="Site config &gt; slogan &gt; debe tener slogan" time="0.000161853">
        </testcase>
        <testcase classname="src/tests/unit/site.test.ts" name="Site config &gt; slogan &gt; el slogan debe mencionar &quot;conseguimos&quot; (promesa de marca)" time="0.00028103">
        </testcase>
    </testsuite>
</testsuites>
