<?xml version="1.0" encoding="UTF-8" ?>
<testsuites name="Unit — DismaferWeb" tests="69" failures="0" errors="0" time="0.067835853">
    <testsuite name="src/tests/unit/brands.test.ts" timestamp="2026-05-27T20:32:59.630Z" hostname="runnervmg397c" tests="9" failures="0" errors="0" skipped="0" time="0.012554228">
        <testcase classname="src/tests/unit/brands.test.ts" name="Brands data &gt; estructura del array &gt; debe tener al menos 5 marcas" time="0.003400262">
        </testcase>
        <testcase classname="src/tests/unit/brands.test.ts" name="Brands data &gt; estructura del array &gt; debe incluir las marcas principales de Dismafer" time="0.001766618">
        </testcase>
        <testcase classname="src/tests/unit/brands.test.ts" name="Brands data &gt; estructura del array &gt; todos los ids deben ser únicos" time="0.000416666">
        </testcase>
        <testcase classname="src/tests/unit/brands.test.ts" name="Brands data &gt; estructura del array &gt; todos los slugs deben ser únicos" time="0.00025314">
        </testcase>
        <testcase classname="src/tests/unit/brands.test.ts" name="Brands data &gt; integridad de campos &gt; cada marca debe tener todos los campos requeridos" time="0.001780565">
        </testcase>
        <testcase classname="src/tests/unit/brands.test.ts" name="Brands data &gt; integridad de campos &gt; los slugs no deben contener espacios ni mayúsculas" time="0.000604381">
        </testcase>
        <testcase classname="src/tests/unit/brands.test.ts" name="Brands data &gt; featuredBrands &gt; featuredBrands debe ser un subconjunto de brands" time="0.000581484">
        </testcase>
        <testcase classname="src/tests/unit/brands.test.ts" name="Brands data &gt; featuredBrands &gt; todas las marcas en featuredBrands deben tener featured=true" time="0.000460666">
        </testcase>
        <testcase classname="src/tests/unit/brands.test.ts" name="Brands data &gt; featuredBrands &gt; Truper debe estar en featuredBrands (marca principal de Dismafer)" time="0.000363687">
        </testcase>
    </testsuite>
    <testsuite name="src/tests/unit/categories.test.ts" timestamp="2026-05-27T20:32:59.633Z" hostname="runnervmg397c" tests="12" failures="0" errors="0" skipped="0" time="0.011891427">
        <testcase classname="src/tests/unit/categories.test.ts" name="Categories data &gt; estructura del array &gt; debe tener exactamente 6 categorías" time="0.003646728">
        </testcase>
        <testcase classname="src/tests/unit/categories.test.ts" name="Categories data &gt; estructura del array &gt; debe incluir las 6 categorías requeridas por el negocio" time="0.00102756">
        </testcase>
        <testcase classname="src/tests/unit/categories.test.ts" name="Categories data &gt; estructura del array &gt; todos los slugs deben ser únicos" time="0.000341872">
        </testcase>
        <testcase classname="src/tests/unit/categories.test.ts" name="Categories data &gt; estructura del array &gt; todos los ids deben ser únicos" time="0.00020447">
        </testcase>
        <testcase classname="src/tests/unit/categories.test.ts" name="Categories data &gt; integridad de campos &gt; cada categoría debe tener todos los campos requeridos" time="0.001386517">
        </testcase>
        <testcase classname="src/tests/unit/categories.test.ts" name="Categories data &gt; integridad de campos &gt; los slugs no deben contener espacios ni mayúsculas" time="0.000481157">
        </testcase>
        <testcase classname="src/tests/unit/categories.test.ts" name="Categories data &gt; integridad de campos &gt; las descriptions deben tener al menos 10 caracteres" time="0.000435123">
        </testcase>
        <testcase classname="src/tests/unit/categories.test.ts" name="Categories data &gt; integridad de campos &gt; los colors deben ser clases Tailwind válidas" time="0.000352835">
        </testcase>
        <testcase classname="src/tests/unit/categories.test.ts" name="Categories data &gt; getCategoryBySlug() &gt; debe retornar la categoría correcta para un slug válido" time="0.000358436">
        </testcase>
        <testcase classname="src/tests/unit/categories.test.ts" name="Categories data &gt; getCategoryBySlug() &gt; debe retornar undefined para un slug inexistente" time="0.000185922">
        </testcase>
        <testcase classname="src/tests/unit/categories.test.ts" name="Categories data &gt; getCategoryBySlug() &gt; debe retornar undefined para string vacío" time="0.00016098">
        </testcase>
        <testcase classname="src/tests/unit/categories.test.ts" name="Categories data &gt; getCategoryBySlug() &gt; debe funcionar para cada uno de los 6 slugs válidos" time="0.000588809">
        </testcase>
    </testsuite>
    <testsuite name="src/tests/unit/data-index.test.ts" timestamp="2026-05-27T20:32:59.635Z" hostname="runnervmg397c" tests="11" failures="0" errors="0" skipped="0" time="0.007700041">
        <testcase classname="src/tests/unit/data-index.test.ts" name="Data index barrel export &gt; debe exportar siteConfig" time="0.002747873">
        </testcase>
        <testcase classname="src/tests/unit/data-index.test.ts" name="Data index barrel export &gt; debe exportar categories como array" time="0.000417437">
        </testcase>
        <testcase classname="src/tests/unit/data-index.test.ts" name="Data index barrel export &gt; debe exportar getCategoryBySlug como función" time="0.000188467">
        </testcase>
        <testcase classname="src/tests/unit/data-index.test.ts" name="Data index barrel export &gt; debe exportar brands como array" time="0.000230112">
        </testcase>
        <testcase classname="src/tests/unit/data-index.test.ts" name="Data index barrel export &gt; debe exportar featuredBrands como array" time="0.00017493">
        </testcase>
        <testcase classname="src/tests/unit/data-index.test.ts" name="Data index barrel export &gt; debe exportar products como array" time="0.000260565">
        </testcase>
        <testcase classname="src/tests/unit/data-index.test.ts" name="Data index barrel export &gt; debe exportar featuredProducts como array" time="0.00018016">
        </testcase>
        <testcase classname="src/tests/unit/data-index.test.ts" name="Data index barrel export &gt; debe exportar getProductsByCategory como función" time="0.000174018">
        </testcase>
        <testcase classname="src/tests/unit/data-index.test.ts" name="Data index barrel export &gt; debe exportar getProductBySlug como función" time="0.000169959">
        </testcase>
        <testcase classname="src/tests/unit/data-index.test.ts" name="Data index barrel export &gt; consistencia: featuredBrands es subconjunto de brands" time="0.000364659">
        </testcase>
        <testcase classname="src/tests/unit/data-index.test.ts" name="Data index barrel export &gt; consistencia: featuredProducts es subconjunto de products" time="0.000456127">
        </testcase>
    </testsuite>
    <testsuite name="src/tests/unit/products.test.ts" timestamp="2026-05-27T20:32:59.638Z" hostname="runnervmg397c" tests="18" failures="0" errors="0" skipped="0" time="0.019691313">
        <testcase classname="src/tests/unit/products.test.ts" name="Products data &gt; estructura del array &gt; debe tener al menos 12 productos" time="0.002769878">
        </testcase>
        <testcase classname="src/tests/unit/products.test.ts" name="Products data &gt; estructura del array &gt; todos los ids deben ser únicos" time="0.000405072">
        </testcase>
        <testcase classname="src/tests/unit/products.test.ts" name="Products data &gt; estructura del array &gt; todos los slugs deben ser únicos" time="0.000245454">
        </testcase>
        <testcase classname="src/tests/unit/products.test.ts" name="Products data &gt; integridad de campos &gt; cada producto debe tener todos los campos requeridos" time="0.004678437">
        </testcase>
        <testcase classname="src/tests/unit/products.test.ts" name="Products data &gt; integridad de campos &gt; los slugs no deben contener espacios" time="0.001188511">
        </testcase>
        <testcase classname="src/tests/unit/products.test.ts" name="Products data &gt; integridad de campos &gt; shortDescription debe ser más corta o igual que description" time="0.000900509">
        </testcase>
        <testcase classname="src/tests/unit/products.test.ts" name="Products data &gt; integridad referencial &gt; todos los categoryId deben referenciar categorías existentes" time="0.0015975">
        </testcase>
        <testcase classname="src/tests/unit/products.test.ts" name="Products data &gt; integridad referencial &gt; todos los brandId deben referenciar marcas existentes" time="0.000581785">
        </testcase>
        <testcase classname="src/tests/unit/products.test.ts" name="Products data &gt; integridad referencial &gt; debe haber al menos 1 producto por categoría" time="0.000462679">
        </testcase>
        <testcase classname="src/tests/unit/products.test.ts" name="Products data &gt; featuredProducts &gt; featuredProducts debe ser un subconjunto de products" time="0.000502782">
        </testcase>
        <testcase classname="src/tests/unit/products.test.ts" name="Products data &gt; featuredProducts &gt; todos los featuredProducts deben tener featured=true" time="0.000394189">
        </testcase>
        <testcase classname="src/tests/unit/products.test.ts" name="Products data &gt; featuredProducts &gt; debe haber al menos 1 producto destacado" time="0.00021408">
        </testcase>
        <testcase classname="src/tests/unit/products.test.ts" name="Products data &gt; getProductsByCategory() &gt; debe retornar productos de la categoría correcta" time="0.000424471">
        </testcase>
        <testcase classname="src/tests/unit/products.test.ts" name="Products data &gt; getProductsByCategory() &gt; debe retornar array vacío para categoría inexistente" time="0.00107631">
        </testcase>
        <testcase classname="src/tests/unit/products.test.ts" name="Products data &gt; getProductsByCategory() &gt; todos los productos de herramienta-electrica deben pertenecer a esa categoría" time="0.000285637">
        </testcase>
        <testcase classname="src/tests/unit/products.test.ts" name="Products data &gt; getProductBySlug() &gt; debe retornar el producto correcto para un slug válido" time="0.000403649">
        </testcase>
        <testcase classname="src/tests/unit/products.test.ts" name="Products data &gt; getProductBySlug() &gt; debe retornar undefined para slug inexistente" time="0.000217256">
        </testcase>
        <testcase classname="src/tests/unit/products.test.ts" name="Products data &gt; getProductBySlug() &gt; debe retornar undefined para string vacío" time="0.00017546">
        </testcase>
    </testsuite>
    <testsuite name="src/tests/unit/site.test.ts" timestamp="2026-05-27T20:32:59.641Z" hostname="runnervmg397c" tests="19" failures="0" errors="0" skipped="0" time="0.015998844">
        <testcase classname="src/tests/unit/site.test.ts" name="Site config &gt; información básica &gt; debe tener nombre del negocio" time="0.004715753">
        </testcase>
        <testcase classname="src/tests/unit/site.test.ts" name="Site config &gt; información básica &gt; debe tener tagline" time="0.000466891">
        </testcase>
        <testcase classname="src/tests/unit/site.test.ts" name="Site config &gt; información básica &gt; debe tener descripción" time="0.000602717">
        </testcase>
        <testcase classname="src/tests/unit/site.test.ts" name="Site config &gt; información básica &gt; url debe ser una URL válida" time="0.002105925">
        </testcase>
        <testcase classname="src/tests/unit/site.test.ts" name="Site config &gt; información básica &gt; url debe usar https" time="0.00041857">
        </testcase>
        <testcase classname="src/tests/unit/site.test.ts" name="Site config &gt; contacto &gt; debe tener teléfono en formato internacional" time="0.000397085">
        </testcase>
        <testcase classname="src/tests/unit/site.test.ts" name="Site config &gt; contacto &gt; debe tener número de WhatsApp" time="0.000416225">
        </testcase>
        <testcase classname="src/tests/unit/site.test.ts" name="Site config &gt; contacto &gt; whatsappUrl debe apuntar a wa.me" time="0.000356923">
        </testcase>
        <testcase classname="src/tests/unit/site.test.ts" name="Site config &gt; contacto &gt; debe tener email válido" time="0.00055505">
        </testcase>
        <testcase classname="src/tests/unit/site.test.ts" name="Site config &gt; contacto &gt; email debe ser del dominio dismafer.shop" time="0.000299044">
        </testcase>
        <testcase classname="src/tests/unit/site.test.ts" name="Site config &gt; contacto &gt; debe tener dirección completa" time="0.000301409">
        </testcase>
        <testcase classname="src/tests/unit/site.test.ts" name="Site config &gt; contacto &gt; debe tener URL de Google Maps" time="0.000246085">
        </testcase>
        <testcase classname="src/tests/unit/site.test.ts" name="Site config &gt; horarios &gt; debe tener horario de días de semana" time="0.000205843">
        </testcase>
        <testcase classname="src/tests/unit/site.test.ts" name="Site config &gt; horarios &gt; debe tener horario de sábado" time="0.000259924">
        </testcase>
        <testcase classname="src/tests/unit/site.test.ts" name="Site config &gt; horarios &gt; domingo debe indicar cerrado" time="0.00033603">
        </testcase>
        <testcase classname="src/tests/unit/site.test.ts" name="Site config &gt; horarios &gt; horario de semana debe tener formato HH:MM – HH:MM" time="0.000241816">
        </testcase>
        <testcase classname="src/tests/unit/site.test.ts" name="Site config &gt; redes sociales &gt; debe tener URL de Facebook" time="0.000262599">
        </testcase>
        <testcase classname="src/tests/unit/site.test.ts" name="Site config &gt; slogan &gt; debe tener slogan" time="0.000284905">
        </testcase>
        <testcase classname="src/tests/unit/site.test.ts" name="Site config &gt; slogan &gt; el slogan debe mencionar &quot;conseguimos&quot; (promesa de marca)" time="0.000253982">
        </testcase>
    </testsuite>
</testsuites>
