{"/home/runner/work/DismaferWeb/DismaferWeb/src/data/brands.ts": {"path":"/home/runner/work/DismaferWeb/DismaferWeb/src/data/brands.ts","statementMap":{"0":{"start":{"line":3,"column":31},"end":{"line":44,"column":null}},"1":{"start":{"line":46,"column":30},"end":{"line":46,"column":null}},"2":{"start":{"line":46,"column":49},"end":{"line":46,"column":59}}},"fnMap":{"0":{"name":"(anonymous_0)","decl":{"start":{"line":46,"column":44},"end":{"line":46,"column":49}},"loc":{"start":{"line":46,"column":49},"end":{"line":46,"column":59}},"line":46}},"branchMap":{},"s":{"0":3,"1":3,"2":15},"f":{"0":15},"b":{},"meta":{"lastBranch":0,"lastFunction":1,"lastStatement":3,"seen":{"s:3:31:44:Infinity":0,"s:46:30:46:Infinity":1,"f:46:44:46:49":0,"s:46:49:46:59":2}}}
,"/home/runner/work/DismaferWeb/DismaferWeb/src/data/categories.ts": {"path":"/home/runner/work/DismaferWeb/DismaferWeb/src/data/categories.ts","statementMap":{"0":{"start":{"line":3,"column":38},"end":{"line":58,"column":null}},"1":{"start":{"line":61,"column":2},"end":{"line":61,"column":null}},"2":{"start":{"line":61,"column":30},"end":{"line":61,"column":45}}},"fnMap":{"0":{"name":"getCategoryBySlug","decl":{"start":{"line":60,"column":16},"end":{"line":60,"column":34}},"loc":{"start":{"line":60,"column":70},"end":{"line":62,"column":null}},"line":60},"1":{"name":"(anonymous_1)","decl":{"start":{"line":61,"column":25},"end":{"line":61,"column":30}},"loc":{"start":{"line":61,"column":30},"end":{"line":61,"column":45}},"line":61}},"branchMap":{},"s":{"0":3,"1":9,"2":34},"f":{"0":9,"1":34},"b":{},"meta":{"lastBranch":0,"lastFunction":2,"lastStatement":3,"seen":{"s:3:38:58:Infinity":0,"f:60:16:60:34":0,"s:61:2:61:Infinity":1,"f:61:25:61:30":1,"s:61:30:61:45":2}}}
,"/home/runner/work/DismaferWeb/DismaferWeb/src/data/index.ts": {"path":"/home/runner/work/DismaferWeb/DismaferWeb/src/data/index.ts","statementMap":{},"fnMap":{},"branchMap":{},"s":{},"f":{},"b":{},"meta":{"lastBranch":0,"lastFunction":0,"lastStatement":0,"seen":{}}}
,"/home/runner/work/DismaferWeb/DismaferWeb/src/data/products.ts": {"path":"/home/runner/work/DismaferWeb/DismaferWeb/src/data/products.ts","statementMap":{"0":{"start":{"line":3,"column":35},"end":{"line":154,"column":null}},"1":{"start":{"line":156,"column":32},"end":{"line":156,"column":null}},"2":{"start":{"line":156,"column":53},"end":{"line":156,"column":63}},"3":{"start":{"line":159,"column":2},"end":{"line":159,"column":null}},"4":{"start":{"line":159,"column":30},"end":{"line":159,"column":57}},"5":{"start":{"line":163,"column":2},"end":{"line":163,"column":null}},"6":{"start":{"line":163,"column":28},"end":{"line":163,"column":43}}},"fnMap":{"0":{"name":"(anonymous_0)","decl":{"start":{"line":156,"column":48},"end":{"line":156,"column":53}},"loc":{"start":{"line":156,"column":53},"end":{"line":156,"column":63}},"line":156},"1":{"name":"getProductsByCategory","decl":{"start":{"line":158,"column":16},"end":{"line":158,"column":38}},"loc":{"start":{"line":158,"column":69},"end":{"line":160,"column":null}},"line":158},"2":{"name":"(anonymous_2)","decl":{"start":{"line":159,"column":25},"end":{"line":159,"column":30}},"loc":{"start":{"line":159,"column":30},"end":{"line":159,"column":57}},"line":159},"3":{"name":"getProductBySlug","decl":{"start":{"line":162,"column":16},"end":{"line":162,"column":33}},"loc":{"start":{"line":162,"column":68},"end":{"line":164,"column":null}},"line":162},"4":{"name":"(anonymous_4)","decl":{"start":{"line":163,"column":23},"end":{"line":163,"column":28}},"loc":{"start":{"line":163,"column":28},"end":{"line":163,"column":43}},"line":163}},"branchMap":{},"s":{"0":2,"1":2,"2":24,"3":3,"4":36,"5":3,"6":25},"f":{"0":24,"1":3,"2":36,"3":3,"4":25},"b":{},"meta":{"lastBranch":0,"lastFunction":5,"lastStatement":7,"seen":{"s:3:35:154:Infinity":0,"s:156:32:156:Infinity":1,"f:156:48:156:53":0,"s:156:53:156:63":2,"f:158:16:158:38":1,"s:159:2:159:Infinity":3,"f:159:25:159:30":2,"s:159:30:159:57":4,"f:162:16:162:33":3,"s:163:2:163:Infinity":5,"f:163:23:163:28":4,"s:163:28:163:43":6}}}
,"/home/runner/work/DismaferWeb/DismaferWeb/src/data/site.ts": {"path":"/home/runner/work/DismaferWeb/DismaferWeb/src/data/site.ts","statementMap":{"0":{"start":{"line":3,"column":38},"end":{"line":27,"column":null}}},"fnMap":{},"branchMap":{},"s":{"0":2},"f":{},"b":{},"meta":{"lastBranch":0,"lastFunction":0,"lastStatement":1,"seen":{"s:3:38:27:Infinity":0}}}
,"/home/runner/work/DismaferWeb/DismaferWeb/src/types/index.ts": {"path":"/home/runner/work/DismaferWeb/DismaferWeb/src/types/index.ts","statementMap":{},"fnMap":{},"branchMap":{},"s":{},"f":{},"b":{},"meta":{"lastBranch":0,"lastFunction":0,"lastStatement":0,"seen":{}}}
}
