TN:
SF:src/data/brands.ts
FN:46,(anonymous_0)
FNF:1
FNH:1
FNDA:15,(anonymous_0)
DA:3,3
DA:46,15
LF:2
LH:2
BRF:0
BRH:0
end_of_record
TN:
SF:src/data/categories.ts
FN:60,getCategoryBySlug
FN:61,(anonymous_1)
FNF:2
FNH:2
FNDA:9,getCategoryBySlug
FNDA:34,(anonymous_1)
DA:3,3
DA:61,34
LF:2
LH:2
BRF:0
BRH:0
end_of_record
TN:
SF:src/data/index.ts
FNF:0
FNH:0
LF:0
LH:0
BRF:0
BRH:0
end_of_record
TN:
SF:src/data/products.ts
FN:156,(anonymous_0)
FN:158,getProductsByCategory
FN:159,(anonymous_2)
FN:162,getProductBySlug
FN:163,(anonymous_4)
FNF:5
FNH:5
FNDA:24,(anonymous_0)
FNDA:3,getProductsByCategory
FNDA:36,(anonymous_2)
FNDA:3,getProductBySlug
FNDA:25,(anonymous_4)
DA:3,2
DA:156,24
DA:159,36
DA:163,25
LF:4
LH:4
BRF:0
BRH:0
end_of_record
TN:
SF:src/data/site.ts
FNF:0
FNH:0
DA:3,2
LF:1
LH:1
BRF:0
BRH:0
end_of_record
TN:
SF:src/types/index.ts
FNF:0
FNH:0
LF:0
LH:0
BRF:0
BRH:0
end_of_record
