<?xml version="1.0" encoding="UTF-8" ?>
<testsuites name="Unit — DismaferWeb" tests="67" failures="0" errors="0" time="0.060103015">
    <testsuite name="src/tests/unit/brands.test.ts" timestamp="2026-05-28T16:18:52.681Z" hostname="runnervm3jyl0" tests="9" failures="0" errors="0" skipped="0" time="0.010462566">
        <testcase classname="src/tests/unit/brands.test.ts" name="Brands data &gt; estructura del array &gt; debe tener al menos 5 marcas" time="0.003241042">
        </testcase>
        <testcase classname="src/tests/unit/brands.test.ts" name="Brands data &gt; estructura del array &gt; debe incluir las marcas principales de Dismafer" time="0.001522818">
        </testcase>
        <testcase classname="src/tests/unit/brands.test.ts" name="Brands data &gt; estructura del array &gt; todos los ids deben ser únicos" time="0.000327913">
        </testcase>
        <testcase classname="src/tests/unit/brands.test.ts" name="Brands data &gt; estructura del array &gt; todos los slugs deben ser únicos" time="0.000188733">
        </testcase>
        <testcase classname="src/tests/unit/brands.test.ts" name="Brands data &gt; integridad de campos &gt; cada marca debe tener todos los campos requeridos" time="0.00087173">
        </testcase>
        <testcase classname="src/tests/unit/brands.test.ts" name="Brands data &gt; integridad de campos &gt; los slugs no deben contener espacios ni mayúsculas" time="0.000367838">
        </testcase>
        <testcase classname="src/tests/unit/brands.test.ts" name="Brands data &gt; featuredBrands &gt; featuredBrands debe ser un subconjunto de brands" time="0.000254355">
        </testcase>
        <testcase classname="src/tests/unit/brands.test.ts" name="Brands data &gt; featuredBrands &gt; todas las marcas en featuredBrands deben tener featured=true" time="0.000204513">
        </testcase>
        <testcase classname="src/tests/unit/brands.test.ts" name="Brands data &gt; featuredBrands &gt; Truper debe estar en featuredBrands (marca principal de Dismafer)" time="0.000167723">
        </testcase>
    </testsuite>
    <testsuite name="src/tests/unit/categories.test.ts" timestamp="2026-05-28T16:18:52.683Z" hostname="runnervm3jyl0" tests="12" failures="0" errors="0" skipped="0" time="0.013799551">
        <testcase classname="src/tests/unit/categories.test.ts" name="Categories data &gt; estructura del array &gt; debe tener exactamente 6 categorías" time="0.003947033">
        </testcase>
        <testcase classname="src/tests/unit/categories.test.ts" name="Categories data &gt; estructura del array &gt; debe incluir las 6 categorías requeridas por el negocio" time="0.001196998">
        </testcase>
        <testcase classname="src/tests/unit/categories.test.ts" name="Categories data &gt; estructura del array &gt; todos los slugs deben ser únicos" time="0.000408935">
        </testcase>
        <testcase classname="src/tests/unit/categories.test.ts" name="Categories data &gt; estructura del array &gt; todos los ids deben ser únicos" time="0.000241031">
        </testcase>
        <testcase classname="src/tests/unit/categories.test.ts" name="Categories data &gt; integridad de campos &gt; cada categoría debe tener todos los campos requeridos" time="0.001803413">
        </testcase>
        <testcase classname="src/tests/unit/categories.test.ts" name="Categories data &gt; integridad de campos &gt; los slugs no deben contener espacios ni mayúsculas" time="0.000615812">
        </testcase>
        <testcase classname="src/tests/unit/categories.test.ts" name="Categories data &gt; integridad de campos &gt; las descriptions deben tener al menos 10 caracteres" time="0.000543847">
        </testcase>
        <testcase classname="src/tests/unit/categories.test.ts" name="Categories data &gt; integridad de campos &gt; los colors deben ser clases Tailwind válidas" time="0.000524361">
        </testcase>
        <testcase classname="src/tests/unit/categories.test.ts" name="Categories data &gt; getCategoryBySlug() &gt; debe retornar la categoría correcta para un slug válido" time="0.000452497">
        </testcase>
        <testcase classname="src/tests/unit/categories.test.ts" name="Categories data &gt; getCategoryBySlug() &gt; debe retornar undefined para un slug inexistente" time="0.000266088">
        </testcase>
        <testcase classname="src/tests/unit/categories.test.ts" name="Categories data &gt; getCategoryBySlug() &gt; debe retornar undefined para string vacío" time="0.000248074">
        </testcase>
        <testcase classname="src/tests/unit/categories.test.ts" name="Categories data &gt; getCategoryBySlug() &gt; debe funcionar para cada uno de los 6 slugs válidos" time="0.00081799">
        </testcase>
    </testsuite>
    <testsuite name="src/tests/unit/data-index.test.ts" timestamp="2026-05-28T16:18:52.686Z" hostname="runnervm3jyl0" tests="11" failures="0" errors="0" skipped="0" time="0.006202942">
        <testcase classname="src/tests/unit/data-index.test.ts" name="Data index barrel export &gt; debe exportar siteConfig" time="0.002226614">
        </testcase>
        <testcase classname="src/tests/unit/data-index.test.ts" name="Data index barrel export &gt; debe exportar categories como array" time="0.000302696">
        </testcase>
        <testcase classname="src/tests/unit/data-index.test.ts" name="Data index barrel export &gt; debe exportar getCategoryBySlug como función" time="0.000206256">
        </testcase>
        <testcase classname="src/tests/unit/data-index.test.ts" name="Data index barrel export &gt; debe exportar brands como array" time="0.000178173">
        </testcase>
        <testcase classname="src/tests/unit/data-index.test.ts" name="Data index barrel export &gt; debe exportar featuredBrands como array" time="0.000139281">
        </testcase>
        <testcase classname="src/tests/unit/data-index.test.ts" name="Data index barrel export &gt; debe exportar products como array" time="0.000165379">
        </testcase>
        <testcase classname="src/tests/unit/data-index.test.ts" name="Data index barrel export &gt; debe exportar featuredProducts como array" time="0.000145673">
        </testcase>
        <testcase classname="src/tests/unit/data-index.test.ts" name="Data index barrel export &gt; debe exportar getProductsByCategory como función" time="0.000131606">
        </testcase>
        <testcase classname="src/tests/unit/data-index.test.ts" name="Data index barrel export &gt; debe exportar getProductBySlug como función" time="0.000188873">
        </testcase>
        <testcase classname="src/tests/unit/data-index.test.ts" name="Data index barrel export &gt; consistencia: featuredBrands es subconjunto de brands" time="0.000245098">
        </testcase>
        <testcase classname="src/tests/unit/data-index.test.ts" name="Data index barrel export &gt; consistencia: featuredProducts es subconjunto de products" time="0.000324337">
        </testcase>
    </testsuite>
    <testsuite name="src/tests/unit/products.test.ts" timestamp="2026-05-28T16:18:52.688Z" hostname="runnervm3jyl0" tests="18" failures="0" errors="0" skipped="0" time="0.020158355">
        <testcase classname="src/tests/unit/products.test.ts" name="Products data &gt; estructura del array &gt; debe tener al menos 12 productos" time="0.002904343">
        </testcase>
        <testcase classname="src/tests/unit/products.test.ts" name="Products data &gt; estructura del array &gt; todos los ids deben ser únicos" time="0.000421168">
        </testcase>
        <testcase classname="src/tests/unit/products.test.ts" name="Products data &gt; estructura del array &gt; todos los slugs deben ser únicos" time="0.000267781">
        </testcase>
        <testcase classname="src/tests/unit/products.test.ts" name="Products data &gt; integridad de campos &gt; cada producto debe tener todos los campos requeridos" time="0.004964305">
        </testcase>
        <testcase classname="src/tests/unit/products.test.ts" name="Products data &gt; integridad de campos &gt; los slugs no deben contener espacios" time="0.001034184">
        </testcase>
        <testcase classname="src/tests/unit/products.test.ts" name="Products data &gt; integridad de campos &gt; shortDescription debe ser más corta o igual que description" time="0.000790038">
        </testcase>
        <testcase classname="src/tests/unit/products.test.ts" name="Products data &gt; integridad referencial &gt; todos los categoryId deben referenciar categorías existentes" time="0.002388147">
        </testcase>
        <testcase classname="src/tests/unit/products.test.ts" name="Products data &gt; integridad referencial &gt; todos los brandId deben referenciar marcas existentes" time="0.000551672">
        </testcase>
        <testcase classname="src/tests/unit/products.test.ts" name="Products data &gt; integridad referencial &gt; debe haber al menos 1 producto por categoría" time="0.000415788">
        </testcase>
        <testcase classname="src/tests/unit/products.test.ts" name="Products data &gt; featuredProducts &gt; featuredProducts debe ser un subconjunto de products" time="0.000465401">
        </testcase>
        <testcase classname="src/tests/unit/products.test.ts" name="Products data &gt; featuredProducts &gt; todos los featuredProducts deben tener featured=true" time="0.000328614">
        </testcase>
        <testcase classname="src/tests/unit/products.test.ts" name="Products data &gt; featuredProducts &gt; debe haber al menos 1 producto destacado" time="0.000183524">
        </testcase>
        <testcase classname="src/tests/unit/products.test.ts" name="Products data &gt; getProductsByCategory() &gt; debe retornar productos de la categoría correcta" time="0.000410899">
        </testcase>
        <testcase classname="src/tests/unit/products.test.ts" name="Products data &gt; getProductsByCategory() &gt; debe retornar array vacío para categoría inexistente" time="0.001054002">
        </testcase>
        <testcase classname="src/tests/unit/products.test.ts" name="Products data &gt; getProductsByCategory() &gt; todos los productos de herramienta-electrica deben pertenecer a esa categoría" time="0.00026721">
        </testcase>
        <testcase classname="src/tests/unit/products.test.ts" name="Products data &gt; getProductBySlug() &gt; debe retornar el producto correcto para un slug válido" time="0.000392986">
        </testcase>
        <testcase classname="src/tests/unit/products.test.ts" name="Products data &gt; getProductBySlug() &gt; debe retornar undefined para slug inexistente" time="0.000232134">
        </testcase>
        <testcase classname="src/tests/unit/products.test.ts" name="Products data &gt; getProductBySlug() &gt; debe retornar undefined para string vacío" time="0.000184265">
        </testcase>
    </testsuite>
    <testsuite name="src/tests/unit/site.test.ts" timestamp="2026-05-28T16:18:52.691Z" hostname="runnervm3jyl0" tests="17" failures="0" errors="0" skipped="0" time="0.009479601">
        <testcase classname="src/tests/unit/site.test.ts" name="Site config &gt; información básica &gt; debe tener nombre del negocio" time="0.002786802">
        </testcase>
        <testcase classname="src/tests/unit/site.test.ts" name="Site config &gt; información básica &gt; debe tener tagline" time="0.000225823">
        </testcase>
        <testcase classname="src/tests/unit/site.test.ts" name="Site config &gt; información básica &gt; debe tener descripción" time="0.0002993">
        </testcase>
        <testcase classname="src/tests/unit/site.test.ts" name="Site config &gt; información básica &gt; url debe ser una URL válida" time="0.001001173">
        </testcase>
        <testcase classname="src/tests/unit/site.test.ts" name="Site config &gt; información básica &gt; url debe usar https" time="0.000223758">
        </testcase>
        <testcase classname="src/tests/unit/site.test.ts" name="Site config &gt; contacto &gt; debe tener teléfono en formato internacional" time="0.000184084">
        </testcase>
        <testcase classname="src/tests/unit/site.test.ts" name="Site config &gt; contacto &gt; debe tener número de WhatsApp" time="0.000248876">
        </testcase>
        <testcase classname="src/tests/unit/site.test.ts" name="Site config &gt; contacto &gt; whatsappUrl debe apuntar a wa.me" time="0.000172112">
        </testcase>
        <testcase classname="src/tests/unit/site.test.ts" name="Site config &gt; contacto &gt; debe tener dirección completa" time="0.000260848">
        </testcase>
        <testcase classname="src/tests/unit/site.test.ts" name="Site config &gt; contacto &gt; debe tener URL de Google Maps" time="0.000167894">
        </testcase>
        <testcase classname="src/tests/unit/site.test.ts" name="Site config &gt; horarios &gt; debe tener horario de días de semana" time="0.000142828">
        </testcase>
        <testcase classname="src/tests/unit/site.test.ts" name="Site config &gt; horarios &gt; debe tener horario de sábado" time="0.000182191">
        </testcase>
        <testcase classname="src/tests/unit/site.test.ts" name="Site config &gt; horarios &gt; domingo debe indicar cerrado" time="0.000261649">
        </testcase>
        <testcase classname="src/tests/unit/site.test.ts" name="Site config &gt; horarios &gt; horario de semana debe tener formato HH:MM – HH:MM" time="0.000179936">
        </testcase>
        <testcase classname="src/tests/unit/site.test.ts" name="Site config &gt; redes sociales &gt; debe tener URL de Facebook" time="0.000161302">
        </testcase>
        <testcase classname="src/tests/unit/site.test.ts" name="Site config &gt; slogan &gt; debe tener slogan" time="0.000143498">
        </testcase>
        <testcase classname="src/tests/unit/site.test.ts" name="Site config &gt; slogan &gt; el slogan debe mencionar &quot;conseguimos&quot; (promesa de marca)" time="0.00016611">
        </testcase>
    </testsuite>
</testsuites>
