<testsuites id="" name="" tests="100" failures="0" skipped="0" errors="0" time="49.330242">
<testsuite name="accessibility.spec.ts" timestamp="2026-06-11T23:03:29.627Z" hostname="Mobile Safari (iPhone 12)" tests="7" failures="0" skipped="0" time="9.962" errors="0">
<testcase name="Accesibilidad básica › Homepage — imágenes deben tener alt o aria-hidden" classname="accessibility.spec.ts" time="2.369">
<system-out>
<![CDATA[
[[ATTACHMENT|accessibility-Accesibilida-a89c1-ben-tener-alt-o-aria-hidden-Mobile-Safari-iPhone-12-/test-finished-1.png]]

[[ATTACHMENT|accessibility-Accesibilida-a89c1-ben-tener-alt-o-aria-hidden-Mobile-Safari-iPhone-12-/video.webm]]

[[ATTACHMENT|accessibility-Accesibilida-a89c1-ben-tener-alt-o-aria-hidden-Mobile-Safari-iPhone-12-/trace.zip]]
]]>
</system-out>
</testcase>
<testcase name="Accesibilidad básica › Links de WhatsApp deben tener aria-label o texto visible" classname="accessibility.spec.ts" time="2.664">
<system-out>
<![CDATA[
[[ATTACHMENT|accessibility-Accesibilida-c39ed--aria-label-o-texto-visible-Mobile-Safari-iPhone-12-/test-finished-1.png]]

[[ATTACHMENT|accessibility-Accesibilida-c39ed--aria-label-o-texto-visible-Mobile-Safari-iPhone-12-/video.webm]]

[[ATTACHMENT|accessibility-Accesibilida-c39ed--aria-label-o-texto-visible-Mobile-Safari-iPhone-12-/trace.zip]]
]]>
</system-out>
</testcase>
<testcase name="Accesibilidad básica › Header debe tener role o landmark semántico" classname="accessibility.spec.ts" time="1.31">
<system-out>
<![CDATA[
[[ATTACHMENT|accessibility-Accesibilida-a5025-r-role-o-landmark-semántico-Mobile-Safari-iPhone-12-/test-finished-1.png]]

[[ATTACHMENT|accessibility-Accesibilida-a5025-r-role-o-landmark-semántico-Mobile-Safari-iPhone-12-/video.webm]]

[[ATTACHMENT|accessibility-Accesibilida-a5025-r-role-o-landmark-semántico-Mobile-Safari-iPhone-12-/trace.zip]]
]]>
</system-out>
</testcase>
<testcase name="Accesibilidad básica › Main debe existir como landmark" classname="accessibility.spec.ts" time="1.257">
<system-out>
<![CDATA[
[[ATTACHMENT|accessibility-Accesibilida-bcec7--debe-existir-como-landmark-Mobile-Safari-iPhone-12-/test-finished-1.png]]

[[ATTACHMENT|accessibility-Accesibilida-bcec7--debe-existir-como-landmark-Mobile-Safari-iPhone-12-/video.webm]]

[[ATTACHMENT|accessibility-Accesibilida-bcec7--debe-existir-como-landmark-Mobile-Safari-iPhone-12-/trace.zip]]
]]>
</system-out>
</testcase>
<testcase name="Accesibilidad básica › Footer debe existir como landmark" classname="accessibility.spec.ts" time="0.757">
<system-out>
<![CDATA[
[[ATTACHMENT|accessibility-Accesibilida-95f0b--debe-existir-como-landmark-Mobile-Safari-iPhone-12-/test-finished-1.png]]

[[ATTACHMENT|accessibility-Accesibilida-95f0b--debe-existir-como-landmark-Mobile-Safari-iPhone-12-/video.webm]]

[[ATTACHMENT|accessibility-Accesibilida-95f0b--debe-existir-como-landmark-Mobile-Safari-iPhone-12-/trace.zip]]
]]>
</system-out>
</testcase>
<testcase name="Accesibilidad básica › Menú de navegación debe tener aria-label" classname="accessibility.spec.ts" time="0.767">
<system-out>
<![CDATA[
[[ATTACHMENT|accessibility-Accesibilida-db212-ación-debe-tener-aria-label-Mobile-Safari-iPhone-12-/test-finished-1.png]]

[[ATTACHMENT|accessibility-Accesibilida-db212-ación-debe-tener-aria-label-Mobile-Safari-iPhone-12-/video.webm]]

[[ATTACHMENT|accessibility-Accesibilida-db212-ación-debe-tener-aria-label-Mobile-Safari-iPhone-12-/trace.zip]]
]]>
</system-out>
</testcase>
<testcase name="Accesibilidad básica › Homepage — el título H1 debe ser legible (no vacío)" classname="accessibility.spec.ts" time="0.838">
<system-out>
<![CDATA[
[[ATTACHMENT|accessibility-Accesibilida-96b72--debe-ser-legible-no-vacío--Mobile-Safari-iPhone-12-/test-finished-1.png]]

[[ATTACHMENT|accessibility-Accesibilida-96b72--debe-ser-legible-no-vacío--Mobile-Safari-iPhone-12-/video.webm]]

[[ATTACHMENT|accessibility-Accesibilida-96b72--debe-ser-legible-no-vacío--Mobile-Safari-iPhone-12-/trace.zip]]
]]>
</system-out>
</testcase>
</testsuite>
<testsuite name="contact.spec.ts" timestamp="2026-06-11T23:03:29.627Z" hostname="Mobile Safari (iPhone 12)" tests="5" failures="0" skipped="0" time="4.658" errors="0">
<testcase name="Página de Contacto — /contacto › debe cargar con status 200" classname="contact.spec.ts" time="0.742">
<system-out>
<![CDATA[
[[ATTACHMENT|contact-Página-de-Contacto-0bfbf--debe-cargar-con-status-200-Mobile-Safari-iPhone-12-/test-finished-1.png]]

[[ATTACHMENT|contact-Página-de-Contacto-0bfbf--debe-cargar-con-status-200-Mobile-Safari-iPhone-12-/video.webm]]

[[ATTACHMENT|contact-Página-de-Contacto-0bfbf--debe-cargar-con-status-200-Mobile-Safari-iPhone-12-/trace.zip]]
]]>
</system-out>
</testcase>
<testcase name="Página de Contacto — /contacto › debe mostrar el número de WhatsApp clickeable" classname="contact.spec.ts" time="1.104">
<system-out>
<![CDATA[
[[ATTACHMENT|contact-Página-de-Contacto-2583c-mero-de-WhatsApp-clickeable-Mobile-Safari-iPhone-12-/test-finished-1.png]]

[[ATTACHMENT|contact-Página-de-Contacto-2583c-mero-de-WhatsApp-clickeable-Mobile-Safari-iPhone-12-/video.webm]]

[[ATTACHMENT|contact-Página-de-Contacto-2583c-mero-de-WhatsApp-clickeable-Mobile-Safari-iPhone-12-/trace.zip]]
]]>
</system-out>
</testcase>
<testcase name="Página de Contacto — /contacto › debe mostrar el número de teléfono como link clickeable" classname="contact.spec.ts" time="1.099">
<system-out>
<![CDATA[
[[ATTACHMENT|contact-Página-de-Contacto-a6446-léfono-como-link-clickeable-Mobile-Safari-iPhone-12-/test-finished-1.png]]

[[ATTACHMENT|contact-Página-de-Contacto-a6446-léfono-como-link-clickeable-Mobile-Safari-iPhone-12-/video.webm]]

[[ATTACHMENT|contact-Página-de-Contacto-a6446-léfono-como-link-clickeable-Mobile-Safari-iPhone-12-/trace.zip]]
]]>
</system-out>
</testcase>
<testcase name="Página de Contacto — /contacto › debe mostrar los horarios de atención" classname="contact.spec.ts" time="0.811">
<system-out>
<![CDATA[
[[ATTACHMENT|contact-Página-de-Contacto-d3aa0-ar-los-horarios-de-atención-Mobile-Safari-iPhone-12-/test-finished-1.png]]

[[ATTACHMENT|contact-Página-de-Contacto-d3aa0-ar-los-horarios-de-atención-Mobile-Safari-iPhone-12-/video.webm]]

[[ATTACHMENT|contact-Página-de-Contacto-d3aa0-ar-los-horarios-de-atención-Mobile-Safari-iPhone-12-/trace.zip]]
]]>
</system-out>
</testcase>
<testcase name="Página de Contacto — /contacto › debe tener título de la página SEO correcto" classname="contact.spec.ts" time="0.902">
<system-out>
<![CDATA[
[[ATTACHMENT|contact-Página-de-Contacto-467dd-o-de-la-página-SEO-correcto-Mobile-Safari-iPhone-12-/test-finished-1.png]]

[[ATTACHMENT|contact-Página-de-Contacto-467dd-o-de-la-página-SEO-correcto-Mobile-Safari-iPhone-12-/video.webm]]

[[ATTACHMENT|contact-Página-de-Contacto-467dd-o-de-la-página-SEO-correcto-Mobile-Safari-iPhone-12-/trace.zip]]
]]>
</system-out>
</testcase>
</testsuite>
<testsuite name="homepage.spec.ts" timestamp="2026-06-11T23:03:29.627Z" hostname="Mobile Safari (iPhone 12)" tests="11" failures="0" skipped="0" time="8.676" errors="0">
<testcase name="Homepage — / › debe cargar con status 200" classname="homepage.spec.ts" time="0.82">
<system-out>
<![CDATA[
[[ATTACHMENT|homepage-Homepage-—-debe-cargar-con-status-200-Mobile-Safari-iPhone-12-/test-finished-1.png]]

[[ATTACHMENT|homepage-Homepage-—-debe-cargar-con-status-200-Mobile-Safari-iPhone-12-/video.webm]]

[[ATTACHMENT|homepage-Homepage-—-debe-cargar-con-status-200-Mobile-Safari-iPhone-12-/trace.zip]]
]]>
</system-out>
</testcase>
<testcase name="Homepage — / › debe tener el título correcto" classname="homepage.spec.ts" time="0.869">
<system-out>
<![CDATA[
[[ATTACHMENT|homepage-Homepage-—-debe-tener-el-título-correcto-Mobile-Safari-iPhone-12-/test-finished-1.png]]

[[ATTACHMENT|homepage-Homepage-—-debe-tener-el-título-correcto-Mobile-Safari-iPhone-12-/video.webm]]

[[ATTACHMENT|homepage-Homepage-—-debe-tener-el-título-correcto-Mobile-Safari-iPhone-12-/trace.zip]]
]]>
</system-out>
</testcase>
<testcase name="Homepage — / › meta description debe contener palabras clave del negocio" classname="homepage.spec.ts" time="0.766">
<system-out>
<![CDATA[
[[ATTACHMENT|homepage-Homepage-—-meta-d-58b1e--palabras-clave-del-negocio-Mobile-Safari-iPhone-12-/test-finished-1.png]]

[[ATTACHMENT|homepage-Homepage-—-meta-d-58b1e--palabras-clave-del-negocio-Mobile-Safari-iPhone-12-/video.webm]]

[[ATTACHMENT|homepage-Homepage-—-meta-d-58b1e--palabras-clave-del-negocio-Mobile-Safari-iPhone-12-/trace.zip]]
]]>
</system-out>
</testcase>
<testcase name="Homepage — / › Hero — debe mostrar el headline principal" classname="homepage.spec.ts" time="0.799">
<system-out>
<![CDATA[
[[ATTACHMENT|homepage-Homepage-—-Hero-—-55d02-strar-el-headline-principal-Mobile-Safari-iPhone-12-/test-finished-1.png]]

[[ATTACHMENT|homepage-Homepage-—-Hero-—-55d02-strar-el-headline-principal-Mobile-Safari-iPhone-12-/video.webm]]

[[ATTACHMENT|homepage-Homepage-—-Hero-—-55d02-strar-el-headline-principal-Mobile-Safari-iPhone-12-/trace.zip]]
]]>
</system-out>
</testcase>
<testcase name="Homepage — / › Hero — debe tener CTA de WhatsApp visible" classname="homepage.spec.ts" time="0.797">
<system-out>
<![CDATA[
[[ATTACHMENT|homepage-Homepage-—-Hero-—-16fb2-ner-CTA-de-WhatsApp-visible-Mobile-Safari-iPhone-12-/test-finished-1.png]]

[[ATTACHMENT|homepage-Homepage-—-Hero-—-16fb2-ner-CTA-de-WhatsApp-visible-Mobile-Safari-iPhone-12-/video.webm]]

[[ATTACHMENT|homepage-Homepage-—-Hero-—-16fb2-ner-CTA-de-WhatsApp-visible-Mobile-Safari-iPhone-12-/trace.zip]]
]]>
</system-out>
</testcase>
<testcase name="Homepage — / › Hero — link de WhatsApp debe apuntar al número correcto" classname="homepage.spec.ts" time="0.773">
<system-out>
<![CDATA[
[[ATTACHMENT|homepage-Homepage-—-Hero-—-febc2--apuntar-al-número-correcto-Mobile-Safari-iPhone-12-/test-finished-1.png]]

[[ATTACHMENT|homepage-Homepage-—-Hero-—-febc2--apuntar-al-número-correcto-Mobile-Safari-iPhone-12-/video.webm]]

[[ATTACHMENT|homepage-Homepage-—-Hero-—-febc2--apuntar-al-número-correcto-Mobile-Safari-iPhone-12-/trace.zip]]
]]>
</system-out>
</testcase>
<testcase name="Homepage — / › Categorías — debe mostrar las 6 categorías" classname="homepage.spec.ts" time="0.873">
<system-out>
<![CDATA[
[[ATTACHMENT|homepage-Homepage-—-Catego-e8c0b-be-mostrar-las-6-categorías-Mobile-Safari-iPhone-12-/test-finished-1.png]]

[[ATTACHMENT|homepage-Homepage-—-Catego-e8c0b-be-mostrar-las-6-categorías-Mobile-Safari-iPhone-12-/video.webm]]

[[ATTACHMENT|homepage-Homepage-—-Catego-e8c0b-be-mostrar-las-6-categorías-Mobile-Safari-iPhone-12-/trace.zip]]
]]>
</system-out>
</testcase>
<testcase name="Homepage — / › Marcas — debe mostrar marcas principales" classname="homepage.spec.ts" time="0.708">
<system-out>
<![CDATA[
[[ATTACHMENT|homepage-Homepage-—-Marcas-—-debe-mostrar-marcas-principales-Mobile-Safari-iPhone-12-/test-finished-1.png]]

[[ATTACHMENT|homepage-Homepage-—-Marcas-—-debe-mostrar-marcas-principales-Mobile-Safari-iPhone-12-/video.webm]]

[[ATTACHMENT|homepage-Homepage-—-Marcas-—-debe-mostrar-marcas-principales-Mobile-Safari-iPhone-12-/trace.zip]]
]]>
</system-out>
</testcase>
<testcase name="Homepage — / › debe tener Schema.org LocalBusiness en el HTML" classname="homepage.spec.ts" time="0.772">
<system-out>
<![CDATA[
[[ATTACHMENT|homepage-Homepage-—-debe-t-6f334-rg-LocalBusiness-en-el-HTML-Mobile-Safari-iPhone-12-/test-finished-1.png]]

[[ATTACHMENT|homepage-Homepage-—-debe-t-6f334-rg-LocalBusiness-en-el-HTML-Mobile-Safari-iPhone-12-/video.webm]]

[[ATTACHMENT|homepage-Homepage-—-debe-t-6f334-rg-LocalBusiness-en-el-HTML-Mobile-Safari-iPhone-12-/trace.zip]]
]]>
</system-out>
</testcase>
<testcase name="Homepage — / › debe tener el botón flotante de WhatsApp" classname="homepage.spec.ts" time="0.747">
<system-out>
<![CDATA[
[[ATTACHMENT|homepage-Homepage-—-debe-tener-el-botón-flotante-de-WhatsApp-Mobile-Safari-iPhone-12-/test-finished-1.png]]

[[ATTACHMENT|homepage-Homepage-—-debe-tener-el-botón-flotante-de-WhatsApp-Mobile-Safari-iPhone-12-/video.webm]]

[[ATTACHMENT|homepage-Homepage-—-debe-tener-el-botón-flotante-de-WhatsApp-Mobile-Safari-iPhone-12-/trace.zip]]
]]>
</system-out>
</testcase>
<testcase name="Homepage — / › debe tener Open Graph tags" classname="homepage.spec.ts" time="0.752">
<system-out>
<![CDATA[
[[ATTACHMENT|homepage-Homepage-—-debe-tener-Open-Graph-tags-Mobile-Safari-iPhone-12-/test-finished-1.png]]

[[ATTACHMENT|homepage-Homepage-—-debe-tener-Open-Graph-tags-Mobile-Safari-iPhone-12-/video.webm]]

[[ATTACHMENT|homepage-Homepage-—-debe-tener-Open-Graph-tags-Mobile-Safari-iPhone-12-/trace.zip]]
]]>
</system-out>
</testcase>
</testsuite>
<testsuite name="mobile.spec.ts" timestamp="2026-06-11T23:03:29.627Z" hostname="Mobile Safari (iPhone 12)" tests="6" failures="0" skipped="0" time="5.279" errors="0">
<testcase name="Mobile — Responsive design › Homepage carga correctamente en móvil" classname="mobile.spec.ts" time="0.805">
<system-out>
<![CDATA[
[[ATTACHMENT|mobile-Mobile-—-Responsive-38919-arga-correctamente-en-móvil-Mobile-Safari-iPhone-12-/test-finished-1.png]]

[[ATTACHMENT|mobile-Mobile-—-Responsive-38919-arga-correctamente-en-móvil-Mobile-Safari-iPhone-12-/video.webm]]

[[ATTACHMENT|mobile-Mobile-—-Responsive-38919-arga-correctamente-en-móvil-Mobile-Safari-iPhone-12-/trace.zip]]
]]>
</system-out>
</testcase>
<testcase name="Mobile — Responsive design › Botón flotante de WhatsApp es visible en móvil" classname="mobile.spec.ts" time="0.801">
<system-out>
<![CDATA[
[[ATTACHMENT|mobile-Mobile-—-Responsive-6359b-hatsApp-es-visible-en-móvil-Mobile-Safari-iPhone-12-/test-finished-1.png]]

[[ATTACHMENT|mobile-Mobile-—-Responsive-6359b-hatsApp-es-visible-en-móvil-Mobile-Safari-iPhone-12-/video.webm]]

[[ATTACHMENT|mobile-Mobile-—-Responsive-6359b-hatsApp-es-visible-en-móvil-Mobile-Safari-iPhone-12-/trace.zip]]
]]>
</system-out>
</testcase>
<testcase name="Mobile — Responsive design › Menú hamburguesa aparece en móvil" classname="mobile.spec.ts" time="0.876">
<system-out>
<![CDATA[
[[ATTACHMENT|mobile-Mobile-—-Responsive-548ad-amburguesa-aparece-en-móvil-Mobile-Safari-iPhone-12-/test-finished-1.png]]

[[ATTACHMENT|mobile-Mobile-—-Responsive-548ad-amburguesa-aparece-en-móvil-Mobile-Safari-iPhone-12-/video.webm]]

[[ATTACHMENT|mobile-Mobile-—-Responsive-548ad-amburguesa-aparece-en-móvil-Mobile-Safari-iPhone-12-/trace.zip]]
]]>
</system-out>
</testcase>
<testcase name="Mobile — Responsive design › Nav desktop está oculto en móvil" classname="mobile.spec.ts" time="0.959">
<system-out>
<![CDATA[
[[ATTACHMENT|mobile-Mobile-—-Responsive-9efe1-esktop-está-oculto-en-móvil-Mobile-Safari-iPhone-12-/test-finished-1.png]]

[[ATTACHMENT|mobile-Mobile-—-Responsive-9efe1-esktop-está-oculto-en-móvil-Mobile-Safari-iPhone-12-/video.webm]]

[[ATTACHMENT|mobile-Mobile-—-Responsive-9efe1-esktop-está-oculto-en-móvil-Mobile-Safari-iPhone-12-/trace.zip]]
]]>
</system-out>
</testcase>
<testcase name="Mobile — Responsive design › Grilla de categorías es legible en móvil (min 2 columnas)" classname="mobile.spec.ts" time="1">
<system-out>
<![CDATA[
[[ATTACHMENT|mobile-Mobile-—-Responsive-a26e7-le-en-móvil-min-2-columnas--Mobile-Safari-iPhone-12-/test-finished-1.png]]

[[ATTACHMENT|mobile-Mobile-—-Responsive-a26e7-le-en-móvil-min-2-columnas--Mobile-Safari-iPhone-12-/video.webm]]

[[ATTACHMENT|mobile-Mobile-—-Responsive-a26e7-le-en-móvil-min-2-columnas--Mobile-Safari-iPhone-12-/trace.zip]]
]]>
</system-out>
</testcase>
<testcase name="Mobile — Responsive design › Tap targets de links principales son suficientemente grandes" classname="mobile.spec.ts" time="0.838">
<system-out>
<![CDATA[
[[ATTACHMENT|mobile-Mobile-—-Responsive-b783a-son-suficientemente-grandes-Mobile-Safari-iPhone-12-/test-finished-1.png]]

[[ATTACHMENT|mobile-Mobile-—-Responsive-b783a-son-suficientemente-grandes-Mobile-Safari-iPhone-12-/video.webm]]

[[ATTACHMENT|mobile-Mobile-—-Responsive-b783a-son-suficientemente-grandes-Mobile-Safari-iPhone-12-/trace.zip]]
]]>
</system-out>
</testcase>
</testsuite>
<testsuite name="navigation.spec.ts" timestamp="2026-06-11T23:03:29.627Z" hostname="Mobile Safari (iPhone 12)" tests="10" failures="0" skipped="0" time="13.454" errors="0">
<testcase name="Navegación › Header debe estar visible en todas las páginas" classname="navigation.spec.ts" time="1.496">
<system-out>
<![CDATA[
[[ATTACHMENT|navigation-Navegación-Head-8bdfd-isible-en-todas-las-páginas-Mobile-Safari-iPhone-12-/test-finished-1.png]]

[[ATTACHMENT|navigation-Navegación-Head-8bdfd-isible-en-todas-las-páginas-Mobile-Safari-iPhone-12-/video.webm]]

[[ATTACHMENT|navigation-Navegación-Head-8bdfd-isible-en-todas-las-páginas-Mobile-Safari-iPhone-12-/trace.zip]]
]]>
</system-out>
</testcase>
<testcase name="Navegación › Footer debe estar visible en todas las páginas" classname="navigation.spec.ts" time="1.336">
<system-out>
<![CDATA[
[[ATTACHMENT|navigation-Navegación-Foot-44c1c-isible-en-todas-las-páginas-Mobile-Safari-iPhone-12-/test-finished-1.png]]

[[ATTACHMENT|navigation-Navegación-Foot-44c1c-isible-en-todas-las-páginas-Mobile-Safari-iPhone-12-/video.webm]]

[[ATTACHMENT|navigation-Navegación-Foot-44c1c-isible-en-todas-las-páginas-Mobile-Safari-iPhone-12-/trace.zip]]
]]>
</system-out>
</testcase>
<testcase name="Navegación › Logo en header debe llevar al homepage" classname="navigation.spec.ts" time="1.49">
<system-out>
<![CDATA[
[[ATTACHMENT|navigation-Navegación-Logo-en-header-debe-llevar-al-homepage-Mobile-Safari-iPhone-12-/test-finished-1.png]]

[[ATTACHMENT|navigation-Navegación-Logo-en-header-debe-llevar-al-homepage-Mobile-Safari-iPhone-12-/video.webm]]

[[ATTACHMENT|navigation-Navegación-Logo-en-header-debe-llevar-al-homepage-Mobile-Safari-iPhone-12-/trace.zip]]
]]>
</system-out>
</testcase>
<testcase name="Navegación › Nav — link Productos debe navegar a /productos" classname="navigation.spec.ts" time="1.375">
<system-out>
<![CDATA[
[[ATTACHMENT|navigation-Navegación-Nav--e7f7a-os-debe-navegar-a-productos-Mobile-Safari-iPhone-12-/test-finished-1.png]]

[[ATTACHMENT|navigation-Navegación-Nav--e7f7a-os-debe-navegar-a-productos-Mobile-Safari-iPhone-12-/video.webm]]

[[ATTACHMENT|navigation-Navegación-Nav--e7f7a-os-debe-navegar-a-productos-Mobile-Safari-iPhone-12-/trace.zip]]
]]>
</system-out>
</testcase>
<testcase name="Navegación › Nav — link Marcas debe navegar a /marcas" classname="navigation.spec.ts" time="1.422">
<system-out>
<![CDATA[
[[ATTACHMENT|navigation-Navegación-Nav--40089-arcas-debe-navegar-a-marcas-Mobile-Safari-iPhone-12-/test-finished-1.png]]

[[ATTACHMENT|navigation-Navegación-Nav--40089-arcas-debe-navegar-a-marcas-Mobile-Safari-iPhone-12-/video.webm]]

[[ATTACHMENT|navigation-Navegación-Nav--40089-arcas-debe-navegar-a-marcas-Mobile-Safari-iPhone-12-/trace.zip]]
]]>
</system-out>
</testcase>
<testcase name="Navegación › Nav — link Nosotros debe navegar a /nosotros" classname="navigation.spec.ts" time="1.58">
<system-out>
<![CDATA[
[[ATTACHMENT|navigation-Navegación-Nav--265ce-ros-debe-navegar-a-nosotros-Mobile-Safari-iPhone-12-/test-finished-1.png]]

[[ATTACHMENT|navigation-Navegación-Nav--265ce-ros-debe-navegar-a-nosotros-Mobile-Safari-iPhone-12-/video.webm]]

[[ATTACHMENT|navigation-Navegación-Nav--265ce-ros-debe-navegar-a-nosotros-Mobile-Safari-iPhone-12-/trace.zip]]
]]>
</system-out>
</testcase>
<testcase name="Navegación › Nav — link Contacto debe navegar a /contacto" classname="navigation.spec.ts" time="1.394">
<system-out>
<![CDATA[
[[ATTACHMENT|navigation-Navegación-Nav--6968f-cto-debe-navegar-a-contacto-Mobile-Safari-iPhone-12-/test-finished-1.png]]

[[ATTACHMENT|navigation-Navegación-Nav--6968f-cto-debe-navegar-a-contacto-Mobile-Safari-iPhone-12-/video.webm]]

[[ATTACHMENT|navigation-Navegación-Nav--6968f-cto-debe-navegar-a-contacto-Mobile-Safari-iPhone-12-/trace.zip]]
]]>
</system-out>
</testcase>
<testcase name="Navegación › Mobile — menú hamburguesa debe funcionar" classname="navigation.spec.ts" time="1.83">
<system-out>
<![CDATA[
[[ATTACHMENT|navigation-Navegación-Mobi-883a2--hamburguesa-debe-funcionar-Mobile-Safari-iPhone-12-/test-finished-1.png]]

[[ATTACHMENT|navigation-Navegación-Mobi-883a2--hamburguesa-debe-funcionar-Mobile-Safari-iPhone-12-/video.webm]]

[[ATTACHMENT|navigation-Navegación-Mobi-883a2--hamburguesa-debe-funcionar-Mobile-Safari-iPhone-12-/trace.zip]]
]]>
</system-out>
</testcase>
<testcase name="Navegación › Breadcrumbs — página de categoría debe tener breadcrumb" classname="navigation.spec.ts" time="0.757">
<system-out>
<![CDATA[
[[ATTACHMENT|navigation-Navegación-Brea-ab7f4-goría-debe-tener-breadcrumb-Mobile-Safari-iPhone-12-/test-finished-1.png]]

[[ATTACHMENT|navigation-Navegación-Brea-ab7f4-goría-debe-tener-breadcrumb-Mobile-Safari-iPhone-12-/video.webm]]

[[ATTACHMENT|navigation-Navegación-Brea-ab7f4-goría-debe-tener-breadcrumb-Mobile-Safari-iPhone-12-/trace.zip]]
]]>
</system-out>
</testcase>
<testcase name="Navegación › Ruta inexistente debe mostrar página 404" classname="navigation.spec.ts" time="0.774">
<system-out>
<![CDATA[
[[ATTACHMENT|navigation-Navegación-Ruta-dc09e-nte-debe-mostrar-página-404-Mobile-Safari-iPhone-12-/test-finished-1.png]]

[[ATTACHMENT|navigation-Navegación-Ruta-dc09e-nte-debe-mostrar-página-404-Mobile-Safari-iPhone-12-/video.webm]]

[[ATTACHMENT|navigation-Navegación-Ruta-dc09e-nte-debe-mostrar-página-404-Mobile-Safari-iPhone-12-/trace.zip]]
]]>
</system-out>
</testcase>
</testsuite>
<testsuite name="products.spec.ts" timestamp="2026-06-11T23:03:29.627Z" hostname="Mobile Safari (iPhone 12)" tests="28" failures="0" skipped="0" time="18.129" errors="0">
<testcase name="Página de Productos — /productos › debe cargar con status 200" classname="products.spec.ts" time="0.807">
<system-out>
<![CDATA[
[[ATTACHMENT|products-Página-de-Product-1de92--debe-cargar-con-status-200-Mobile-Safari-iPhone-12-/test-finished-1.png]]

[[ATTACHMENT|products-Página-de-Product-1de92--debe-cargar-con-status-200-Mobile-Safari-iPhone-12-/video.webm]]

[[ATTACHMENT|products-Página-de-Product-1de92--debe-cargar-con-status-200-Mobile-Safari-iPhone-12-/trace.zip]]
]]>
</system-out>
</testcase>
<testcase name="Página de Productos — /productos › debe mostrar el título de la página" classname="products.spec.ts" time="0.862">
<system-out>
<![CDATA[
[[ATTACHMENT|products-Página-de-Product-a6f7e-trar-el-título-de-la-página-Mobile-Safari-iPhone-12-/test-finished-1.png]]

[[ATTACHMENT|products-Página-de-Product-a6f7e-trar-el-título-de-la-página-Mobile-Safari-iPhone-12-/video.webm]]

[[ATTACHMENT|products-Página-de-Product-a6f7e-trar-el-título-de-la-página-Mobile-Safari-iPhone-12-/trace.zip]]
]]>
</system-out>
</testcase>
<testcase name="Página de Productos — /productos › debe mostrar las 6 categorías como links" classname="products.spec.ts" time="1.013">
<system-out>
<![CDATA[
[[ATTACHMENT|products-Página-de-Product-5cac1-las-6-categorías-como-links-Mobile-Safari-iPhone-12-/test-finished-1.png]]

[[ATTACHMENT|products-Página-de-Product-5cac1-las-6-categorías-como-links-Mobile-Safari-iPhone-12-/video.webm]]

[[ATTACHMENT|products-Página-de-Product-5cac1-las-6-categorías-como-links-Mobile-Safari-iPhone-12-/trace.zip]]
]]>
</system-out>
</testcase>
<testcase name="Página de Productos — /productos › debe tener CTA de WhatsApp para consultas" classname="products.spec.ts" time="0.873">
<system-out>
<![CDATA[
[[ATTACHMENT|products-Página-de-Product-9bbbd--de-WhatsApp-para-consultas-Mobile-Safari-iPhone-12-/test-finished-1.png]]

[[ATTACHMENT|products-Página-de-Product-9bbbd--de-WhatsApp-para-consultas-Mobile-Safari-iPhone-12-/video.webm]]

[[ATTACHMENT|products-Página-de-Product-9bbbd--de-WhatsApp-para-consultas-Mobile-Safari-iPhone-12-/trace.zip]]
]]>
</system-out>
</testcase>
<testcase name="Páginas de categoría — /productos/[categoria] › /productos/herramienta-manual — debe cargar correctamente" classname="products.spec.ts" time="0.534">
<system-out>
<![CDATA[
[[ATTACHMENT|products-Páginas-de-catego-e643a-—-debe-cargar-correctamente-Mobile-Safari-iPhone-12-/test-finished-1.png]]

[[ATTACHMENT|products-Páginas-de-catego-e643a-—-debe-cargar-correctamente-Mobile-Safari-iPhone-12-/video.webm]]

[[ATTACHMENT|products-Páginas-de-catego-e643a-—-debe-cargar-correctamente-Mobile-Safari-iPhone-12-/trace.zip]]
]]>
</system-out>
</testcase>
<testcase name="Páginas de categoría — /productos/[categoria] › /productos/herramienta-manual — debe mostrar el nombre de la categoría" classname="products.spec.ts" time="0.627">
<system-out>
<![CDATA[
[[ATTACHMENT|products-Páginas-de-catego-d065c-r-el-nombre-de-la-categoría-Mobile-Safari-iPhone-12-/test-finished-1.png]]

[[ATTACHMENT|products-Páginas-de-catego-d065c-r-el-nombre-de-la-categoría-Mobile-Safari-iPhone-12-/video.webm]]

[[ATTACHMENT|products-Páginas-de-catego-d065c-r-el-nombre-de-la-categoría-Mobile-Safari-iPhone-12-/trace.zip]]
]]>
</system-out>
</testcase>
<testcase name="Páginas de categoría — /productos/[categoria] › /productos/herramienta-manual — debe tener breadcrumb con link a /productos" classname="products.spec.ts" time="0.643">
<system-out>
<![CDATA[
[[ATTACHMENT|products-Páginas-de-catego-82f84-dcrumb-con-link-a-productos-Mobile-Safari-iPhone-12-/test-finished-1.png]]

[[ATTACHMENT|products-Páginas-de-catego-82f84-dcrumb-con-link-a-productos-Mobile-Safari-iPhone-12-/video.webm]]

[[ATTACHMENT|products-Páginas-de-catego-82f84-dcrumb-con-link-a-productos-Mobile-Safari-iPhone-12-/trace.zip]]
]]>
</system-out>
</testcase>
<testcase name="Páginas de categoría — /productos/[categoria] › /productos/herramienta-manual — debe tener al menos 1 CTA de WhatsApp" classname="products.spec.ts" time="0.592">
<system-out>
<![CDATA[
[[ATTACHMENT|products-Páginas-de-catego-628f5--al-menos-1-CTA-de-WhatsApp-Mobile-Safari-iPhone-12-/test-finished-1.png]]

[[ATTACHMENT|products-Páginas-de-catego-628f5--al-menos-1-CTA-de-WhatsApp-Mobile-Safari-iPhone-12-/video.webm]]

[[ATTACHMENT|products-Páginas-de-catego-628f5--al-menos-1-CTA-de-WhatsApp-Mobile-Safari-iPhone-12-/trace.zip]]
]]>
</system-out>
</testcase>
<testcase name="Páginas de categoría — /productos/[categoria] › /productos/herramienta-electrica — debe cargar correctamente" classname="products.spec.ts" time="0.338">
<system-out>
<![CDATA[
[[ATTACHMENT|products-Páginas-de-catego-78a6d-—-debe-cargar-correctamente-Mobile-Safari-iPhone-12-/test-finished-1.png]]

[[ATTACHMENT|products-Páginas-de-catego-78a6d-—-debe-cargar-correctamente-Mobile-Safari-iPhone-12-/video.webm]]

[[ATTACHMENT|products-Páginas-de-catego-78a6d-—-debe-cargar-correctamente-Mobile-Safari-iPhone-12-/trace.zip]]
]]>
</system-out>
</testcase>
<testcase name="Páginas de categoría — /productos/[categoria] › /productos/herramienta-electrica — debe mostrar el nombre de la categoría" classname="products.spec.ts" time="0.632">
<system-out>
<![CDATA[
[[ATTACHMENT|products-Páginas-de-catego-d6ed1-r-el-nombre-de-la-categoría-Mobile-Safari-iPhone-12-/test-finished-1.png]]

[[ATTACHMENT|products-Páginas-de-catego-d6ed1-r-el-nombre-de-la-categoría-Mobile-Safari-iPhone-12-/video.webm]]

[[ATTACHMENT|products-Páginas-de-catego-d6ed1-r-el-nombre-de-la-categoría-Mobile-Safari-iPhone-12-/trace.zip]]
]]>
</system-out>
</testcase>
<testcase name="Páginas de categoría — /productos/[categoria] › /productos/herramienta-electrica — debe tener breadcrumb con link a /productos" classname="products.spec.ts" time="0.845">
<system-out>
<![CDATA[
[[ATTACHMENT|products-Páginas-de-catego-18e44-dcrumb-con-link-a-productos-Mobile-Safari-iPhone-12-/test-finished-1.png]]

[[ATTACHMENT|products-Páginas-de-catego-18e44-dcrumb-con-link-a-productos-Mobile-Safari-iPhone-12-/video.webm]]

[[ATTACHMENT|products-Páginas-de-catego-18e44-dcrumb-con-link-a-productos-Mobile-Safari-iPhone-12-/trace.zip]]
]]>
</system-out>
</testcase>
<testcase name="Páginas de categoría — /productos/[categoria] › /productos/herramienta-electrica — debe tener al menos 1 CTA de WhatsApp" classname="products.spec.ts" time="1.183">
<system-out>
<![CDATA[
[[ATTACHMENT|products-Páginas-de-catego-9ae2b--al-menos-1-CTA-de-WhatsApp-Mobile-Safari-iPhone-12-/test-finished-1.png]]

[[ATTACHMENT|products-Páginas-de-catego-9ae2b--al-menos-1-CTA-de-WhatsApp-Mobile-Safari-iPhone-12-/video.webm]]

[[ATTACHMENT|products-Páginas-de-catego-9ae2b--al-menos-1-CTA-de-WhatsApp-Mobile-Safari-iPhone-12-/trace.zip]]
]]>
</system-out>
</testcase>
<testcase name="Páginas de categoría — /productos/[categoria] › /productos/tuberia-pvc — debe cargar correctamente" classname="products.spec.ts" time="0.78">
<system-out>
<![CDATA[
[[ATTACHMENT|products-Páginas-de-catego-9a032-—-debe-cargar-correctamente-Mobile-Safari-iPhone-12-/test-finished-1.png]]

[[ATTACHMENT|products-Páginas-de-catego-9a032-—-debe-cargar-correctamente-Mobile-Safari-iPhone-12-/video.webm]]

[[ATTACHMENT|products-Páginas-de-catego-9a032-—-debe-cargar-correctamente-Mobile-Safari-iPhone-12-/trace.zip]]
]]>
</system-out>
</testcase>
<testcase name="Páginas de categoría — /productos/[categoria] › /productos/tuberia-pvc — debe mostrar el nombre de la categoría" classname="products.spec.ts" time="0.666">
<system-out>
<![CDATA[
[[ATTACHMENT|products-Páginas-de-catego-69bb7-r-el-nombre-de-la-categoría-Mobile-Safari-iPhone-12-/test-finished-1.png]]

[[ATTACHMENT|products-Páginas-de-catego-69bb7-r-el-nombre-de-la-categoría-Mobile-Safari-iPhone-12-/video.webm]]

[[ATTACHMENT|products-Páginas-de-catego-69bb7-r-el-nombre-de-la-categoría-Mobile-Safari-iPhone-12-/trace.zip]]
]]>
</system-out>
</testcase>
<testcase name="Páginas de categoría — /productos/[categoria] › /productos/tuberia-pvc — debe tener breadcrumb con link a /productos" classname="products.spec.ts" time="0.564">
<system-out>
<![CDATA[
[[ATTACHMENT|products-Páginas-de-catego-5162c-dcrumb-con-link-a-productos-Mobile-Safari-iPhone-12-/test-finished-1.png]]

[[ATTACHMENT|products-Páginas-de-catego-5162c-dcrumb-con-link-a-productos-Mobile-Safari-iPhone-12-/video.webm]]

[[ATTACHMENT|products-Páginas-de-catego-5162c-dcrumb-con-link-a-productos-Mobile-Safari-iPhone-12-/trace.zip]]
]]>
</system-out>
</testcase>
<testcase name="Páginas de categoría — /productos/[categoria] › /productos/tuberia-pvc — debe tener al menos 1 CTA de WhatsApp" classname="products.spec.ts" time="0.634">
<system-out>
<![CDATA[
[[ATTACHMENT|products-Páginas-de-catego-ec74c--al-menos-1-CTA-de-WhatsApp-Mobile-Safari-iPhone-12-/test-finished-1.png]]

[[ATTACHMENT|products-Páginas-de-catego-ec74c--al-menos-1-CTA-de-WhatsApp-Mobile-Safari-iPhone-12-/video.webm]]

[[ATTACHMENT|products-Páginas-de-catego-ec74c--al-menos-1-CTA-de-WhatsApp-Mobile-Safari-iPhone-12-/trace.zip]]
]]>
</system-out>
</testcase>
<testcase name="Páginas de categoría — /productos/[categoria] › /productos/seguridad-industrial — debe cargar correctamente" classname="products.spec.ts" time="0.319">
<system-out>
<![CDATA[
[[ATTACHMENT|products-Páginas-de-catego-fdde9-—-debe-cargar-correctamente-Mobile-Safari-iPhone-12-/test-finished-1.png]]

[[ATTACHMENT|products-Páginas-de-catego-fdde9-—-debe-cargar-correctamente-Mobile-Safari-iPhone-12-/video.webm]]

[[ATTACHMENT|products-Páginas-de-catego-fdde9-—-debe-cargar-correctamente-Mobile-Safari-iPhone-12-/trace.zip]]
]]>
</system-out>
</testcase>
<testcase name="Páginas de categoría — /productos/[categoria] › /productos/seguridad-industrial — debe mostrar el nombre de la categoría" classname="products.spec.ts" time="0.606">
<system-out>
<![CDATA[
[[ATTACHMENT|products-Páginas-de-catego-bef3a-r-el-nombre-de-la-categoría-Mobile-Safari-iPhone-12-/test-finished-1.png]]

[[ATTACHMENT|products-Páginas-de-catego-bef3a-r-el-nombre-de-la-categoría-Mobile-Safari-iPhone-12-/video.webm]]

[[ATTACHMENT|products-Páginas-de-catego-bef3a-r-el-nombre-de-la-categoría-Mobile-Safari-iPhone-12-/trace.zip]]
]]>
</system-out>
</testcase>
<testcase name="Páginas de categoría — /productos/[categoria] › /productos/seguridad-industrial — debe tener breadcrumb con link a /productos" classname="products.spec.ts" time="0.634">
<system-out>
<![CDATA[
[[ATTACHMENT|products-Páginas-de-catego-e1ced-dcrumb-con-link-a-productos-Mobile-Safari-iPhone-12-/test-finished-1.png]]

[[ATTACHMENT|products-Páginas-de-catego-e1ced-dcrumb-con-link-a-productos-Mobile-Safari-iPhone-12-/video.webm]]

[[ATTACHMENT|products-Páginas-de-catego-e1ced-dcrumb-con-link-a-productos-Mobile-Safari-iPhone-12-/trace.zip]]
]]>
</system-out>
</testcase>
<testcase name="Páginas de categoría — /productos/[categoria] › /productos/seguridad-industrial — debe tener al menos 1 CTA de WhatsApp" classname="products.spec.ts" time="0.663">
<system-out>
<![CDATA[
[[ATTACHMENT|products-Páginas-de-catego-33cfc--al-menos-1-CTA-de-WhatsApp-Mobile-Safari-iPhone-12-/test-finished-1.png]]

[[ATTACHMENT|products-Páginas-de-catego-33cfc--al-menos-1-CTA-de-WhatsApp-Mobile-Safari-iPhone-12-/video.webm]]

[[ATTACHMENT|products-Páginas-de-catego-33cfc--al-menos-1-CTA-de-WhatsApp-Mobile-Safari-iPhone-12-/trace.zip]]
]]>
</system-out>
</testcase>
<testcase name="Páginas de categoría — /productos/[categoria] › /productos/pinturas — debe cargar correctamente" classname="products.spec.ts" time="0.378">
<system-out>
<![CDATA[
[[ATTACHMENT|products-Páginas-de-catego-421f5-—-debe-cargar-correctamente-Mobile-Safari-iPhone-12-/test-finished-1.png]]

[[ATTACHMENT|products-Páginas-de-catego-421f5-—-debe-cargar-correctamente-Mobile-Safari-iPhone-12-/video.webm]]

[[ATTACHMENT|products-Páginas-de-catego-421f5-—-debe-cargar-correctamente-Mobile-Safari-iPhone-12-/trace.zip]]
]]>
</system-out>
</testcase>
<testcase name="Páginas de categoría — /productos/[categoria] › /productos/pinturas — debe mostrar el nombre de la categoría" classname="products.spec.ts" time="0.627">
<system-out>
<![CDATA[
[[ATTACHMENT|products-Páginas-de-catego-78f5e-r-el-nombre-de-la-categoría-Mobile-Safari-iPhone-12-/test-finished-1.png]]

[[ATTACHMENT|products-Páginas-de-catego-78f5e-r-el-nombre-de-la-categoría-Mobile-Safari-iPhone-12-/video.webm]]

[[ATTACHMENT|products-Páginas-de-catego-78f5e-r-el-nombre-de-la-categoría-Mobile-Safari-iPhone-12-/trace.zip]]
]]>
</system-out>
</testcase>
<testcase name="Páginas de categoría — /productos/[categoria] › /productos/pinturas — debe tener breadcrumb con link a /productos" classname="products.spec.ts" time="0.663">
<system-out>
<![CDATA[
[[ATTACHMENT|products-Páginas-de-catego-0c7d6-dcrumb-con-link-a-productos-Mobile-Safari-iPhone-12-/test-finished-1.png]]

[[ATTACHMENT|products-Páginas-de-catego-0c7d6-dcrumb-con-link-a-productos-Mobile-Safari-iPhone-12-/video.webm]]

[[ATTACHMENT|products-Páginas-de-catego-0c7d6-dcrumb-con-link-a-productos-Mobile-Safari-iPhone-12-/trace.zip]]
]]>
</system-out>
</testcase>
<testcase name="Páginas de categoría — /productos/[categoria] › /productos/pinturas — debe tener al menos 1 CTA de WhatsApp" classname="products.spec.ts" time="0.595">
<system-out>
<![CDATA[
[[ATTACHMENT|products-Páginas-de-catego-3a854--al-menos-1-CTA-de-WhatsApp-Mobile-Safari-iPhone-12-/test-finished-1.png]]

[[ATTACHMENT|products-Páginas-de-catego-3a854--al-menos-1-CTA-de-WhatsApp-Mobile-Safari-iPhone-12-/video.webm]]

[[ATTACHMENT|products-Páginas-de-catego-3a854--al-menos-1-CTA-de-WhatsApp-Mobile-Safari-iPhone-12-/trace.zip]]
]]>
</system-out>
</testcase>
<testcase name="Páginas de categoría — /productos/[categoria] › /productos/materiales-construccion — debe cargar correctamente" classname="products.spec.ts" time="0.279">
<system-out>
<![CDATA[
[[ATTACHMENT|products-Páginas-de-catego-fb88e-—-debe-cargar-correctamente-Mobile-Safari-iPhone-12-/test-finished-1.png]]

[[ATTACHMENT|products-Páginas-de-catego-fb88e-—-debe-cargar-correctamente-Mobile-Safari-iPhone-12-/video.webm]]

[[ATTACHMENT|products-Páginas-de-catego-fb88e-—-debe-cargar-correctamente-Mobile-Safari-iPhone-12-/trace.zip]]
]]>
</system-out>
</testcase>
<testcase name="Páginas de categoría — /productos/[categoria] › /productos/materiales-construccion — debe mostrar el nombre de la categoría" classname="products.spec.ts" time="0.585">
<system-out>
<![CDATA[
[[ATTACHMENT|products-Páginas-de-catego-1fd43-r-el-nombre-de-la-categoría-Mobile-Safari-iPhone-12-/test-finished-1.png]]

[[ATTACHMENT|products-Páginas-de-catego-1fd43-r-el-nombre-de-la-categoría-Mobile-Safari-iPhone-12-/video.webm]]

[[ATTACHMENT|products-Páginas-de-catego-1fd43-r-el-nombre-de-la-categoría-Mobile-Safari-iPhone-12-/trace.zip]]
]]>
</system-out>
</testcase>
<testcase name="Páginas de categoría — /productos/[categoria] › /productos/materiales-construccion — debe tener breadcrumb con link a /productos" classname="products.spec.ts" time="0.605">
<system-out>
<![CDATA[
[[ATTACHMENT|products-Páginas-de-catego-c3535-dcrumb-con-link-a-productos-Mobile-Safari-iPhone-12-/test-finished-1.png]]

[[ATTACHMENT|products-Páginas-de-catego-c3535-dcrumb-con-link-a-productos-Mobile-Safari-iPhone-12-/video.webm]]

[[ATTACHMENT|products-Páginas-de-catego-c3535-dcrumb-con-link-a-productos-Mobile-Safari-iPhone-12-/trace.zip]]
]]>
</system-out>
</testcase>
<testcase name="Páginas de categoría — /productos/[categoria] › /productos/materiales-construccion — debe tener al menos 1 CTA de WhatsApp" classname="products.spec.ts" time="0.582">
<system-out>
<![CDATA[
[[ATTACHMENT|products-Páginas-de-catego-65807--al-menos-1-CTA-de-WhatsApp-Mobile-Safari-iPhone-12-/test-finished-1.png]]

[[ATTACHMENT|products-Páginas-de-catego-65807--al-menos-1-CTA-de-WhatsApp-Mobile-Safari-iPhone-12-/video.webm]]

[[ATTACHMENT|products-Páginas-de-catego-65807--al-menos-1-CTA-de-WhatsApp-Mobile-Safari-iPhone-12-/trace.zip]]
]]>
</system-out>
</testcase>
</testsuite>
<testsuite name="seo.spec.ts" timestamp="2026-06-11T23:03:29.627Z" hostname="Mobile Safari (iPhone 12)" tests="33" failures="0" skipped="0" time="24.831" errors="0">
<testcase name="SEO — Meta tags y estructura › Homepage (/) — debe tener &lt;title&gt;" classname="seo.spec.ts" time="0.713">
<system-out>
<![CDATA[
[[ATTACHMENT|seo-SEO-—-Meta-tags-y-estr-c9c5f-omepage-—-debe-tener-title--Mobile-Safari-iPhone-12-/test-finished-1.png]]

[[ATTACHMENT|seo-SEO-—-Meta-tags-y-estr-c9c5f-omepage-—-debe-tener-title--Mobile-Safari-iPhone-12-/video.webm]]

[[ATTACHMENT|seo-SEO-—-Meta-tags-y-estr-c9c5f-omepage-—-debe-tener-title--Mobile-Safari-iPhone-12-/trace.zip]]
]]>
</system-out>
</testcase>
<testcase name="SEO — Meta tags y estructura › Homepage (/) — debe tener meta description" classname="seo.spec.ts" time="0.743">
<system-out>
<![CDATA[
[[ATTACHMENT|seo-SEO-—-Meta-tags-y-estr-310c0-debe-tener-meta-description-Mobile-Safari-iPhone-12-/test-finished-1.png]]

[[ATTACHMENT|seo-SEO-—-Meta-tags-y-estr-310c0-debe-tener-meta-description-Mobile-Safari-iPhone-12-/video.webm]]

[[ATTACHMENT|seo-SEO-—-Meta-tags-y-estr-310c0-debe-tener-meta-description-Mobile-Safari-iPhone-12-/trace.zip]]
]]>
</system-out>
</testcase>
<testcase name="SEO — Meta tags y estructura › Homepage (/) — debe tener un solo H1" classname="seo.spec.ts" time="0.723">
<system-out>
<![CDATA[
[[ATTACHMENT|seo-SEO-—-Meta-tags-y-estr-1108d-age-—-debe-tener-un-solo-H1-Mobile-Safari-iPhone-12-/test-finished-1.png]]

[[ATTACHMENT|seo-SEO-—-Meta-tags-y-estr-1108d-age-—-debe-tener-un-solo-H1-Mobile-Safari-iPhone-12-/video.webm]]

[[ATTACHMENT|seo-SEO-—-Meta-tags-y-estr-1108d-age-—-debe-tener-un-solo-H1-Mobile-Safari-iPhone-12-/trace.zip]]
]]>
</system-out>
</testcase>
<testcase name="SEO — Meta tags y estructura › Homepage (/) — debe tener canonical link" classname="seo.spec.ts" time="0.769">
<system-out>
<![CDATA[
[[ATTACHMENT|seo-SEO-—-Meta-tags-y-estr-3bb05-—-debe-tener-canonical-link-Mobile-Safari-iPhone-12-/test-finished-1.png]]

[[ATTACHMENT|seo-SEO-—-Meta-tags-y-estr-3bb05-—-debe-tener-canonical-link-Mobile-Safari-iPhone-12-/video.webm]]

[[ATTACHMENT|seo-SEO-—-Meta-tags-y-estr-3bb05-—-debe-tener-canonical-link-Mobile-Safari-iPhone-12-/trace.zip]]
]]>
</system-out>
</testcase>
<testcase name="SEO — Meta tags y estructura › Homepage (/) — debe tener og:title" classname="seo.spec.ts" time="0.784">
<system-out>
<![CDATA[
[[ATTACHMENT|seo-SEO-—-Meta-tags-y-estr-d6f5c-epage-—-debe-tener-og-title-Mobile-Safari-iPhone-12-/test-finished-1.png]]

[[ATTACHMENT|seo-SEO-—-Meta-tags-y-estr-d6f5c-epage-—-debe-tener-og-title-Mobile-Safari-iPhone-12-/video.webm]]

[[ATTACHMENT|seo-SEO-—-Meta-tags-y-estr-d6f5c-epage-—-debe-tener-og-title-Mobile-Safari-iPhone-12-/trace.zip]]
]]>
</system-out>
</testcase>
<testcase name="SEO — Meta tags y estructura › Productos (/productos) — debe tener &lt;title&gt;" classname="seo.spec.ts" time="0.709">
<system-out>
<![CDATA[
[[ATTACHMENT|seo-SEO-—-Meta-tags-y-estr-c88aa-oductos-—-debe-tener-title--Mobile-Safari-iPhone-12-/test-finished-1.png]]

[[ATTACHMENT|seo-SEO-—-Meta-tags-y-estr-c88aa-oductos-—-debe-tener-title--Mobile-Safari-iPhone-12-/video.webm]]

[[ATTACHMENT|seo-SEO-—-Meta-tags-y-estr-c88aa-oductos-—-debe-tener-title--Mobile-Safari-iPhone-12-/trace.zip]]
]]>
</system-out>
</testcase>
<testcase name="SEO — Meta tags y estructura › Productos (/productos) — debe tener meta description" classname="seo.spec.ts" time="0.691">
<system-out>
<![CDATA[
[[ATTACHMENT|seo-SEO-—-Meta-tags-y-estr-a47fe-debe-tener-meta-description-Mobile-Safari-iPhone-12-/test-finished-1.png]]

[[ATTACHMENT|seo-SEO-—-Meta-tags-y-estr-a47fe-debe-tener-meta-description-Mobile-Safari-iPhone-12-/video.webm]]

[[ATTACHMENT|seo-SEO-—-Meta-tags-y-estr-a47fe-debe-tener-meta-description-Mobile-Safari-iPhone-12-/trace.zip]]
]]>
</system-out>
</testcase>
<testcase name="SEO — Meta tags y estructura › Productos (/productos) — debe tener un solo H1" classname="seo.spec.ts" time="0.728">
<system-out>
<![CDATA[
[[ATTACHMENT|seo-SEO-—-Meta-tags-y-estr-6bf13-tos-—-debe-tener-un-solo-H1-Mobile-Safari-iPhone-12-/test-finished-1.png]]

[[ATTACHMENT|seo-SEO-—-Meta-tags-y-estr-6bf13-tos-—-debe-tener-un-solo-H1-Mobile-Safari-iPhone-12-/video.webm]]

[[ATTACHMENT|seo-SEO-—-Meta-tags-y-estr-6bf13-tos-—-debe-tener-un-solo-H1-Mobile-Safari-iPhone-12-/trace.zip]]
]]>
</system-out>
</testcase>
<testcase name="SEO — Meta tags y estructura › Productos (/productos) — debe tener canonical link" classname="seo.spec.ts" time="0.844">
<system-out>
<![CDATA[
[[ATTACHMENT|seo-SEO-—-Meta-tags-y-estr-c5d5b-—-debe-tener-canonical-link-Mobile-Safari-iPhone-12-/test-finished-1.png]]

[[ATTACHMENT|seo-SEO-—-Meta-tags-y-estr-c5d5b-—-debe-tener-canonical-link-Mobile-Safari-iPhone-12-/video.webm]]

[[ATTACHMENT|seo-SEO-—-Meta-tags-y-estr-c5d5b-—-debe-tener-canonical-link-Mobile-Safari-iPhone-12-/trace.zip]]
]]>
</system-out>
</testcase>
<testcase name="SEO — Meta tags y estructura › Productos (/productos) — debe tener og:title" classname="seo.spec.ts" time="0.818">
<system-out>
<![CDATA[
[[ATTACHMENT|seo-SEO-—-Meta-tags-y-estr-40104-uctos-—-debe-tener-og-title-Mobile-Safari-iPhone-12-/test-finished-1.png]]

[[ATTACHMENT|seo-SEO-—-Meta-tags-y-estr-40104-uctos-—-debe-tener-og-title-Mobile-Safari-iPhone-12-/video.webm]]

[[ATTACHMENT|seo-SEO-—-Meta-tags-y-estr-40104-uctos-—-debe-tener-og-title-Mobile-Safari-iPhone-12-/trace.zip]]
]]>
</system-out>
</testcase>
<testcase name="SEO — Meta tags y estructura › Herramienta Manual (/productos/herramienta-manual) — debe tener &lt;title&gt;" classname="seo.spec.ts" time="0.787">
<system-out>
<![CDATA[
[[ATTACHMENT|seo-SEO-—-Meta-tags-y-estr-6faec--manual-—-debe-tener-title--Mobile-Safari-iPhone-12-/test-finished-1.png]]

[[ATTACHMENT|seo-SEO-—-Meta-tags-y-estr-6faec--manual-—-debe-tener-title--Mobile-Safari-iPhone-12-/video.webm]]

[[ATTACHMENT|seo-SEO-—-Meta-tags-y-estr-6faec--manual-—-debe-tener-title--Mobile-Safari-iPhone-12-/trace.zip]]
]]>
</system-out>
</testcase>
<testcase name="SEO — Meta tags y estructura › Herramienta Manual (/productos/herramienta-manual) — debe tener meta description" classname="seo.spec.ts" time="0.633">
<system-out>
<![CDATA[
[[ATTACHMENT|seo-SEO-—-Meta-tags-y-estr-43002-debe-tener-meta-description-Mobile-Safari-iPhone-12-/test-finished-1.png]]

[[ATTACHMENT|seo-SEO-—-Meta-tags-y-estr-43002-debe-tener-meta-description-Mobile-Safari-iPhone-12-/video.webm]]

[[ATTACHMENT|seo-SEO-—-Meta-tags-y-estr-43002-debe-tener-meta-description-Mobile-Safari-iPhone-12-/trace.zip]]
]]>
</system-out>
</testcase>
<testcase name="SEO — Meta tags y estructura › Herramienta Manual (/productos/herramienta-manual) — debe tener un solo H1" classname="seo.spec.ts" time="0.674">
<system-out>
<![CDATA[
[[ATTACHMENT|seo-SEO-—-Meta-tags-y-estr-346a8-ual-—-debe-tener-un-solo-H1-Mobile-Safari-iPhone-12-/test-finished-1.png]]

[[ATTACHMENT|seo-SEO-—-Meta-tags-y-estr-346a8-ual-—-debe-tener-un-solo-H1-Mobile-Safari-iPhone-12-/video.webm]]

[[ATTACHMENT|seo-SEO-—-Meta-tags-y-estr-346a8-ual-—-debe-tener-un-solo-H1-Mobile-Safari-iPhone-12-/trace.zip]]
]]>
</system-out>
</testcase>
<testcase name="SEO — Meta tags y estructura › Herramienta Manual (/productos/herramienta-manual) — debe tener canonical link" classname="seo.spec.ts" time="0.606">
<system-out>
<![CDATA[
[[ATTACHMENT|seo-SEO-—-Meta-tags-y-estr-b04ba-—-debe-tener-canonical-link-Mobile-Safari-iPhone-12-/test-finished-1.png]]

[[ATTACHMENT|seo-SEO-—-Meta-tags-y-estr-b04ba-—-debe-tener-canonical-link-Mobile-Safari-iPhone-12-/video.webm]]

[[ATTACHMENT|seo-SEO-—-Meta-tags-y-estr-b04ba-—-debe-tener-canonical-link-Mobile-Safari-iPhone-12-/trace.zip]]
]]>
</system-out>
</testcase>
<testcase name="SEO — Meta tags y estructura › Herramienta Manual (/productos/herramienta-manual) — debe tener og:title" classname="seo.spec.ts" time="0.674">
<system-out>
<![CDATA[
[[ATTACHMENT|seo-SEO-—-Meta-tags-y-estr-73597-anual-—-debe-tener-og-title-Mobile-Safari-iPhone-12-/test-finished-1.png]]

[[ATTACHMENT|seo-SEO-—-Meta-tags-y-estr-73597-anual-—-debe-tener-og-title-Mobile-Safari-iPhone-12-/video.webm]]

[[ATTACHMENT|seo-SEO-—-Meta-tags-y-estr-73597-anual-—-debe-tener-og-title-Mobile-Safari-iPhone-12-/trace.zip]]
]]>
</system-out>
</testcase>
<testcase name="SEO — Meta tags y estructura › Marcas (/marcas) — debe tener &lt;title&gt;" classname="seo.spec.ts" time="0.746">
<system-out>
<![CDATA[
[[ATTACHMENT|seo-SEO-—-Meta-tags-y-estr-06049--marcas-—-debe-tener-title--Mobile-Safari-iPhone-12-/test-finished-1.png]]

[[ATTACHMENT|seo-SEO-—-Meta-tags-y-estr-06049--marcas-—-debe-tener-title--Mobile-Safari-iPhone-12-/video.webm]]

[[ATTACHMENT|seo-SEO-—-Meta-tags-y-estr-06049--marcas-—-debe-tener-title--Mobile-Safari-iPhone-12-/trace.zip]]
]]>
</system-out>
</testcase>
<testcase name="SEO — Meta tags y estructura › Marcas (/marcas) — debe tener meta description" classname="seo.spec.ts" time="0.784">
<system-out>
<![CDATA[
[[ATTACHMENT|seo-SEO-—-Meta-tags-y-estr-80ebf-debe-tener-meta-description-Mobile-Safari-iPhone-12-/test-finished-1.png]]

[[ATTACHMENT|seo-SEO-—-Meta-tags-y-estr-80ebf-debe-tener-meta-description-Mobile-Safari-iPhone-12-/video.webm]]

[[ATTACHMENT|seo-SEO-—-Meta-tags-y-estr-80ebf-debe-tener-meta-description-Mobile-Safari-iPhone-12-/trace.zip]]
]]>
</system-out>
</testcase>
<testcase name="SEO — Meta tags y estructura › Marcas (/marcas) — debe tener un solo H1" classname="seo.spec.ts" time="0.947">
<system-out>
<![CDATA[
[[ATTACHMENT|seo-SEO-—-Meta-tags-y-estr-9d335-cas-—-debe-tener-un-solo-H1-Mobile-Safari-iPhone-12-/test-finished-1.png]]

[[ATTACHMENT|seo-SEO-—-Meta-tags-y-estr-9d335-cas-—-debe-tener-un-solo-H1-Mobile-Safari-iPhone-12-/video.webm]]

[[ATTACHMENT|seo-SEO-—-Meta-tags-y-estr-9d335-cas-—-debe-tener-un-solo-H1-Mobile-Safari-iPhone-12-/trace.zip]]
]]>
</system-out>
</testcase>
<testcase name="SEO — Meta tags y estructura › Marcas (/marcas) — debe tener canonical link" classname="seo.spec.ts" time="0.973">
<system-out>
<![CDATA[
[[ATTACHMENT|seo-SEO-—-Meta-tags-y-estr-2788a-—-debe-tener-canonical-link-Mobile-Safari-iPhone-12-/test-finished-1.png]]

[[ATTACHMENT|seo-SEO-—-Meta-tags-y-estr-2788a-—-debe-tener-canonical-link-Mobile-Safari-iPhone-12-/video.webm]]

[[ATTACHMENT|seo-SEO-—-Meta-tags-y-estr-2788a-—-debe-tener-canonical-link-Mobile-Safari-iPhone-12-/trace.zip]]
]]>
</system-out>
</testcase>
<testcase name="SEO — Meta tags y estructura › Marcas (/marcas) — debe tener og:title" classname="seo.spec.ts" time="0.954">
<system-out>
<![CDATA[
[[ATTACHMENT|seo-SEO-—-Meta-tags-y-estr-09351-arcas-—-debe-tener-og-title-Mobile-Safari-iPhone-12-/test-finished-1.png]]

[[ATTACHMENT|seo-SEO-—-Meta-tags-y-estr-09351-arcas-—-debe-tener-og-title-Mobile-Safari-iPhone-12-/video.webm]]

[[ATTACHMENT|seo-SEO-—-Meta-tags-y-estr-09351-arcas-—-debe-tener-og-title-Mobile-Safari-iPhone-12-/trace.zip]]
]]>
</system-out>
</testcase>
<testcase name="SEO — Meta tags y estructura › Nosotros (/nosotros) — debe tener &lt;title&gt;" classname="seo.spec.ts" time="0.704">
<system-out>
<![CDATA[
[[ATTACHMENT|seo-SEO-—-Meta-tags-y-estr-d7f2f-osotros-—-debe-tener-title--Mobile-Safari-iPhone-12-/test-finished-1.png]]

[[ATTACHMENT|seo-SEO-—-Meta-tags-y-estr-d7f2f-osotros-—-debe-tener-title--Mobile-Safari-iPhone-12-/video.webm]]

[[ATTACHMENT|seo-SEO-—-Meta-tags-y-estr-d7f2f-osotros-—-debe-tener-title--Mobile-Safari-iPhone-12-/trace.zip]]
]]>
</system-out>
</testcase>
<testcase name="SEO — Meta tags y estructura › Nosotros (/nosotros) — debe tener meta description" classname="seo.spec.ts" time="0.686">
<system-out>
<![CDATA[
[[ATTACHMENT|seo-SEO-—-Meta-tags-y-estr-9975f-debe-tener-meta-description-Mobile-Safari-iPhone-12-/test-finished-1.png]]

[[ATTACHMENT|seo-SEO-—-Meta-tags-y-estr-9975f-debe-tener-meta-description-Mobile-Safari-iPhone-12-/video.webm]]

[[ATTACHMENT|seo-SEO-—-Meta-tags-y-estr-9975f-debe-tener-meta-description-Mobile-Safari-iPhone-12-/trace.zip]]
]]>
</system-out>
</testcase>
<testcase name="SEO — Meta tags y estructura › Nosotros (/nosotros) — debe tener un solo H1" classname="seo.spec.ts" time="0.631">
<system-out>
<![CDATA[
[[ATTACHMENT|seo-SEO-—-Meta-tags-y-estr-c76f8-ros-—-debe-tener-un-solo-H1-Mobile-Safari-iPhone-12-/test-finished-1.png]]

[[ATTACHMENT|seo-SEO-—-Meta-tags-y-estr-c76f8-ros-—-debe-tener-un-solo-H1-Mobile-Safari-iPhone-12-/video.webm]]

[[ATTACHMENT|seo-SEO-—-Meta-tags-y-estr-c76f8-ros-—-debe-tener-un-solo-H1-Mobile-Safari-iPhone-12-/trace.zip]]
]]>
</system-out>
</testcase>
<testcase name="SEO — Meta tags y estructura › Nosotros (/nosotros) — debe tener canonical link" classname="seo.spec.ts" time="0.717">
<system-out>
<![CDATA[
[[ATTACHMENT|seo-SEO-—-Meta-tags-y-estr-e2745-—-debe-tener-canonical-link-Mobile-Safari-iPhone-12-/test-finished-1.png]]

[[ATTACHMENT|seo-SEO-—-Meta-tags-y-estr-e2745-—-debe-tener-canonical-link-Mobile-Safari-iPhone-12-/video.webm]]

[[ATTACHMENT|seo-SEO-—-Meta-tags-y-estr-e2745-—-debe-tener-canonical-link-Mobile-Safari-iPhone-12-/trace.zip]]
]]>
</system-out>
</testcase>
<testcase name="SEO — Meta tags y estructura › Nosotros (/nosotros) — debe tener og:title" classname="seo.spec.ts" time="0.695">
<system-out>
<![CDATA[
[[ATTACHMENT|seo-SEO-—-Meta-tags-y-estr-735c6-otros-—-debe-tener-og-title-Mobile-Safari-iPhone-12-/test-finished-1.png]]

[[ATTACHMENT|seo-SEO-—-Meta-tags-y-estr-735c6-otros-—-debe-tener-og-title-Mobile-Safari-iPhone-12-/video.webm]]

[[ATTACHMENT|seo-SEO-—-Meta-tags-y-estr-735c6-otros-—-debe-tener-og-title-Mobile-Safari-iPhone-12-/trace.zip]]
]]>
</system-out>
</testcase>
<testcase name="SEO — Meta tags y estructura › Contacto (/contacto) — debe tener &lt;title&gt;" classname="seo.spec.ts" time="0.644">
<system-out>
<![CDATA[
[[ATTACHMENT|seo-SEO-—-Meta-tags-y-estr-27bf1-ontacto-—-debe-tener-title--Mobile-Safari-iPhone-12-/test-finished-1.png]]

[[ATTACHMENT|seo-SEO-—-Meta-tags-y-estr-27bf1-ontacto-—-debe-tener-title--Mobile-Safari-iPhone-12-/video.webm]]

[[ATTACHMENT|seo-SEO-—-Meta-tags-y-estr-27bf1-ontacto-—-debe-tener-title--Mobile-Safari-iPhone-12-/trace.zip]]
]]>
</system-out>
</testcase>
<testcase name="SEO — Meta tags y estructura › Contacto (/contacto) — debe tener meta description" classname="seo.spec.ts" time="0.82">
<system-out>
<![CDATA[
[[ATTACHMENT|seo-SEO-—-Meta-tags-y-estr-d8f81-debe-tener-meta-description-Mobile-Safari-iPhone-12-/test-finished-1.png]]

[[ATTACHMENT|seo-SEO-—-Meta-tags-y-estr-d8f81-debe-tener-meta-description-Mobile-Safari-iPhone-12-/video.webm]]

[[ATTACHMENT|seo-SEO-—-Meta-tags-y-estr-d8f81-debe-tener-meta-description-Mobile-Safari-iPhone-12-/trace.zip]]
]]>
</system-out>
</testcase>
<testcase name="SEO — Meta tags y estructura › Contacto (/contacto) — debe tener un solo H1" classname="seo.spec.ts" time="0.81">
<system-out>
<![CDATA[
[[ATTACHMENT|seo-SEO-—-Meta-tags-y-estr-210c7-cto-—-debe-tener-un-solo-H1-Mobile-Safari-iPhone-12-/test-finished-1.png]]

[[ATTACHMENT|seo-SEO-—-Meta-tags-y-estr-210c7-cto-—-debe-tener-un-solo-H1-Mobile-Safari-iPhone-12-/video.webm]]

[[ATTACHMENT|seo-SEO-—-Meta-tags-y-estr-210c7-cto-—-debe-tener-un-solo-H1-Mobile-Safari-iPhone-12-/trace.zip]]
]]>
</system-out>
</testcase>
<testcase name="SEO — Meta tags y estructura › Contacto (/contacto) — debe tener canonical link" classname="seo.spec.ts" time="0.936">
<system-out>
<![CDATA[
[[ATTACHMENT|seo-SEO-—-Meta-tags-y-estr-642f2-—-debe-tener-canonical-link-Mobile-Safari-iPhone-12-/test-finished-1.png]]

[[ATTACHMENT|seo-SEO-—-Meta-tags-y-estr-642f2-—-debe-tener-canonical-link-Mobile-Safari-iPhone-12-/video.webm]]

[[ATTACHMENT|seo-SEO-—-Meta-tags-y-estr-642f2-—-debe-tener-canonical-link-Mobile-Safari-iPhone-12-/trace.zip]]
]]>
</system-out>
</testcase>
<testcase name="SEO — Meta tags y estructura › Contacto (/contacto) — debe tener og:title" classname="seo.spec.ts" time="0.873">
<system-out>
<![CDATA[
[[ATTACHMENT|seo-SEO-—-Meta-tags-y-estr-b27b6-tacto-—-debe-tener-og-title-Mobile-Safari-iPhone-12-/test-finished-1.png]]

[[ATTACHMENT|seo-SEO-—-Meta-tags-y-estr-b27b6-tacto-—-debe-tener-og-title-Mobile-Safari-iPhone-12-/video.webm]]

[[ATTACHMENT|seo-SEO-—-Meta-tags-y-estr-b27b6-tacto-—-debe-tener-og-title-Mobile-Safari-iPhone-12-/trace.zip]]
]]>
</system-out>
</testcase>
<testcase name="SEO — Meta tags y estructura › Homepage — Schema.org HardwareStore debe ser JSON válido" classname="seo.spec.ts" time="0.933">
<system-out>
<![CDATA[
[[ATTACHMENT|seo-SEO-—-Meta-tags-y-estr-7a1d9-eStore-debe-ser-JSON-válido-Mobile-Safari-iPhone-12-/test-finished-1.png]]

[[ATTACHMENT|seo-SEO-—-Meta-tags-y-estr-7a1d9-eStore-debe-ser-JSON-válido-Mobile-Safari-iPhone-12-/video.webm]]

[[ATTACHMENT|seo-SEO-—-Meta-tags-y-estr-7a1d9-eStore-debe-ser-JSON-válido-Mobile-Safari-iPhone-12-/trace.zip]]
]]>
</system-out>
</testcase>
<testcase name="SEO — Meta tags y estructura › Página 404 — debe tener noindex" classname="seo.spec.ts" time="0.712">
<system-out>
<![CDATA[
[[ATTACHMENT|seo-SEO-—-Meta-tags-y-estr-6a6c7-na-404-—-debe-tener-noindex-Mobile-Safari-iPhone-12-/test-finished-1.png]]

[[ATTACHMENT|seo-SEO-—-Meta-tags-y-estr-6a6c7-na-404-—-debe-tener-noindex-Mobile-Safari-iPhone-12-/video.webm]]

[[ATTACHMENT|seo-SEO-—-Meta-tags-y-estr-6a6c7-na-404-—-debe-tener-noindex-Mobile-Safari-iPhone-12-/trace.zip]]
]]>
</system-out>
</testcase>
<testcase name="SEO — Meta tags y estructura › Sitemap — debe existir y ser XML válido" classname="seo.spec.ts" time="0.37">
<system-out>
<![CDATA[
[[ATTACHMENT|seo-SEO-—-Meta-tags-y-estr-bf69f-be-existir-y-ser-XML-válido-Mobile-Safari-iPhone-12-/test-finished-1.png]]

[[ATTACHMENT|seo-SEO-—-Meta-tags-y-estr-bf69f-be-existir-y-ser-XML-válido-Mobile-Safari-iPhone-12-/video.webm]]

[[ATTACHMENT|seo-SEO-—-Meta-tags-y-estr-bf69f-be-existir-y-ser-XML-válido-Mobile-Safari-iPhone-12-/trace.zip]]
]]>
</system-out>
</testcase>
</testsuite>
</testsuites>